[2023-05-12T19:07:29.949+0000] {processor.py:156} INFO - Started process (PID=65) to work on /home/airflow/.local/lib/python3.7/site-packages/airflow/example_dags/example_dag_decorator.py
[2023-05-12T19:07:29.965+0000] {processor.py:799} INFO - Processing file /home/airflow/.local/lib/python3.7/site-packages/airflow/example_dags/example_dag_decorator.py for tasks to queue
[2023-05-12T19:07:29.981+0000] {logging_mixin.py:149} INFO - [2023-05-12T19:07:29.981+0000] {dagbag.py:541} INFO - Filling up the DagBag from /home/airflow/.local/lib/python3.7/site-packages/airflow/example_dags/example_dag_decorator.py
[2023-05-12T19:07:30.281+0000] {logging_mixin.py:149} INFO - [2023-05-12T19:07:30.280+0000] {taskmixin.py:211} WARNING - Dependency <Task(_PythonDecoratedOperator): prepare_email>, send_email already registered for DAG: example_dag_decorator
[2023-05-12T19:07:30.288+0000] {logging_mixin.py:149} INFO - [2023-05-12T19:07:30.288+0000] {taskmixin.py:211} WARNING - Dependency <Task(EmailOperator): send_email>, prepare_email already registered for DAG: example_dag_decorator
[2023-05-12T19:07:30.430+0000] {processor.py:809} INFO - DAG(s) dict_keys(['example_dag_decorator']) retrieved from /home/airflow/.local/lib/python3.7/site-packages/airflow/example_dags/example_dag_decorator.py
[2023-05-12T19:07:34.768+0000] {logging_mixin.py:149} INFO - [2023-05-12T19:07:34.768+0000] {manager.py:504} INFO - Created Permission View: can delete on DAG:example_dag_decorator
[2023-05-12T19:07:35.203+0000] {logging_mixin.py:149} INFO - [2023-05-12T19:07:35.202+0000] {manager.py:504} INFO - Created Permission View: can edit on DAG:example_dag_decorator
[2023-05-12T19:07:35.636+0000] {logging_mixin.py:149} INFO - [2023-05-12T19:07:35.636+0000] {manager.py:504} INFO - Created Permission View: can read on DAG:example_dag_decorator
[2023-05-12T19:07:35.638+0000] {logging_mixin.py:149} INFO - [2023-05-12T19:07:35.638+0000] {dag.py:2726} INFO - Sync 1 DAGs
[2023-05-12T19:07:35.685+0000] {logging_mixin.py:149} INFO - [2023-05-12T19:07:35.684+0000] {dag.py:2747} INFO - Creating ORM DAG for example_dag_decorator
[2023-05-12T19:07:35.775+0000] {logging_mixin.py:149} INFO - [2023-05-12T19:07:35.774+0000] {dag.py:3490} INFO - Setting next_dagrun for example_dag_decorator to None, run_after=None
[2023-05-12T19:07:36.079+0000] {processor.py:178} INFO - Processing /home/airflow/.local/lib/python3.7/site-packages/airflow/example_dags/example_dag_decorator.py took 6.226 seconds
[2023-05-12T19:08:32.704+0000] {processor.py:156} INFO - Started process (PID=129) to work on /home/airflow/.local/lib/python3.7/site-packages/airflow/example_dags/example_dag_decorator.py
[2023-05-12T19:08:32.707+0000] {processor.py:799} INFO - Processing file /home/airflow/.local/lib/python3.7/site-packages/airflow/example_dags/example_dag_decorator.py for tasks to queue
[2023-05-12T19:08:32.709+0000] {logging_mixin.py:149} INFO - [2023-05-12T19:08:32.709+0000] {dagbag.py:541} INFO - Filling up the DagBag from /home/airflow/.local/lib/python3.7/site-packages/airflow/example_dags/example_dag_decorator.py
[2023-05-12T19:08:32.729+0000] {logging_mixin.py:149} INFO - [2023-05-12T19:08:32.728+0000] {taskmixin.py:211} WARNING - Dependency <Task(_PythonDecoratedOperator): prepare_email>, send_email already registered for DAG: example_dag_decorator
[2023-05-12T19:08:32.730+0000] {logging_mixin.py:149} INFO - [2023-05-12T19:08:32.730+0000] {taskmixin.py:211} WARNING - Dependency <Task(EmailOperator): send_email>, prepare_email already registered for DAG: example_dag_decorator
[2023-05-12T19:08:32.756+0000] {processor.py:809} INFO - DAG(s) dict_keys(['example_dag_decorator']) retrieved from /home/airflow/.local/lib/python3.7/site-packages/airflow/example_dags/example_dag_decorator.py
[2023-05-12T19:08:32.980+0000] {logging_mixin.py:149} INFO - [2023-05-12T19:08:32.980+0000] {dag.py:2726} INFO - Sync 1 DAGs
[2023-05-12T19:08:33.062+0000] {logging_mixin.py:149} INFO - [2023-05-12T19:08:33.061+0000] {dag.py:3490} INFO - Setting next_dagrun for example_dag_decorator to None, run_after=None
[2023-05-12T19:08:33.238+0000] {processor.py:178} INFO - Processing /home/airflow/.local/lib/python3.7/site-packages/airflow/example_dags/example_dag_decorator.py took 0.541 seconds
[2023-05-12T19:09:07.527+0000] {processor.py:156} INFO - Started process (PID=174) to work on /home/airflow/.local/lib/python3.7/site-packages/airflow/example_dags/example_dag_decorator.py
[2023-05-12T19:09:07.529+0000] {processor.py:799} INFO - Processing file /home/airflow/.local/lib/python3.7/site-packages/airflow/example_dags/example_dag_decorator.py for tasks to queue
[2023-05-12T19:09:07.531+0000] {logging_mixin.py:149} INFO - [2023-05-12T19:09:07.531+0000] {dagbag.py:541} INFO - Filling up the DagBag from /home/airflow/.local/lib/python3.7/site-packages/airflow/example_dags/example_dag_decorator.py
[2023-05-12T19:09:07.554+0000] {logging_mixin.py:149} INFO - [2023-05-12T19:09:07.554+0000] {taskmixin.py:211} WARNING - Dependency <Task(_PythonDecoratedOperator): prepare_email>, send_email already registered for DAG: example_dag_decorator
[2023-05-12T19:09:07.556+0000] {logging_mixin.py:149} INFO - [2023-05-12T19:09:07.555+0000] {taskmixin.py:211} WARNING - Dependency <Task(EmailOperator): send_email>, prepare_email already registered for DAG: example_dag_decorator
[2023-05-12T19:09:07.582+0000] {processor.py:809} INFO - DAG(s) dict_keys(['example_dag_decorator']) retrieved from /home/airflow/.local/lib/python3.7/site-packages/airflow/example_dags/example_dag_decorator.py
[2023-05-12T19:09:07.763+0000] {logging_mixin.py:149} INFO - [2023-05-12T19:09:07.762+0000] {dag.py:2726} INFO - Sync 1 DAGs
[2023-05-12T19:09:07.840+0000] {logging_mixin.py:149} INFO - [2023-05-12T19:09:07.840+0000] {dag.py:3490} INFO - Setting next_dagrun for example_dag_decorator to None, run_after=None
[2023-05-12T19:09:07.995+0000] {processor.py:178} INFO - Processing /home/airflow/.local/lib/python3.7/site-packages/airflow/example_dags/example_dag_decorator.py took 0.478 seconds
[2023-05-12T19:09:41.684+0000] {processor.py:156} INFO - Started process (PID=231) to work on /home/airflow/.local/lib/python3.7/site-packages/airflow/example_dags/example_dag_decorator.py
[2023-05-12T19:09:41.687+0000] {processor.py:799} INFO - Processing file /home/airflow/.local/lib/python3.7/site-packages/airflow/example_dags/example_dag_decorator.py for tasks to queue
[2023-05-12T19:09:41.690+0000] {logging_mixin.py:149} INFO - [2023-05-12T19:09:41.689+0000] {dagbag.py:541} INFO - Filling up the DagBag from /home/airflow/.local/lib/python3.7/site-packages/airflow/example_dags/example_dag_decorator.py
[2023-05-12T19:09:41.718+0000] {logging_mixin.py:149} INFO - [2023-05-12T19:09:41.718+0000] {taskmixin.py:211} WARNING - Dependency <Task(_PythonDecoratedOperator): prepare_email>, send_email already registered for DAG: example_dag_decorator
[2023-05-12T19:09:41.722+0000] {logging_mixin.py:149} INFO - [2023-05-12T19:09:41.722+0000] {taskmixin.py:211} WARNING - Dependency <Task(EmailOperator): send_email>, prepare_email already registered for DAG: example_dag_decorator
[2023-05-12T19:09:41.750+0000] {processor.py:809} INFO - DAG(s) dict_keys(['example_dag_decorator']) retrieved from /home/airflow/.local/lib/python3.7/site-packages/airflow/example_dags/example_dag_decorator.py
[2023-05-12T19:09:41.928+0000] {logging_mixin.py:149} INFO - [2023-05-12T19:09:41.928+0000] {dag.py:2726} INFO - Sync 1 DAGs
[2023-05-12T19:09:41.983+0000] {logging_mixin.py:149} INFO - [2023-05-12T19:09:41.983+0000] {dag.py:3490} INFO - Setting next_dagrun for example_dag_decorator to None, run_after=None
[2023-05-12T19:09:42.191+0000] {processor.py:178} INFO - Processing /home/airflow/.local/lib/python3.7/site-packages/airflow/example_dags/example_dag_decorator.py took 0.519 seconds
[2023-05-12T19:10:14.040+0000] {processor.py:156} INFO - Started process (PID=288) to work on /home/airflow/.local/lib/python3.7/site-packages/airflow/example_dags/example_dag_decorator.py
[2023-05-12T19:10:14.048+0000] {processor.py:799} INFO - Processing file /home/airflow/.local/lib/python3.7/site-packages/airflow/example_dags/example_dag_decorator.py for tasks to queue
[2023-05-12T19:10:14.054+0000] {logging_mixin.py:149} INFO - [2023-05-12T19:10:14.054+0000] {dagbag.py:541} INFO - Filling up the DagBag from /home/airflow/.local/lib/python3.7/site-packages/airflow/example_dags/example_dag_decorator.py
[2023-05-12T19:10:14.093+0000] {logging_mixin.py:149} INFO - [2023-05-12T19:10:14.092+0000] {taskmixin.py:211} WARNING - Dependency <Task(_PythonDecoratedOperator): prepare_email>, send_email already registered for DAG: example_dag_decorator
[2023-05-12T19:10:14.095+0000] {logging_mixin.py:149} INFO - [2023-05-12T19:10:14.095+0000] {taskmixin.py:211} WARNING - Dependency <Task(EmailOperator): send_email>, prepare_email already registered for DAG: example_dag_decorator
[2023-05-12T19:10:14.135+0000] {processor.py:809} INFO - DAG(s) dict_keys(['example_dag_decorator']) retrieved from /home/airflow/.local/lib/python3.7/site-packages/airflow/example_dags/example_dag_decorator.py
[2023-05-12T19:10:14.487+0000] {logging_mixin.py:149} INFO - [2023-05-12T19:10:14.486+0000] {dag.py:2726} INFO - Sync 1 DAGs
[2023-05-12T19:10:14.592+0000] {logging_mixin.py:149} INFO - [2023-05-12T19:10:14.591+0000] {dag.py:3490} INFO - Setting next_dagrun for example_dag_decorator to None, run_after=None
[2023-05-12T19:10:14.712+0000] {processor.py:178} INFO - Processing /home/airflow/.local/lib/python3.7/site-packages/airflow/example_dags/example_dag_decorator.py took 0.699 seconds
[2023-05-12T19:10:46.233+0000] {processor.py:156} INFO - Started process (PID=345) to work on /home/airflow/.local/lib/python3.7/site-packages/airflow/example_dags/example_dag_decorator.py
[2023-05-12T19:10:46.237+0000] {processor.py:799} INFO - Processing file /home/airflow/.local/lib/python3.7/site-packages/airflow/example_dags/example_dag_decorator.py for tasks to queue
[2023-05-12T19:10:46.240+0000] {logging_mixin.py:149} INFO - [2023-05-12T19:10:46.240+0000] {dagbag.py:541} INFO - Filling up the DagBag from /home/airflow/.local/lib/python3.7/site-packages/airflow/example_dags/example_dag_decorator.py
[2023-05-12T19:10:46.271+0000] {logging_mixin.py:149} INFO - [2023-05-12T19:10:46.270+0000] {taskmixin.py:211} WARNING - Dependency <Task(_PythonDecoratedOperator): prepare_email>, send_email already registered for DAG: example_dag_decorator
[2023-05-12T19:10:46.273+0000] {logging_mixin.py:149} INFO - [2023-05-12T19:10:46.272+0000] {taskmixin.py:211} WARNING - Dependency <Task(EmailOperator): send_email>, prepare_email already registered for DAG: example_dag_decorator
[2023-05-12T19:10:46.313+0000] {processor.py:809} INFO - DAG(s) dict_keys(['example_dag_decorator']) retrieved from /home/airflow/.local/lib/python3.7/site-packages/airflow/example_dags/example_dag_decorator.py
[2023-05-12T19:10:46.605+0000] {logging_mixin.py:149} INFO - [2023-05-12T19:10:46.604+0000] {dag.py:2726} INFO - Sync 1 DAGs
[2023-05-12T19:10:46.717+0000] {logging_mixin.py:149} INFO - [2023-05-12T19:10:46.717+0000] {dag.py:3490} INFO - Setting next_dagrun for example_dag_decorator to None, run_after=None
[2023-05-12T19:10:46.838+0000] {processor.py:178} INFO - Processing /home/airflow/.local/lib/python3.7/site-packages/airflow/example_dags/example_dag_decorator.py took 0.628 seconds
[2023-05-12T19:11:19.203+0000] {processor.py:156} INFO - Started process (PID=402) to work on /home/airflow/.local/lib/python3.7/site-packages/airflow/example_dags/example_dag_decorator.py
[2023-05-12T19:11:19.214+0000] {processor.py:799} INFO - Processing file /home/airflow/.local/lib/python3.7/site-packages/airflow/example_dags/example_dag_decorator.py for tasks to queue
[2023-05-12T19:11:19.216+0000] {logging_mixin.py:149} INFO - [2023-05-12T19:11:19.216+0000] {dagbag.py:541} INFO - Filling up the DagBag from /home/airflow/.local/lib/python3.7/site-packages/airflow/example_dags/example_dag_decorator.py
[2023-05-12T19:11:19.238+0000] {logging_mixin.py:149} INFO - [2023-05-12T19:11:19.237+0000] {taskmixin.py:211} WARNING - Dependency <Task(_PythonDecoratedOperator): prepare_email>, send_email already registered for DAG: example_dag_decorator
[2023-05-12T19:11:19.242+0000] {logging_mixin.py:149} INFO - [2023-05-12T19:11:19.239+0000] {taskmixin.py:211} WARNING - Dependency <Task(EmailOperator): send_email>, prepare_email already registered for DAG: example_dag_decorator
[2023-05-12T19:11:19.266+0000] {processor.py:809} INFO - DAG(s) dict_keys(['example_dag_decorator']) retrieved from /home/airflow/.local/lib/python3.7/site-packages/airflow/example_dags/example_dag_decorator.py
[2023-05-12T19:11:19.482+0000] {logging_mixin.py:149} INFO - [2023-05-12T19:11:19.481+0000] {dag.py:2726} INFO - Sync 1 DAGs
[2023-05-12T19:11:19.547+0000] {logging_mixin.py:149} INFO - [2023-05-12T19:11:19.547+0000] {dag.py:3490} INFO - Setting next_dagrun for example_dag_decorator to None, run_after=None
[2023-05-12T19:11:19.679+0000] {processor.py:178} INFO - Processing /home/airflow/.local/lib/python3.7/site-packages/airflow/example_dags/example_dag_decorator.py took 0.490 seconds
[2023-05-12T19:11:49.933+0000] {processor.py:156} INFO - Started process (PID=453) to work on /home/airflow/.local/lib/python3.7/site-packages/airflow/example_dags/example_dag_decorator.py
[2023-05-12T19:11:49.937+0000] {processor.py:799} INFO - Processing file /home/airflow/.local/lib/python3.7/site-packages/airflow/example_dags/example_dag_decorator.py for tasks to queue
[2023-05-12T19:11:49.939+0000] {logging_mixin.py:149} INFO - [2023-05-12T19:11:49.939+0000] {dagbag.py:541} INFO - Filling up the DagBag from /home/airflow/.local/lib/python3.7/site-packages/airflow/example_dags/example_dag_decorator.py
[2023-05-12T19:11:49.955+0000] {logging_mixin.py:149} INFO - [2023-05-12T19:11:49.955+0000] {taskmixin.py:211} WARNING - Dependency <Task(_PythonDecoratedOperator): prepare_email>, send_email already registered for DAG: example_dag_decorator
[2023-05-12T19:11:49.957+0000] {logging_mixin.py:149} INFO - [2023-05-12T19:11:49.956+0000] {taskmixin.py:211} WARNING - Dependency <Task(EmailOperator): send_email>, prepare_email already registered for DAG: example_dag_decorator
[2023-05-12T19:11:49.979+0000] {processor.py:809} INFO - DAG(s) dict_keys(['example_dag_decorator']) retrieved from /home/airflow/.local/lib/python3.7/site-packages/airflow/example_dags/example_dag_decorator.py
[2023-05-12T19:11:50.280+0000] {logging_mixin.py:149} INFO - [2023-05-12T19:11:50.280+0000] {dag.py:2726} INFO - Sync 1 DAGs
[2023-05-12T19:11:50.435+0000] {logging_mixin.py:149} INFO - [2023-05-12T19:11:50.434+0000] {dag.py:3490} INFO - Setting next_dagrun for example_dag_decorator to None, run_after=None
[2023-05-12T19:11:50.748+0000] {processor.py:178} INFO - Processing /home/airflow/.local/lib/python3.7/site-packages/airflow/example_dags/example_dag_decorator.py took 0.829 seconds
