[2023-05-12T19:07:53.279+0000] {processor.py:156} INFO - Started process (PID=82) to work on /home/airflow/.local/lib/python3.7/site-packages/airflow/example_dags/example_task_group_decorator.py
[2023-05-12T19:07:53.284+0000] {processor.py:799} INFO - Processing file /home/airflow/.local/lib/python3.7/site-packages/airflow/example_dags/example_task_group_decorator.py for tasks to queue
[2023-05-12T19:07:53.289+0000] {logging_mixin.py:149} INFO - [2023-05-12T19:07:53.288+0000] {dagbag.py:541} INFO - Filling up the DagBag from /home/airflow/.local/lib/python3.7/site-packages/airflow/example_dags/example_task_group_decorator.py
[2023-05-12T19:07:53.374+0000] {processor.py:809} INFO - DAG(s) dict_keys(['example_task_group_decorator']) retrieved from /home/airflow/.local/lib/python3.7/site-packages/airflow/example_dags/example_task_group_decorator.py
[2023-05-12T19:07:53.968+0000] {logging_mixin.py:149} INFO - [2023-05-12T19:07:53.968+0000] {manager.py:504} INFO - Created Permission View: can delete on DAG:example_task_group_decorator
[2023-05-12T19:07:54.178+0000] {logging_mixin.py:149} INFO - [2023-05-12T19:07:54.178+0000] {manager.py:504} INFO - Created Permission View: can edit on DAG:example_task_group_decorator
[2023-05-12T19:07:54.341+0000] {logging_mixin.py:149} INFO - [2023-05-12T19:07:54.340+0000] {manager.py:504} INFO - Created Permission View: can read on DAG:example_task_group_decorator
[2023-05-12T19:07:54.343+0000] {logging_mixin.py:149} INFO - [2023-05-12T19:07:54.343+0000] {dag.py:2726} INFO - Sync 1 DAGs
[2023-05-12T19:07:54.392+0000] {logging_mixin.py:149} INFO - [2023-05-12T19:07:54.391+0000] {dag.py:2747} INFO - Creating ORM DAG for example_task_group_decorator
[2023-05-12T19:07:54.429+0000] {logging_mixin.py:149} INFO - [2023-05-12T19:07:54.429+0000] {dag.py:3490} INFO - Setting next_dagrun for example_task_group_decorator to 2023-05-11T19:07:54.428857+00:00, run_after=2023-05-12T19:07:54.428857+00:00
[2023-05-12T19:07:54.589+0000] {processor.py:178} INFO - Processing /home/airflow/.local/lib/python3.7/site-packages/airflow/example_dags/example_task_group_decorator.py took 1.319 seconds
[2023-05-12T19:08:51.439+0000] {processor.py:156} INFO - Started process (PID=147) to work on /home/airflow/.local/lib/python3.7/site-packages/airflow/example_dags/example_task_group_decorator.py
[2023-05-12T19:08:51.442+0000] {processor.py:799} INFO - Processing file /home/airflow/.local/lib/python3.7/site-packages/airflow/example_dags/example_task_group_decorator.py for tasks to queue
[2023-05-12T19:08:51.444+0000] {logging_mixin.py:149} INFO - [2023-05-12T19:08:51.444+0000] {dagbag.py:541} INFO - Filling up the DagBag from /home/airflow/.local/lib/python3.7/site-packages/airflow/example_dags/example_task_group_decorator.py
[2023-05-12T19:08:51.917+0000] {processor.py:809} INFO - DAG(s) dict_keys(['example_task_group_decorator']) retrieved from /home/airflow/.local/lib/python3.7/site-packages/airflow/example_dags/example_task_group_decorator.py
[2023-05-12T19:08:52.456+0000] {logging_mixin.py:149} INFO - [2023-05-12T19:08:52.455+0000] {dag.py:2726} INFO - Sync 1 DAGs
[2023-05-12T19:08:52.521+0000] {logging_mixin.py:149} INFO - [2023-05-12T19:08:52.520+0000] {dag.py:3490} INFO - Setting next_dagrun for example_task_group_decorator to 2023-05-11T19:08:52.520495+00:00, run_after=2023-05-12T19:08:52.520495+00:00
[2023-05-12T19:08:52.937+0000] {processor.py:178} INFO - Processing /home/airflow/.local/lib/python3.7/site-packages/airflow/example_dags/example_task_group_decorator.py took 1.504 seconds
[2023-05-12T19:09:23.199+0000] {processor.py:156} INFO - Started process (PID=202) to work on /home/airflow/.local/lib/python3.7/site-packages/airflow/example_dags/example_task_group_decorator.py
[2023-05-12T19:09:23.203+0000] {processor.py:799} INFO - Processing file /home/airflow/.local/lib/python3.7/site-packages/airflow/example_dags/example_task_group_decorator.py for tasks to queue
[2023-05-12T19:09:23.205+0000] {logging_mixin.py:149} INFO - [2023-05-12T19:09:23.205+0000] {dagbag.py:541} INFO - Filling up the DagBag from /home/airflow/.local/lib/python3.7/site-packages/airflow/example_dags/example_task_group_decorator.py
[2023-05-12T19:09:23.247+0000] {processor.py:809} INFO - DAG(s) dict_keys(['example_task_group_decorator']) retrieved from /home/airflow/.local/lib/python3.7/site-packages/airflow/example_dags/example_task_group_decorator.py
[2023-05-12T19:09:23.317+0000] {logging_mixin.py:149} INFO - [2023-05-12T19:09:23.317+0000] {dag.py:2726} INFO - Sync 1 DAGs
[2023-05-12T19:09:23.392+0000] {logging_mixin.py:149} INFO - [2023-05-12T19:09:23.392+0000] {dag.py:3490} INFO - Setting next_dagrun for example_task_group_decorator to 2023-05-11T19:09:23.391474+00:00, run_after=2023-05-12T19:09:23.391474+00:00
[2023-05-12T19:09:23.543+0000] {processor.py:178} INFO - Processing /home/airflow/.local/lib/python3.7/site-packages/airflow/example_dags/example_task_group_decorator.py took 0.354 seconds
[2023-05-12T19:09:53.874+0000] {processor.py:156} INFO - Started process (PID=255) to work on /home/airflow/.local/lib/python3.7/site-packages/airflow/example_dags/example_task_group_decorator.py
[2023-05-12T19:09:53.877+0000] {processor.py:799} INFO - Processing file /home/airflow/.local/lib/python3.7/site-packages/airflow/example_dags/example_task_group_decorator.py for tasks to queue
[2023-05-12T19:09:53.879+0000] {logging_mixin.py:149} INFO - [2023-05-12T19:09:53.879+0000] {dagbag.py:541} INFO - Filling up the DagBag from /home/airflow/.local/lib/python3.7/site-packages/airflow/example_dags/example_task_group_decorator.py
[2023-05-12T19:09:53.919+0000] {processor.py:809} INFO - DAG(s) dict_keys(['example_task_group_decorator']) retrieved from /home/airflow/.local/lib/python3.7/site-packages/airflow/example_dags/example_task_group_decorator.py
[2023-05-12T19:09:53.999+0000] {logging_mixin.py:149} INFO - [2023-05-12T19:09:53.999+0000] {dag.py:2726} INFO - Sync 1 DAGs
[2023-05-12T19:09:54.107+0000] {logging_mixin.py:149} INFO - [2023-05-12T19:09:54.106+0000] {dag.py:3490} INFO - Setting next_dagrun for example_task_group_decorator to 2023-05-11T19:09:54.105952+00:00, run_after=2023-05-12T19:09:54.105952+00:00
[2023-05-12T19:09:54.220+0000] {processor.py:178} INFO - Processing /home/airflow/.local/lib/python3.7/site-packages/airflow/example_dags/example_task_group_decorator.py took 0.354 seconds
[2023-05-12T19:10:24.772+0000] {processor.py:156} INFO - Started process (PID=312) to work on /home/airflow/.local/lib/python3.7/site-packages/airflow/example_dags/example_task_group_decorator.py
[2023-05-12T19:10:24.775+0000] {processor.py:799} INFO - Processing file /home/airflow/.local/lib/python3.7/site-packages/airflow/example_dags/example_task_group_decorator.py for tasks to queue
[2023-05-12T19:10:24.778+0000] {logging_mixin.py:149} INFO - [2023-05-12T19:10:24.778+0000] {dagbag.py:541} INFO - Filling up the DagBag from /home/airflow/.local/lib/python3.7/site-packages/airflow/example_dags/example_task_group_decorator.py
[2023-05-12T19:10:24.821+0000] {processor.py:809} INFO - DAG(s) dict_keys(['example_task_group_decorator']) retrieved from /home/airflow/.local/lib/python3.7/site-packages/airflow/example_dags/example_task_group_decorator.py
[2023-05-12T19:10:24.886+0000] {logging_mixin.py:149} INFO - [2023-05-12T19:10:24.885+0000] {dag.py:2726} INFO - Sync 1 DAGs
[2023-05-12T19:10:24.960+0000] {logging_mixin.py:149} INFO - [2023-05-12T19:10:24.960+0000] {dag.py:3490} INFO - Setting next_dagrun for example_task_group_decorator to 2023-05-11T19:10:24.959901+00:00, run_after=2023-05-12T19:10:24.959901+00:00
[2023-05-12T19:10:25.150+0000] {processor.py:178} INFO - Processing /home/airflow/.local/lib/python3.7/site-packages/airflow/example_dags/example_task_group_decorator.py took 0.391 seconds
[2023-05-12T19:10:55.859+0000] {processor.py:156} INFO - Started process (PID=369) to work on /home/airflow/.local/lib/python3.7/site-packages/airflow/example_dags/example_task_group_decorator.py
[2023-05-12T19:10:55.862+0000] {processor.py:799} INFO - Processing file /home/airflow/.local/lib/python3.7/site-packages/airflow/example_dags/example_task_group_decorator.py for tasks to queue
[2023-05-12T19:10:55.869+0000] {logging_mixin.py:149} INFO - [2023-05-12T19:10:55.869+0000] {dagbag.py:541} INFO - Filling up the DagBag from /home/airflow/.local/lib/python3.7/site-packages/airflow/example_dags/example_task_group_decorator.py
[2023-05-12T19:10:55.932+0000] {processor.py:809} INFO - DAG(s) dict_keys(['example_task_group_decorator']) retrieved from /home/airflow/.local/lib/python3.7/site-packages/airflow/example_dags/example_task_group_decorator.py
[2023-05-12T19:10:56.044+0000] {logging_mixin.py:149} INFO - [2023-05-12T19:10:56.043+0000] {dag.py:2726} INFO - Sync 1 DAGs
[2023-05-12T19:10:56.141+0000] {logging_mixin.py:149} INFO - [2023-05-12T19:10:56.141+0000] {dag.py:3490} INFO - Setting next_dagrun for example_task_group_decorator to 2023-05-11T19:10:56.141047+00:00, run_after=2023-05-12T19:10:56.141047+00:00
[2023-05-12T19:10:56.249+0000] {processor.py:178} INFO - Processing /home/airflow/.local/lib/python3.7/site-packages/airflow/example_dags/example_task_group_decorator.py took 0.397 seconds
[2023-05-12T19:11:26.407+0000] {processor.py:156} INFO - Started process (PID=425) to work on /home/airflow/.local/lib/python3.7/site-packages/airflow/example_dags/example_task_group_decorator.py
[2023-05-12T19:11:26.410+0000] {processor.py:799} INFO - Processing file /home/airflow/.local/lib/python3.7/site-packages/airflow/example_dags/example_task_group_decorator.py for tasks to queue
[2023-05-12T19:11:26.414+0000] {logging_mixin.py:149} INFO - [2023-05-12T19:11:26.414+0000] {dagbag.py:541} INFO - Filling up the DagBag from /home/airflow/.local/lib/python3.7/site-packages/airflow/example_dags/example_task_group_decorator.py
[2023-05-12T19:11:26.456+0000] {processor.py:809} INFO - DAG(s) dict_keys(['example_task_group_decorator']) retrieved from /home/airflow/.local/lib/python3.7/site-packages/airflow/example_dags/example_task_group_decorator.py
[2023-05-12T19:11:26.527+0000] {logging_mixin.py:149} INFO - [2023-05-12T19:11:26.527+0000] {dag.py:2726} INFO - Sync 1 DAGs
[2023-05-12T19:11:26.614+0000] {logging_mixin.py:149} INFO - [2023-05-12T19:11:26.613+0000] {dag.py:3490} INFO - Setting next_dagrun for example_task_group_decorator to 2023-05-11T19:11:26.613113+00:00, run_after=2023-05-12T19:11:26.613113+00:00
[2023-05-12T19:11:26.766+0000] {processor.py:178} INFO - Processing /home/airflow/.local/lib/python3.7/site-packages/airflow/example_dags/example_task_group_decorator.py took 0.369 seconds
