[2023-05-12T19:08:08.268+0000] {processor.py:156} INFO - Started process (PID=97) to work on /home/airflow/.local/lib/python3.7/site-packages/airflow/example_dags/example_complex.py
[2023-05-12T19:08:08.273+0000] {processor.py:799} INFO - Processing file /home/airflow/.local/lib/python3.7/site-packages/airflow/example_dags/example_complex.py for tasks to queue
[2023-05-12T19:08:08.276+0000] {logging_mixin.py:149} INFO - [2023-05-12T19:08:08.275+0000] {dagbag.py:541} INFO - Filling up the DagBag from /home/airflow/.local/lib/python3.7/site-packages/airflow/example_dags/example_complex.py
[2023-05-12T19:08:08.381+0000] {logging_mixin.py:149} INFO - [2023-05-12T19:08:08.380+0000] {taskmixin.py:211} WARNING - Dependency <Task(BashOperator): create_entry_group>, delete_entry_group already registered for DAG: example_complex
[2023-05-12T19:08:08.382+0000] {logging_mixin.py:149} INFO - [2023-05-12T19:08:08.381+0000] {taskmixin.py:211} WARNING - Dependency <Task(BashOperator): delete_entry_group>, create_entry_group already registered for DAG: example_complex
[2023-05-12T19:08:08.383+0000] {logging_mixin.py:149} INFO - [2023-05-12T19:08:08.382+0000] {taskmixin.py:211} WARNING - Dependency <Task(BashOperator): create_entry_gcs>, delete_entry already registered for DAG: example_complex
[2023-05-12T19:08:08.384+0000] {logging_mixin.py:149} INFO - [2023-05-12T19:08:08.384+0000] {taskmixin.py:211} WARNING - Dependency <Task(BashOperator): delete_entry>, create_entry_gcs already registered for DAG: example_complex
[2023-05-12T19:08:08.386+0000] {logging_mixin.py:149} INFO - [2023-05-12T19:08:08.385+0000] {taskmixin.py:211} WARNING - Dependency <Task(BashOperator): create_tag>, delete_tag already registered for DAG: example_complex
[2023-05-12T19:08:08.389+0000] {logging_mixin.py:149} INFO - [2023-05-12T19:08:08.388+0000] {taskmixin.py:211} WARNING - Dependency <Task(BashOperator): delete_tag>, create_tag already registered for DAG: example_complex
[2023-05-12T19:08:08.394+0000] {processor.py:809} INFO - DAG(s) dict_keys(['example_complex']) retrieved from /home/airflow/.local/lib/python3.7/site-packages/airflow/example_dags/example_complex.py
[2023-05-12T19:08:08.991+0000] {logging_mixin.py:149} INFO - [2023-05-12T19:08:08.990+0000] {manager.py:504} INFO - Created Permission View: can delete on DAG:example_complex
[2023-05-12T19:08:09.101+0000] {logging_mixin.py:149} INFO - [2023-05-12T19:08:09.101+0000] {manager.py:504} INFO - Created Permission View: can edit on DAG:example_complex
[2023-05-12T19:08:09.244+0000] {logging_mixin.py:149} INFO - [2023-05-12T19:08:09.244+0000] {manager.py:504} INFO - Created Permission View: can read on DAG:example_complex
[2023-05-12T19:08:09.247+0000] {logging_mixin.py:149} INFO - [2023-05-12T19:08:09.246+0000] {dag.py:2726} INFO - Sync 1 DAGs
[2023-05-12T19:08:09.288+0000] {logging_mixin.py:149} INFO - [2023-05-12T19:08:09.288+0000] {dag.py:2747} INFO - Creating ORM DAG for example_complex
[2023-05-12T19:08:09.314+0000] {logging_mixin.py:149} INFO - [2023-05-12T19:08:09.314+0000] {dag.py:3490} INFO - Setting next_dagrun for example_complex to None, run_after=None
[2023-05-12T19:08:09.451+0000] {processor.py:178} INFO - Processing /home/airflow/.local/lib/python3.7/site-packages/airflow/example_dags/example_complex.py took 1.189 seconds
[2023-05-12T19:09:08.061+0000] {processor.py:156} INFO - Started process (PID=176) to work on /home/airflow/.local/lib/python3.7/site-packages/airflow/example_dags/example_complex.py
[2023-05-12T19:09:08.065+0000] {processor.py:799} INFO - Processing file /home/airflow/.local/lib/python3.7/site-packages/airflow/example_dags/example_complex.py for tasks to queue
[2023-05-12T19:09:08.068+0000] {logging_mixin.py:149} INFO - [2023-05-12T19:09:08.067+0000] {dagbag.py:541} INFO - Filling up the DagBag from /home/airflow/.local/lib/python3.7/site-packages/airflow/example_dags/example_complex.py
[2023-05-12T19:09:08.129+0000] {logging_mixin.py:149} INFO - [2023-05-12T19:09:08.129+0000] {taskmixin.py:211} WARNING - Dependency <Task(BashOperator): create_entry_group>, delete_entry_group already registered for DAG: example_complex
[2023-05-12T19:09:08.131+0000] {logging_mixin.py:149} INFO - [2023-05-12T19:09:08.130+0000] {taskmixin.py:211} WARNING - Dependency <Task(BashOperator): delete_entry_group>, create_entry_group already registered for DAG: example_complex
[2023-05-12T19:09:08.133+0000] {logging_mixin.py:149} INFO - [2023-05-12T19:09:08.132+0000] {taskmixin.py:211} WARNING - Dependency <Task(BashOperator): create_entry_gcs>, delete_entry already registered for DAG: example_complex
[2023-05-12T19:09:08.134+0000] {logging_mixin.py:149} INFO - [2023-05-12T19:09:08.133+0000] {taskmixin.py:211} WARNING - Dependency <Task(BashOperator): delete_entry>, create_entry_gcs already registered for DAG: example_complex
[2023-05-12T19:09:08.135+0000] {logging_mixin.py:149} INFO - [2023-05-12T19:09:08.135+0000] {taskmixin.py:211} WARNING - Dependency <Task(BashOperator): create_tag>, delete_tag already registered for DAG: example_complex
[2023-05-12T19:09:08.136+0000] {logging_mixin.py:149} INFO - [2023-05-12T19:09:08.136+0000] {taskmixin.py:211} WARNING - Dependency <Task(BashOperator): delete_tag>, create_tag already registered for DAG: example_complex
[2023-05-12T19:09:08.143+0000] {processor.py:809} INFO - DAG(s) dict_keys(['example_complex']) retrieved from /home/airflow/.local/lib/python3.7/site-packages/airflow/example_dags/example_complex.py
[2023-05-12T19:09:08.238+0000] {logging_mixin.py:149} INFO - [2023-05-12T19:09:08.238+0000] {dag.py:2726} INFO - Sync 1 DAGs
[2023-05-12T19:09:08.324+0000] {logging_mixin.py:149} INFO - [2023-05-12T19:09:08.323+0000] {dag.py:3490} INFO - Setting next_dagrun for example_complex to None, run_after=None
[2023-05-12T19:09:08.505+0000] {processor.py:178} INFO - Processing /home/airflow/.local/lib/python3.7/site-packages/airflow/example_dags/example_complex.py took 0.452 seconds
[2023-05-12T19:09:42.794+0000] {processor.py:156} INFO - Started process (PID=234) to work on /home/airflow/.local/lib/python3.7/site-packages/airflow/example_dags/example_complex.py
[2023-05-12T19:09:42.799+0000] {processor.py:799} INFO - Processing file /home/airflow/.local/lib/python3.7/site-packages/airflow/example_dags/example_complex.py for tasks to queue
[2023-05-12T19:09:42.803+0000] {logging_mixin.py:149} INFO - [2023-05-12T19:09:42.802+0000] {dagbag.py:541} INFO - Filling up the DagBag from /home/airflow/.local/lib/python3.7/site-packages/airflow/example_dags/example_complex.py
[2023-05-12T19:09:42.893+0000] {logging_mixin.py:149} INFO - [2023-05-12T19:09:42.892+0000] {taskmixin.py:211} WARNING - Dependency <Task(BashOperator): create_entry_group>, delete_entry_group already registered for DAG: example_complex
[2023-05-12T19:09:42.906+0000] {logging_mixin.py:149} INFO - [2023-05-12T19:09:42.905+0000] {taskmixin.py:211} WARNING - Dependency <Task(BashOperator): delete_entry_group>, create_entry_group already registered for DAG: example_complex
[2023-05-12T19:09:42.923+0000] {logging_mixin.py:149} INFO - [2023-05-12T19:09:42.923+0000] {taskmixin.py:211} WARNING - Dependency <Task(BashOperator): create_entry_gcs>, delete_entry already registered for DAG: example_complex
[2023-05-12T19:09:42.932+0000] {logging_mixin.py:149} INFO - [2023-05-12T19:09:42.931+0000] {taskmixin.py:211} WARNING - Dependency <Task(BashOperator): delete_entry>, create_entry_gcs already registered for DAG: example_complex
[2023-05-12T19:09:42.944+0000] {logging_mixin.py:149} INFO - [2023-05-12T19:09:42.943+0000] {taskmixin.py:211} WARNING - Dependency <Task(BashOperator): create_tag>, delete_tag already registered for DAG: example_complex
[2023-05-12T19:09:42.945+0000] {logging_mixin.py:149} INFO - [2023-05-12T19:09:42.945+0000] {taskmixin.py:211} WARNING - Dependency <Task(BashOperator): delete_tag>, create_tag already registered for DAG: example_complex
[2023-05-12T19:09:42.957+0000] {processor.py:809} INFO - DAG(s) dict_keys(['example_complex']) retrieved from /home/airflow/.local/lib/python3.7/site-packages/airflow/example_dags/example_complex.py
[2023-05-12T19:09:43.123+0000] {logging_mixin.py:149} INFO - [2023-05-12T19:09:43.117+0000] {dag.py:2726} INFO - Sync 1 DAGs
[2023-05-12T19:09:43.231+0000] {logging_mixin.py:149} INFO - [2023-05-12T19:09:43.231+0000] {dag.py:3490} INFO - Setting next_dagrun for example_complex to None, run_after=None
[2023-05-12T19:09:43.454+0000] {processor.py:178} INFO - Processing /home/airflow/.local/lib/python3.7/site-packages/airflow/example_dags/example_complex.py took 0.677 seconds
[2023-05-12T19:10:14.802+0000] {processor.py:156} INFO - Started process (PID=290) to work on /home/airflow/.local/lib/python3.7/site-packages/airflow/example_dags/example_complex.py
[2023-05-12T19:10:14.805+0000] {processor.py:799} INFO - Processing file /home/airflow/.local/lib/python3.7/site-packages/airflow/example_dags/example_complex.py for tasks to queue
[2023-05-12T19:10:14.807+0000] {logging_mixin.py:149} INFO - [2023-05-12T19:10:14.807+0000] {dagbag.py:541} INFO - Filling up the DagBag from /home/airflow/.local/lib/python3.7/site-packages/airflow/example_dags/example_complex.py
[2023-05-12T19:10:14.843+0000] {logging_mixin.py:149} INFO - [2023-05-12T19:10:14.843+0000] {taskmixin.py:211} WARNING - Dependency <Task(BashOperator): create_entry_group>, delete_entry_group already registered for DAG: example_complex
[2023-05-12T19:10:14.845+0000] {logging_mixin.py:149} INFO - [2023-05-12T19:10:14.844+0000] {taskmixin.py:211} WARNING - Dependency <Task(BashOperator): delete_entry_group>, create_entry_group already registered for DAG: example_complex
[2023-05-12T19:10:14.847+0000] {logging_mixin.py:149} INFO - [2023-05-12T19:10:14.847+0000] {taskmixin.py:211} WARNING - Dependency <Task(BashOperator): create_entry_gcs>, delete_entry already registered for DAG: example_complex
[2023-05-12T19:10:14.851+0000] {logging_mixin.py:149} INFO - [2023-05-12T19:10:14.851+0000] {taskmixin.py:211} WARNING - Dependency <Task(BashOperator): delete_entry>, create_entry_gcs already registered for DAG: example_complex
[2023-05-12T19:10:14.853+0000] {logging_mixin.py:149} INFO - [2023-05-12T19:10:14.852+0000] {taskmixin.py:211} WARNING - Dependency <Task(BashOperator): create_tag>, delete_tag already registered for DAG: example_complex
[2023-05-12T19:10:14.854+0000] {logging_mixin.py:149} INFO - [2023-05-12T19:10:14.853+0000] {taskmixin.py:211} WARNING - Dependency <Task(BashOperator): delete_tag>, create_tag already registered for DAG: example_complex
[2023-05-12T19:10:14.860+0000] {processor.py:809} INFO - DAG(s) dict_keys(['example_complex']) retrieved from /home/airflow/.local/lib/python3.7/site-packages/airflow/example_dags/example_complex.py
[2023-05-12T19:10:14.994+0000] {logging_mixin.py:149} INFO - [2023-05-12T19:10:14.993+0000] {dag.py:2726} INFO - Sync 1 DAGs
[2023-05-12T19:10:15.062+0000] {logging_mixin.py:149} INFO - [2023-05-12T19:10:15.062+0000] {dag.py:3490} INFO - Setting next_dagrun for example_complex to None, run_after=None
[2023-05-12T19:10:15.186+0000] {processor.py:178} INFO - Processing /home/airflow/.local/lib/python3.7/site-packages/airflow/example_dags/example_complex.py took 0.396 seconds
[2023-05-12T19:10:46.959+0000] {processor.py:156} INFO - Started process (PID=347) to work on /home/airflow/.local/lib/python3.7/site-packages/airflow/example_dags/example_complex.py
[2023-05-12T19:10:46.966+0000] {processor.py:799} INFO - Processing file /home/airflow/.local/lib/python3.7/site-packages/airflow/example_dags/example_complex.py for tasks to queue
[2023-05-12T19:10:46.970+0000] {logging_mixin.py:149} INFO - [2023-05-12T19:10:46.969+0000] {dagbag.py:541} INFO - Filling up the DagBag from /home/airflow/.local/lib/python3.7/site-packages/airflow/example_dags/example_complex.py
[2023-05-12T19:10:47.010+0000] {logging_mixin.py:149} INFO - [2023-05-12T19:10:47.010+0000] {taskmixin.py:211} WARNING - Dependency <Task(BashOperator): create_entry_group>, delete_entry_group already registered for DAG: example_complex
[2023-05-12T19:10:47.012+0000] {logging_mixin.py:149} INFO - [2023-05-12T19:10:47.012+0000] {taskmixin.py:211} WARNING - Dependency <Task(BashOperator): delete_entry_group>, create_entry_group already registered for DAG: example_complex
[2023-05-12T19:10:47.016+0000] {logging_mixin.py:149} INFO - [2023-05-12T19:10:47.015+0000] {taskmixin.py:211} WARNING - Dependency <Task(BashOperator): create_entry_gcs>, delete_entry already registered for DAG: example_complex
[2023-05-12T19:10:47.018+0000] {logging_mixin.py:149} INFO - [2023-05-12T19:10:47.017+0000] {taskmixin.py:211} WARNING - Dependency <Task(BashOperator): delete_entry>, create_entry_gcs already registered for DAG: example_complex
[2023-05-12T19:10:47.022+0000] {logging_mixin.py:149} INFO - [2023-05-12T19:10:47.021+0000] {taskmixin.py:211} WARNING - Dependency <Task(BashOperator): create_tag>, delete_tag already registered for DAG: example_complex
[2023-05-12T19:10:47.023+0000] {logging_mixin.py:149} INFO - [2023-05-12T19:10:47.023+0000] {taskmixin.py:211} WARNING - Dependency <Task(BashOperator): delete_tag>, create_tag already registered for DAG: example_complex
[2023-05-12T19:10:47.035+0000] {processor.py:809} INFO - DAG(s) dict_keys(['example_complex']) retrieved from /home/airflow/.local/lib/python3.7/site-packages/airflow/example_dags/example_complex.py
[2023-05-12T19:10:47.179+0000] {logging_mixin.py:149} INFO - [2023-05-12T19:10:47.179+0000] {dag.py:2726} INFO - Sync 1 DAGs
[2023-05-12T19:10:47.297+0000] {logging_mixin.py:149} INFO - [2023-05-12T19:10:47.296+0000] {dag.py:3490} INFO - Setting next_dagrun for example_complex to None, run_after=None
[2023-05-12T19:10:47.515+0000] {processor.py:178} INFO - Processing /home/airflow/.local/lib/python3.7/site-packages/airflow/example_dags/example_complex.py took 0.568 seconds
[2023-05-12T19:11:21.492+0000] {processor.py:156} INFO - Started process (PID=413) to work on /home/airflow/.local/lib/python3.7/site-packages/airflow/example_dags/example_complex.py
[2023-05-12T19:11:21.497+0000] {processor.py:799} INFO - Processing file /home/airflow/.local/lib/python3.7/site-packages/airflow/example_dags/example_complex.py for tasks to queue
[2023-05-12T19:11:21.500+0000] {logging_mixin.py:149} INFO - [2023-05-12T19:11:21.499+0000] {dagbag.py:541} INFO - Filling up the DagBag from /home/airflow/.local/lib/python3.7/site-packages/airflow/example_dags/example_complex.py
[2023-05-12T19:11:21.563+0000] {logging_mixin.py:149} INFO - [2023-05-12T19:11:21.563+0000] {taskmixin.py:211} WARNING - Dependency <Task(BashOperator): create_entry_group>, delete_entry_group already registered for DAG: example_complex
[2023-05-12T19:11:21.565+0000] {logging_mixin.py:149} INFO - [2023-05-12T19:11:21.564+0000] {taskmixin.py:211} WARNING - Dependency <Task(BashOperator): delete_entry_group>, create_entry_group already registered for DAG: example_complex
[2023-05-12T19:11:21.566+0000] {logging_mixin.py:149} INFO - [2023-05-12T19:11:21.566+0000] {taskmixin.py:211} WARNING - Dependency <Task(BashOperator): create_entry_gcs>, delete_entry already registered for DAG: example_complex
[2023-05-12T19:11:21.569+0000] {logging_mixin.py:149} INFO - [2023-05-12T19:11:21.567+0000] {taskmixin.py:211} WARNING - Dependency <Task(BashOperator): delete_entry>, create_entry_gcs already registered for DAG: example_complex
[2023-05-12T19:11:21.573+0000] {logging_mixin.py:149} INFO - [2023-05-12T19:11:21.573+0000] {taskmixin.py:211} WARNING - Dependency <Task(BashOperator): create_tag>, delete_tag already registered for DAG: example_complex
[2023-05-12T19:11:21.574+0000] {logging_mixin.py:149} INFO - [2023-05-12T19:11:21.574+0000] {taskmixin.py:211} WARNING - Dependency <Task(BashOperator): delete_tag>, create_tag already registered for DAG: example_complex
[2023-05-12T19:11:21.579+0000] {processor.py:809} INFO - DAG(s) dict_keys(['example_complex']) retrieved from /home/airflow/.local/lib/python3.7/site-packages/airflow/example_dags/example_complex.py
[2023-05-12T19:11:21.735+0000] {logging_mixin.py:149} INFO - [2023-05-12T19:11:21.734+0000] {dag.py:2726} INFO - Sync 1 DAGs
[2023-05-12T19:11:21.903+0000] {logging_mixin.py:149} INFO - [2023-05-12T19:11:21.903+0000] {dag.py:3490} INFO - Setting next_dagrun for example_complex to None, run_after=None
[2023-05-12T19:11:22.049+0000] {processor.py:178} INFO - Processing /home/airflow/.local/lib/python3.7/site-packages/airflow/example_dags/example_complex.py took 0.568 seconds
[2023-05-12T19:11:54.386+0000] {processor.py:156} INFO - Started process (PID=470) to work on /home/airflow/.local/lib/python3.7/site-packages/airflow/example_dags/example_complex.py
[2023-05-12T19:11:54.391+0000] {processor.py:799} INFO - Processing file /home/airflow/.local/lib/python3.7/site-packages/airflow/example_dags/example_complex.py for tasks to queue
[2023-05-12T19:11:54.406+0000] {logging_mixin.py:149} INFO - [2023-05-12T19:11:54.405+0000] {dagbag.py:541} INFO - Filling up the DagBag from /home/airflow/.local/lib/python3.7/site-packages/airflow/example_dags/example_complex.py
[2023-05-12T19:11:54.526+0000] {logging_mixin.py:149} INFO - [2023-05-12T19:11:54.526+0000] {taskmixin.py:211} WARNING - Dependency <Task(BashOperator): create_entry_group>, delete_entry_group already registered for DAG: example_complex
[2023-05-12T19:11:54.531+0000] {logging_mixin.py:149} INFO - [2023-05-12T19:11:54.530+0000] {taskmixin.py:211} WARNING - Dependency <Task(BashOperator): delete_entry_group>, create_entry_group already registered for DAG: example_complex
[2023-05-12T19:11:54.534+0000] {logging_mixin.py:149} INFO - [2023-05-12T19:11:54.534+0000] {taskmixin.py:211} WARNING - Dependency <Task(BashOperator): create_entry_gcs>, delete_entry already registered for DAG: example_complex
[2023-05-12T19:11:54.537+0000] {logging_mixin.py:149} INFO - [2023-05-12T19:11:54.536+0000] {taskmixin.py:211} WARNING - Dependency <Task(BashOperator): delete_entry>, create_entry_gcs already registered for DAG: example_complex
[2023-05-12T19:11:54.539+0000] {logging_mixin.py:149} INFO - [2023-05-12T19:11:54.538+0000] {taskmixin.py:211} WARNING - Dependency <Task(BashOperator): create_tag>, delete_tag already registered for DAG: example_complex
[2023-05-12T19:11:54.541+0000] {logging_mixin.py:149} INFO - [2023-05-12T19:11:54.540+0000] {taskmixin.py:211} WARNING - Dependency <Task(BashOperator): delete_tag>, create_tag already registered for DAG: example_complex
[2023-05-12T19:11:54.552+0000] {processor.py:809} INFO - DAG(s) dict_keys(['example_complex']) retrieved from /home/airflow/.local/lib/python3.7/site-packages/airflow/example_dags/example_complex.py
[2023-05-12T19:11:54.688+0000] {logging_mixin.py:149} INFO - [2023-05-12T19:11:54.687+0000] {dag.py:2726} INFO - Sync 1 DAGs
[2023-05-12T19:11:54.765+0000] {logging_mixin.py:149} INFO - [2023-05-12T19:11:54.765+0000] {dag.py:3490} INFO - Setting next_dagrun for example_complex to None, run_after=None
[2023-05-12T19:11:54.942+0000] {processor.py:178} INFO - Processing /home/airflow/.local/lib/python3.7/site-packages/airflow/example_dags/example_complex.py took 0.581 seconds
