[2023-05-12T19:07:50.926+0000] {processor.py:156} INFO - Started process (PID=81) to work on /home/airflow/.local/lib/python3.7/site-packages/airflow/example_dags/example_trigger_controller_dag.py
[2023-05-12T19:07:50.929+0000] {processor.py:799} INFO - Processing file /home/airflow/.local/lib/python3.7/site-packages/airflow/example_dags/example_trigger_controller_dag.py for tasks to queue
[2023-05-12T19:07:50.930+0000] {logging_mixin.py:149} INFO - [2023-05-12T19:07:50.930+0000] {dagbag.py:541} INFO - Filling up the DagBag from /home/airflow/.local/lib/python3.7/site-packages/airflow/example_dags/example_trigger_controller_dag.py
[2023-05-12T19:07:51.003+0000] {processor.py:809} INFO - DAG(s) dict_keys(['example_trigger_controller_dag']) retrieved from /home/airflow/.local/lib/python3.7/site-packages/airflow/example_dags/example_trigger_controller_dag.py
[2023-05-12T19:07:52.665+0000] {logging_mixin.py:149} INFO - [2023-05-12T19:07:52.665+0000] {manager.py:504} INFO - Created Permission View: can delete on DAG:example_trigger_controller_dag
[2023-05-12T19:07:52.924+0000] {logging_mixin.py:149} INFO - [2023-05-12T19:07:52.923+0000] {manager.py:504} INFO - Created Permission View: can edit on DAG:example_trigger_controller_dag
[2023-05-12T19:07:53.098+0000] {logging_mixin.py:149} INFO - [2023-05-12T19:07:53.097+0000] {manager.py:504} INFO - Created Permission View: can read on DAG:example_trigger_controller_dag
[2023-05-12T19:07:53.104+0000] {logging_mixin.py:149} INFO - [2023-05-12T19:07:53.103+0000] {dag.py:2726} INFO - Sync 1 DAGs
[2023-05-12T19:07:53.160+0000] {logging_mixin.py:149} INFO - [2023-05-12T19:07:53.160+0000] {dag.py:2747} INFO - Creating ORM DAG for example_trigger_controller_dag
[2023-05-12T19:07:53.249+0000] {logging_mixin.py:149} INFO - [2023-05-12T19:07:53.248+0000] {dag.py:3490} INFO - Setting next_dagrun for example_trigger_controller_dag to 2021-01-01T00:00:00+00:00, run_after=2021-01-01T00:00:00+00:00
[2023-05-12T19:07:53.641+0000] {processor.py:178} INFO - Processing /home/airflow/.local/lib/python3.7/site-packages/airflow/example_dags/example_trigger_controller_dag.py took 2.720 seconds
[2023-05-12T19:08:50.864+0000] {processor.py:156} INFO - Started process (PID=146) to work on /home/airflow/.local/lib/python3.7/site-packages/airflow/example_dags/example_trigger_controller_dag.py
[2023-05-12T19:08:50.872+0000] {processor.py:799} INFO - Processing file /home/airflow/.local/lib/python3.7/site-packages/airflow/example_dags/example_trigger_controller_dag.py for tasks to queue
[2023-05-12T19:08:50.875+0000] {logging_mixin.py:149} INFO - [2023-05-12T19:08:50.874+0000] {dagbag.py:541} INFO - Filling up the DagBag from /home/airflow/.local/lib/python3.7/site-packages/airflow/example_dags/example_trigger_controller_dag.py
[2023-05-12T19:08:50.949+0000] {processor.py:809} INFO - DAG(s) dict_keys(['example_trigger_controller_dag']) retrieved from /home/airflow/.local/lib/python3.7/site-packages/airflow/example_dags/example_trigger_controller_dag.py
[2023-05-12T19:08:51.076+0000] {logging_mixin.py:149} INFO - [2023-05-12T19:08:51.075+0000] {dag.py:2726} INFO - Sync 1 DAGs
[2023-05-12T19:08:51.190+0000] {logging_mixin.py:149} INFO - [2023-05-12T19:08:51.190+0000] {dag.py:3490} INFO - Setting next_dagrun for example_trigger_controller_dag to 2021-01-01T00:00:00+00:00, run_after=2021-01-01T00:00:00+00:00
[2023-05-12T19:08:51.369+0000] {processor.py:178} INFO - Processing /home/airflow/.local/lib/python3.7/site-packages/airflow/example_dags/example_trigger_controller_dag.py took 0.515 seconds
[2023-05-12T19:09:21.698+0000] {processor.py:156} INFO - Started process (PID=201) to work on /home/airflow/.local/lib/python3.7/site-packages/airflow/example_dags/example_trigger_controller_dag.py
[2023-05-12T19:09:21.701+0000] {processor.py:799} INFO - Processing file /home/airflow/.local/lib/python3.7/site-packages/airflow/example_dags/example_trigger_controller_dag.py for tasks to queue
[2023-05-12T19:09:21.703+0000] {logging_mixin.py:149} INFO - [2023-05-12T19:09:21.703+0000] {dagbag.py:541} INFO - Filling up the DagBag from /home/airflow/.local/lib/python3.7/site-packages/airflow/example_dags/example_trigger_controller_dag.py
[2023-05-12T19:09:21.717+0000] {processor.py:809} INFO - DAG(s) dict_keys(['example_trigger_controller_dag']) retrieved from /home/airflow/.local/lib/python3.7/site-packages/airflow/example_dags/example_trigger_controller_dag.py
[2023-05-12T19:09:21.788+0000] {logging_mixin.py:149} INFO - [2023-05-12T19:09:21.788+0000] {dag.py:2726} INFO - Sync 1 DAGs
[2023-05-12T19:09:21.877+0000] {logging_mixin.py:149} INFO - [2023-05-12T19:09:21.877+0000] {dag.py:3490} INFO - Setting next_dagrun for example_trigger_controller_dag to 2021-01-01T00:00:00+00:00, run_after=2021-01-01T00:00:00+00:00
[2023-05-12T19:09:22.125+0000] {processor.py:178} INFO - Processing /home/airflow/.local/lib/python3.7/site-packages/airflow/example_dags/example_trigger_controller_dag.py took 0.437 seconds
[2023-05-12T19:09:52.476+0000] {processor.py:156} INFO - Started process (PID=254) to work on /home/airflow/.local/lib/python3.7/site-packages/airflow/example_dags/example_trigger_controller_dag.py
[2023-05-12T19:09:52.479+0000] {processor.py:799} INFO - Processing file /home/airflow/.local/lib/python3.7/site-packages/airflow/example_dags/example_trigger_controller_dag.py for tasks to queue
[2023-05-12T19:09:52.481+0000] {logging_mixin.py:149} INFO - [2023-05-12T19:09:52.481+0000] {dagbag.py:541} INFO - Filling up the DagBag from /home/airflow/.local/lib/python3.7/site-packages/airflow/example_dags/example_trigger_controller_dag.py
[2023-05-12T19:09:52.493+0000] {processor.py:809} INFO - DAG(s) dict_keys(['example_trigger_controller_dag']) retrieved from /home/airflow/.local/lib/python3.7/site-packages/airflow/example_dags/example_trigger_controller_dag.py
[2023-05-12T19:09:52.564+0000] {logging_mixin.py:149} INFO - [2023-05-12T19:09:52.563+0000] {dag.py:2726} INFO - Sync 1 DAGs
[2023-05-12T19:09:52.650+0000] {logging_mixin.py:149} INFO - [2023-05-12T19:09:52.650+0000] {dag.py:3490} INFO - Setting next_dagrun for example_trigger_controller_dag to 2021-01-01T00:00:00+00:00, run_after=2021-01-01T00:00:00+00:00
[2023-05-12T19:09:52.756+0000] {processor.py:178} INFO - Processing /home/airflow/.local/lib/python3.7/site-packages/airflow/example_dags/example_trigger_controller_dag.py took 0.286 seconds
[2023-05-12T19:10:23.027+0000] {processor.py:156} INFO - Started process (PID=311) to work on /home/airflow/.local/lib/python3.7/site-packages/airflow/example_dags/example_trigger_controller_dag.py
[2023-05-12T19:10:23.030+0000] {processor.py:799} INFO - Processing file /home/airflow/.local/lib/python3.7/site-packages/airflow/example_dags/example_trigger_controller_dag.py for tasks to queue
[2023-05-12T19:10:23.033+0000] {logging_mixin.py:149} INFO - [2023-05-12T19:10:23.032+0000] {dagbag.py:541} INFO - Filling up the DagBag from /home/airflow/.local/lib/python3.7/site-packages/airflow/example_dags/example_trigger_controller_dag.py
[2023-05-12T19:10:23.044+0000] {processor.py:809} INFO - DAG(s) dict_keys(['example_trigger_controller_dag']) retrieved from /home/airflow/.local/lib/python3.7/site-packages/airflow/example_dags/example_trigger_controller_dag.py
[2023-05-12T19:10:23.147+0000] {logging_mixin.py:149} INFO - [2023-05-12T19:10:23.147+0000] {dag.py:2726} INFO - Sync 1 DAGs
[2023-05-12T19:10:23.296+0000] {logging_mixin.py:149} INFO - [2023-05-12T19:10:23.295+0000] {dag.py:3490} INFO - Setting next_dagrun for example_trigger_controller_dag to 2021-01-01T00:00:00+00:00, run_after=2021-01-01T00:00:00+00:00
[2023-05-12T19:10:23.641+0000] {processor.py:178} INFO - Processing /home/airflow/.local/lib/python3.7/site-packages/airflow/example_dags/example_trigger_controller_dag.py took 0.625 seconds
[2023-05-12T19:10:54.094+0000] {processor.py:156} INFO - Started process (PID=368) to work on /home/airflow/.local/lib/python3.7/site-packages/airflow/example_dags/example_trigger_controller_dag.py
[2023-05-12T19:10:54.097+0000] {processor.py:799} INFO - Processing file /home/airflow/.local/lib/python3.7/site-packages/airflow/example_dags/example_trigger_controller_dag.py for tasks to queue
[2023-05-12T19:10:54.102+0000] {logging_mixin.py:149} INFO - [2023-05-12T19:10:54.101+0000] {dagbag.py:541} INFO - Filling up the DagBag from /home/airflow/.local/lib/python3.7/site-packages/airflow/example_dags/example_trigger_controller_dag.py
[2023-05-12T19:10:54.128+0000] {processor.py:809} INFO - DAG(s) dict_keys(['example_trigger_controller_dag']) retrieved from /home/airflow/.local/lib/python3.7/site-packages/airflow/example_dags/example_trigger_controller_dag.py
[2023-05-12T19:10:54.326+0000] {logging_mixin.py:149} INFO - [2023-05-12T19:10:54.325+0000] {dag.py:2726} INFO - Sync 1 DAGs
[2023-05-12T19:10:54.498+0000] {logging_mixin.py:149} INFO - [2023-05-12T19:10:54.497+0000] {dag.py:3490} INFO - Setting next_dagrun for example_trigger_controller_dag to 2021-01-01T00:00:00+00:00, run_after=2021-01-01T00:00:00+00:00
[2023-05-12T19:10:54.738+0000] {processor.py:178} INFO - Processing /home/airflow/.local/lib/python3.7/site-packages/airflow/example_dags/example_trigger_controller_dag.py took 0.658 seconds
[2023-05-12T19:11:25.689+0000] {processor.py:156} INFO - Started process (PID=424) to work on /home/airflow/.local/lib/python3.7/site-packages/airflow/example_dags/example_trigger_controller_dag.py
[2023-05-12T19:11:25.691+0000] {processor.py:799} INFO - Processing file /home/airflow/.local/lib/python3.7/site-packages/airflow/example_dags/example_trigger_controller_dag.py for tasks to queue
[2023-05-12T19:11:25.693+0000] {logging_mixin.py:149} INFO - [2023-05-12T19:11:25.693+0000] {dagbag.py:541} INFO - Filling up the DagBag from /home/airflow/.local/lib/python3.7/site-packages/airflow/example_dags/example_trigger_controller_dag.py
[2023-05-12T19:11:25.700+0000] {processor.py:809} INFO - DAG(s) dict_keys(['example_trigger_controller_dag']) retrieved from /home/airflow/.local/lib/python3.7/site-packages/airflow/example_dags/example_trigger_controller_dag.py
[2023-05-12T19:11:25.781+0000] {logging_mixin.py:149} INFO - [2023-05-12T19:11:25.780+0000] {dag.py:2726} INFO - Sync 1 DAGs
[2023-05-12T19:11:26.044+0000] {logging_mixin.py:149} INFO - [2023-05-12T19:11:26.043+0000] {dag.py:3490} INFO - Setting next_dagrun for example_trigger_controller_dag to 2021-01-01T00:00:00+00:00, run_after=2021-01-01T00:00:00+00:00
[2023-05-12T19:11:26.297+0000] {processor.py:178} INFO - Processing /home/airflow/.local/lib/python3.7/site-packages/airflow/example_dags/example_trigger_controller_dag.py took 0.617 seconds
