[2023-05-12T19:08:06.440+0000] {processor.py:156} INFO - Started process (PID=95) to work on /home/airflow/.local/lib/python3.7/site-packages/airflow/example_dags/example_latest_only.py
[2023-05-12T19:08:06.442+0000] {processor.py:799} INFO - Processing file /home/airflow/.local/lib/python3.7/site-packages/airflow/example_dags/example_latest_only.py for tasks to queue
[2023-05-12T19:08:06.449+0000] {logging_mixin.py:149} INFO - [2023-05-12T19:08:06.449+0000] {dagbag.py:541} INFO - Filling up the DagBag from /home/airflow/.local/lib/python3.7/site-packages/airflow/example_dags/example_latest_only.py
[2023-05-12T19:08:06.509+0000] {processor.py:809} INFO - DAG(s) dict_keys(['latest_only']) retrieved from /home/airflow/.local/lib/python3.7/site-packages/airflow/example_dags/example_latest_only.py
[2023-05-12T19:08:07.229+0000] {logging_mixin.py:149} INFO - [2023-05-12T19:08:07.229+0000] {manager.py:504} INFO - Created Permission View: can delete on DAG:latest_only
[2023-05-12T19:08:07.468+0000] {logging_mixin.py:149} INFO - [2023-05-12T19:08:07.467+0000] {manager.py:504} INFO - Created Permission View: can edit on DAG:latest_only
[2023-05-12T19:08:07.872+0000] {logging_mixin.py:149} INFO - [2023-05-12T19:08:07.871+0000] {manager.py:504} INFO - Created Permission View: can read on DAG:latest_only
[2023-05-12T19:08:07.882+0000] {logging_mixin.py:149} INFO - [2023-05-12T19:08:07.881+0000] {dag.py:2726} INFO - Sync 1 DAGs
[2023-05-12T19:08:07.946+0000] {logging_mixin.py:149} INFO - [2023-05-12T19:08:07.945+0000] {dag.py:2747} INFO - Creating ORM DAG for latest_only
[2023-05-12T19:08:07.978+0000] {logging_mixin.py:149} INFO - [2023-05-12T19:08:07.978+0000] {dag.py:3490} INFO - Setting next_dagrun for latest_only to 2023-05-12T15:08:07.978098+00:00, run_after=2023-05-12T19:08:07.978098+00:00
[2023-05-12T19:08:08.118+0000] {processor.py:178} INFO - Processing /home/airflow/.local/lib/python3.7/site-packages/airflow/example_dags/example_latest_only.py took 1.688 seconds
[2023-05-12T19:09:02.994+0000] {processor.py:156} INFO - Started process (PID=160) to work on /home/airflow/.local/lib/python3.7/site-packages/airflow/example_dags/example_latest_only.py
[2023-05-12T19:09:02.996+0000] {processor.py:799} INFO - Processing file /home/airflow/.local/lib/python3.7/site-packages/airflow/example_dags/example_latest_only.py for tasks to queue
[2023-05-12T19:09:02.998+0000] {logging_mixin.py:149} INFO - [2023-05-12T19:09:02.997+0000] {dagbag.py:541} INFO - Filling up the DagBag from /home/airflow/.local/lib/python3.7/site-packages/airflow/example_dags/example_latest_only.py
[2023-05-12T19:09:03.088+0000] {processor.py:809} INFO - DAG(s) dict_keys(['latest_only']) retrieved from /home/airflow/.local/lib/python3.7/site-packages/airflow/example_dags/example_latest_only.py
[2023-05-12T19:09:03.141+0000] {logging_mixin.py:149} INFO - [2023-05-12T19:09:03.141+0000] {dag.py:2726} INFO - Sync 1 DAGs
[2023-05-12T19:09:03.201+0000] {logging_mixin.py:149} INFO - [2023-05-12T19:09:03.200+0000] {dag.py:3490} INFO - Setting next_dagrun for latest_only to 2023-05-12T15:09:03.200069+00:00, run_after=2023-05-12T19:09:03.200069+00:00
[2023-05-12T19:09:03.440+0000] {processor.py:178} INFO - Processing /home/airflow/.local/lib/python3.7/site-packages/airflow/example_dags/example_latest_only.py took 0.453 seconds
[2023-05-12T19:09:34.570+0000] {processor.py:156} INFO - Started process (PID=217) to work on /home/airflow/.local/lib/python3.7/site-packages/airflow/example_dags/example_latest_only.py
[2023-05-12T19:09:34.572+0000] {processor.py:799} INFO - Processing file /home/airflow/.local/lib/python3.7/site-packages/airflow/example_dags/example_latest_only.py for tasks to queue
[2023-05-12T19:09:34.574+0000] {logging_mixin.py:149} INFO - [2023-05-12T19:09:34.574+0000] {dagbag.py:541} INFO - Filling up the DagBag from /home/airflow/.local/lib/python3.7/site-packages/airflow/example_dags/example_latest_only.py
[2023-05-12T19:09:34.589+0000] {processor.py:809} INFO - DAG(s) dict_keys(['latest_only']) retrieved from /home/airflow/.local/lib/python3.7/site-packages/airflow/example_dags/example_latest_only.py
[2023-05-12T19:09:34.664+0000] {logging_mixin.py:149} INFO - [2023-05-12T19:09:34.663+0000] {dag.py:2726} INFO - Sync 1 DAGs
[2023-05-12T19:09:34.758+0000] {logging_mixin.py:149} INFO - [2023-05-12T19:09:34.757+0000] {dag.py:3490} INFO - Setting next_dagrun for latest_only to 2023-05-12T15:09:34.757035+00:00, run_after=2023-05-12T19:09:34.757035+00:00
[2023-05-12T19:09:35.890+0000] {processor.py:178} INFO - Processing /home/airflow/.local/lib/python3.7/site-packages/airflow/example_dags/example_latest_only.py took 1.327 seconds
[2023-05-12T19:10:06.486+0000] {processor.py:156} INFO - Started process (PID=269) to work on /home/airflow/.local/lib/python3.7/site-packages/airflow/example_dags/example_latest_only.py
[2023-05-12T19:10:06.488+0000] {processor.py:799} INFO - Processing file /home/airflow/.local/lib/python3.7/site-packages/airflow/example_dags/example_latest_only.py for tasks to queue
[2023-05-12T19:10:06.491+0000] {logging_mixin.py:149} INFO - [2023-05-12T19:10:06.490+0000] {dagbag.py:541} INFO - Filling up the DagBag from /home/airflow/.local/lib/python3.7/site-packages/airflow/example_dags/example_latest_only.py
[2023-05-12T19:10:06.501+0000] {processor.py:809} INFO - DAG(s) dict_keys(['latest_only']) retrieved from /home/airflow/.local/lib/python3.7/site-packages/airflow/example_dags/example_latest_only.py
[2023-05-12T19:10:06.550+0000] {logging_mixin.py:149} INFO - [2023-05-12T19:10:06.550+0000] {dag.py:2726} INFO - Sync 1 DAGs
[2023-05-12T19:10:06.619+0000] {logging_mixin.py:149} INFO - [2023-05-12T19:10:06.618+0000] {dag.py:3490} INFO - Setting next_dagrun for latest_only to 2023-05-12T15:10:06.617788+00:00, run_after=2023-05-12T19:10:06.617788+00:00
[2023-05-12T19:10:07.034+0000] {processor.py:178} INFO - Processing /home/airflow/.local/lib/python3.7/site-packages/airflow/example_dags/example_latest_only.py took 0.555 seconds
[2023-05-12T19:10:37.491+0000] {processor.py:156} INFO - Started process (PID=326) to work on /home/airflow/.local/lib/python3.7/site-packages/airflow/example_dags/example_latest_only.py
[2023-05-12T19:10:37.495+0000] {processor.py:799} INFO - Processing file /home/airflow/.local/lib/python3.7/site-packages/airflow/example_dags/example_latest_only.py for tasks to queue
[2023-05-12T19:10:37.498+0000] {logging_mixin.py:149} INFO - [2023-05-12T19:10:37.497+0000] {dagbag.py:541} INFO - Filling up the DagBag from /home/airflow/.local/lib/python3.7/site-packages/airflow/example_dags/example_latest_only.py
[2023-05-12T19:10:37.513+0000] {processor.py:809} INFO - DAG(s) dict_keys(['latest_only']) retrieved from /home/airflow/.local/lib/python3.7/site-packages/airflow/example_dags/example_latest_only.py
[2023-05-12T19:10:37.586+0000] {logging_mixin.py:149} INFO - [2023-05-12T19:10:37.586+0000] {dag.py:2726} INFO - Sync 1 DAGs
[2023-05-12T19:10:37.687+0000] {logging_mixin.py:149} INFO - [2023-05-12T19:10:37.687+0000] {dag.py:3490} INFO - Setting next_dagrun for latest_only to 2023-05-12T15:10:37.686826+00:00, run_after=2023-05-12T19:10:37.686826+00:00
[2023-05-12T19:10:37.860+0000] {processor.py:178} INFO - Processing /home/airflow/.local/lib/python3.7/site-packages/airflow/example_dags/example_latest_only.py took 0.379 seconds
[2023-05-12T19:11:08.054+0000] {processor.py:156} INFO - Started process (PID=383) to work on /home/airflow/.local/lib/python3.7/site-packages/airflow/example_dags/example_latest_only.py
[2023-05-12T19:11:08.059+0000] {processor.py:799} INFO - Processing file /home/airflow/.local/lib/python3.7/site-packages/airflow/example_dags/example_latest_only.py for tasks to queue
[2023-05-12T19:11:08.064+0000] {logging_mixin.py:149} INFO - [2023-05-12T19:11:08.061+0000] {dagbag.py:541} INFO - Filling up the DagBag from /home/airflow/.local/lib/python3.7/site-packages/airflow/example_dags/example_latest_only.py
[2023-05-12T19:11:08.090+0000] {processor.py:809} INFO - DAG(s) dict_keys(['latest_only']) retrieved from /home/airflow/.local/lib/python3.7/site-packages/airflow/example_dags/example_latest_only.py
[2023-05-12T19:11:08.157+0000] {logging_mixin.py:149} INFO - [2023-05-12T19:11:08.156+0000] {dag.py:2726} INFO - Sync 1 DAGs
[2023-05-12T19:11:08.457+0000] {logging_mixin.py:149} INFO - [2023-05-12T19:11:08.456+0000] {dag.py:3490} INFO - Setting next_dagrun for latest_only to 2023-05-12T15:11:08.456231+00:00, run_after=2023-05-12T19:11:08.456231+00:00
[2023-05-12T19:11:08.664+0000] {processor.py:178} INFO - Processing /home/airflow/.local/lib/python3.7/site-packages/airflow/example_dags/example_latest_only.py took 0.619 seconds
[2023-05-12T19:11:38.937+0000] {processor.py:156} INFO - Started process (PID=439) to work on /home/airflow/.local/lib/python3.7/site-packages/airflow/example_dags/example_latest_only.py
[2023-05-12T19:11:38.939+0000] {processor.py:799} INFO - Processing file /home/airflow/.local/lib/python3.7/site-packages/airflow/example_dags/example_latest_only.py for tasks to queue
[2023-05-12T19:11:38.941+0000] {logging_mixin.py:149} INFO - [2023-05-12T19:11:38.941+0000] {dagbag.py:541} INFO - Filling up the DagBag from /home/airflow/.local/lib/python3.7/site-packages/airflow/example_dags/example_latest_only.py
[2023-05-12T19:11:38.954+0000] {processor.py:809} INFO - DAG(s) dict_keys(['latest_only']) retrieved from /home/airflow/.local/lib/python3.7/site-packages/airflow/example_dags/example_latest_only.py
[2023-05-12T19:11:39.013+0000] {logging_mixin.py:149} INFO - [2023-05-12T19:11:39.012+0000] {dag.py:2726} INFO - Sync 1 DAGs
[2023-05-12T19:11:39.083+0000] {logging_mixin.py:149} INFO - [2023-05-12T19:11:39.082+0000] {dag.py:3490} INFO - Setting next_dagrun for latest_only to 2023-05-12T15:11:39.082174+00:00, run_after=2023-05-12T19:11:39.082174+00:00
[2023-05-12T19:11:40.778+0000] {processor.py:178} INFO - Processing /home/airflow/.local/lib/python3.7/site-packages/airflow/example_dags/example_latest_only.py took 1.849 seconds
