[2023-05-12T19:07:16.992+0000] {processor.py:156} INFO - Started process (PID=60) to work on /home/airflow/.local/lib/python3.7/site-packages/airflow/example_dags/example_params_trigger_ui.py
[2023-05-12T19:07:16.999+0000] {processor.py:799} INFO - Processing file /home/airflow/.local/lib/python3.7/site-packages/airflow/example_dags/example_params_trigger_ui.py for tasks to queue
[2023-05-12T19:07:17.002+0000] {logging_mixin.py:149} INFO - [2023-05-12T19:07:17.001+0000] {dagbag.py:541} INFO - Filling up the DagBag from /home/airflow/.local/lib/python3.7/site-packages/airflow/example_dags/example_params_trigger_ui.py
[2023-05-12T19:07:17.242+0000] {processor.py:809} INFO - DAG(s) dict_keys(['example_params_trigger_ui']) retrieved from /home/airflow/.local/lib/python3.7/site-packages/airflow/example_dags/example_params_trigger_ui.py
[2023-05-12T19:07:19.673+0000] {logging_mixin.py:149} INFO - [2023-05-12T19:07:19.670+0000] {manager.py:504} INFO - Created Permission View: can delete on DAG:example_params_trigger_ui
[2023-05-12T19:07:19.796+0000] {logging_mixin.py:149} INFO - [2023-05-12T19:07:19.796+0000] {manager.py:504} INFO - Created Permission View: can edit on DAG:example_params_trigger_ui
[2023-05-12T19:07:19.948+0000] {logging_mixin.py:149} INFO - [2023-05-12T19:07:19.947+0000] {manager.py:504} INFO - Created Permission View: can read on DAG:example_params_trigger_ui
[2023-05-12T19:07:19.963+0000] {logging_mixin.py:149} INFO - [2023-05-12T19:07:19.959+0000] {dag.py:2726} INFO - Sync 1 DAGs
[2023-05-12T19:07:20.127+0000] {logging_mixin.py:149} INFO - [2023-05-12T19:07:20.127+0000] {dag.py:2747} INFO - Creating ORM DAG for example_params_trigger_ui
[2023-05-12T19:07:20.263+0000] {logging_mixin.py:149} INFO - [2023-05-12T19:07:20.262+0000] {dag.py:3490} INFO - Setting next_dagrun for example_params_trigger_ui to None, run_after=None
[2023-05-12T19:07:20.529+0000] {processor.py:178} INFO - Processing /home/airflow/.local/lib/python3.7/site-packages/airflow/example_dags/example_params_trigger_ui.py took 3.562 seconds
[2023-05-12T19:08:29.818+0000] {processor.py:156} INFO - Started process (PID=124) to work on /home/airflow/.local/lib/python3.7/site-packages/airflow/example_dags/example_params_trigger_ui.py
[2023-05-12T19:08:29.821+0000] {processor.py:799} INFO - Processing file /home/airflow/.local/lib/python3.7/site-packages/airflow/example_dags/example_params_trigger_ui.py for tasks to queue
[2023-05-12T19:08:29.823+0000] {logging_mixin.py:149} INFO - [2023-05-12T19:08:29.823+0000] {dagbag.py:541} INFO - Filling up the DagBag from /home/airflow/.local/lib/python3.7/site-packages/airflow/example_dags/example_params_trigger_ui.py
[2023-05-12T19:08:29.894+0000] {processor.py:809} INFO - DAG(s) dict_keys(['example_params_trigger_ui']) retrieved from /home/airflow/.local/lib/python3.7/site-packages/airflow/example_dags/example_params_trigger_ui.py
[2023-05-12T19:08:30.207+0000] {logging_mixin.py:149} INFO - [2023-05-12T19:08:30.206+0000] {dag.py:2726} INFO - Sync 1 DAGs
[2023-05-12T19:08:30.323+0000] {logging_mixin.py:149} INFO - [2023-05-12T19:08:30.322+0000] {dag.py:3490} INFO - Setting next_dagrun for example_params_trigger_ui to None, run_after=None
[2023-05-12T19:08:30.526+0000] {processor.py:178} INFO - Processing /home/airflow/.local/lib/python3.7/site-packages/airflow/example_dags/example_params_trigger_ui.py took 0.717 seconds
[2023-05-12T19:09:06.289+0000] {processor.py:156} INFO - Started process (PID=169) to work on /home/airflow/.local/lib/python3.7/site-packages/airflow/example_dags/example_params_trigger_ui.py
[2023-05-12T19:09:06.292+0000] {processor.py:799} INFO - Processing file /home/airflow/.local/lib/python3.7/site-packages/airflow/example_dags/example_params_trigger_ui.py for tasks to queue
[2023-05-12T19:09:06.294+0000] {logging_mixin.py:149} INFO - [2023-05-12T19:09:06.294+0000] {dagbag.py:541} INFO - Filling up the DagBag from /home/airflow/.local/lib/python3.7/site-packages/airflow/example_dags/example_params_trigger_ui.py
[2023-05-12T19:09:06.344+0000] {processor.py:809} INFO - DAG(s) dict_keys(['example_params_trigger_ui']) retrieved from /home/airflow/.local/lib/python3.7/site-packages/airflow/example_dags/example_params_trigger_ui.py
[2023-05-12T19:09:06.620+0000] {logging_mixin.py:149} INFO - [2023-05-12T19:09:06.620+0000] {dag.py:2726} INFO - Sync 1 DAGs
[2023-05-12T19:09:06.705+0000] {logging_mixin.py:149} INFO - [2023-05-12T19:09:06.704+0000] {dag.py:3490} INFO - Setting next_dagrun for example_params_trigger_ui to None, run_after=None
[2023-05-12T19:09:06.972+0000] {processor.py:178} INFO - Processing /home/airflow/.local/lib/python3.7/site-packages/airflow/example_dags/example_params_trigger_ui.py took 0.691 seconds
[2023-05-12T19:09:40.022+0000] {processor.py:156} INFO - Started process (PID=226) to work on /home/airflow/.local/lib/python3.7/site-packages/airflow/example_dags/example_params_trigger_ui.py
[2023-05-12T19:09:40.024+0000] {processor.py:799} INFO - Processing file /home/airflow/.local/lib/python3.7/site-packages/airflow/example_dags/example_params_trigger_ui.py for tasks to queue
[2023-05-12T19:09:40.026+0000] {logging_mixin.py:149} INFO - [2023-05-12T19:09:40.026+0000] {dagbag.py:541} INFO - Filling up the DagBag from /home/airflow/.local/lib/python3.7/site-packages/airflow/example_dags/example_params_trigger_ui.py
[2023-05-12T19:09:40.077+0000] {processor.py:809} INFO - DAG(s) dict_keys(['example_params_trigger_ui']) retrieved from /home/airflow/.local/lib/python3.7/site-packages/airflow/example_dags/example_params_trigger_ui.py
[2023-05-12T19:09:40.338+0000] {logging_mixin.py:149} INFO - [2023-05-12T19:09:40.337+0000] {dag.py:2726} INFO - Sync 1 DAGs
[2023-05-12T19:09:40.400+0000] {logging_mixin.py:149} INFO - [2023-05-12T19:09:40.399+0000] {dag.py:3490} INFO - Setting next_dagrun for example_params_trigger_ui to None, run_after=None
[2023-05-12T19:09:40.633+0000] {processor.py:178} INFO - Processing /home/airflow/.local/lib/python3.7/site-packages/airflow/example_dags/example_params_trigger_ui.py took 0.617 seconds
[2023-05-12T19:10:12.001+0000] {processor.py:156} INFO - Started process (PID=283) to work on /home/airflow/.local/lib/python3.7/site-packages/airflow/example_dags/example_params_trigger_ui.py
[2023-05-12T19:10:12.014+0000] {processor.py:799} INFO - Processing file /home/airflow/.local/lib/python3.7/site-packages/airflow/example_dags/example_params_trigger_ui.py for tasks to queue
[2023-05-12T19:10:12.018+0000] {logging_mixin.py:149} INFO - [2023-05-12T19:10:12.018+0000] {dagbag.py:541} INFO - Filling up the DagBag from /home/airflow/.local/lib/python3.7/site-packages/airflow/example_dags/example_params_trigger_ui.py
[2023-05-12T19:10:12.193+0000] {processor.py:809} INFO - DAG(s) dict_keys(['example_params_trigger_ui']) retrieved from /home/airflow/.local/lib/python3.7/site-packages/airflow/example_dags/example_params_trigger_ui.py
[2023-05-12T19:10:12.691+0000] {logging_mixin.py:149} INFO - [2023-05-12T19:10:12.691+0000] {dag.py:2726} INFO - Sync 1 DAGs
[2023-05-12T19:10:12.852+0000] {logging_mixin.py:149} INFO - [2023-05-12T19:10:12.852+0000] {dag.py:3490} INFO - Setting next_dagrun for example_params_trigger_ui to None, run_after=None
[2023-05-12T19:10:13.138+0000] {processor.py:178} INFO - Processing /home/airflow/.local/lib/python3.7/site-packages/airflow/example_dags/example_params_trigger_ui.py took 1.146 seconds
[2023-05-12T19:10:44.442+0000] {processor.py:156} INFO - Started process (PID=341) to work on /home/airflow/.local/lib/python3.7/site-packages/airflow/example_dags/example_params_trigger_ui.py
[2023-05-12T19:10:44.447+0000] {processor.py:799} INFO - Processing file /home/airflow/.local/lib/python3.7/site-packages/airflow/example_dags/example_params_trigger_ui.py for tasks to queue
[2023-05-12T19:10:44.456+0000] {logging_mixin.py:149} INFO - [2023-05-12T19:10:44.452+0000] {dagbag.py:541} INFO - Filling up the DagBag from /home/airflow/.local/lib/python3.7/site-packages/airflow/example_dags/example_params_trigger_ui.py
[2023-05-12T19:10:44.596+0000] {processor.py:809} INFO - DAG(s) dict_keys(['example_params_trigger_ui']) retrieved from /home/airflow/.local/lib/python3.7/site-packages/airflow/example_dags/example_params_trigger_ui.py
[2023-05-12T19:10:45.209+0000] {logging_mixin.py:149} INFO - [2023-05-12T19:10:45.208+0000] {dag.py:2726} INFO - Sync 1 DAGs
[2023-05-12T19:10:45.310+0000] {logging_mixin.py:149} INFO - [2023-05-12T19:10:45.309+0000] {dag.py:3490} INFO - Setting next_dagrun for example_params_trigger_ui to None, run_after=None
[2023-05-12T19:10:45.504+0000] {processor.py:178} INFO - Processing /home/airflow/.local/lib/python3.7/site-packages/airflow/example_dags/example_params_trigger_ui.py took 1.093 seconds
[2023-05-12T19:11:17.033+0000] {processor.py:156} INFO - Started process (PID=395) to work on /home/airflow/.local/lib/python3.7/site-packages/airflow/example_dags/example_params_trigger_ui.py
[2023-05-12T19:11:17.035+0000] {processor.py:799} INFO - Processing file /home/airflow/.local/lib/python3.7/site-packages/airflow/example_dags/example_params_trigger_ui.py for tasks to queue
[2023-05-12T19:11:17.037+0000] {logging_mixin.py:149} INFO - [2023-05-12T19:11:17.036+0000] {dagbag.py:541} INFO - Filling up the DagBag from /home/airflow/.local/lib/python3.7/site-packages/airflow/example_dags/example_params_trigger_ui.py
[2023-05-12T19:11:17.103+0000] {processor.py:809} INFO - DAG(s) dict_keys(['example_params_trigger_ui']) retrieved from /home/airflow/.local/lib/python3.7/site-packages/airflow/example_dags/example_params_trigger_ui.py
[2023-05-12T19:11:17.821+0000] {logging_mixin.py:149} INFO - [2023-05-12T19:11:17.820+0000] {dag.py:2726} INFO - Sync 1 DAGs
[2023-05-12T19:11:17.934+0000] {logging_mixin.py:149} INFO - [2023-05-12T19:11:17.934+0000] {dag.py:3490} INFO - Setting next_dagrun for example_params_trigger_ui to None, run_after=None
[2023-05-12T19:11:18.153+0000] {processor.py:178} INFO - Processing /home/airflow/.local/lib/python3.7/site-packages/airflow/example_dags/example_params_trigger_ui.py took 1.131 seconds
[2023-05-12T19:11:48.940+0000] {processor.py:156} INFO - Started process (PID=450) to work on /home/airflow/.local/lib/python3.7/site-packages/airflow/example_dags/example_params_trigger_ui.py
[2023-05-12T19:11:48.943+0000] {processor.py:799} INFO - Processing file /home/airflow/.local/lib/python3.7/site-packages/airflow/example_dags/example_params_trigger_ui.py for tasks to queue
[2023-05-12T19:11:48.954+0000] {logging_mixin.py:149} INFO - [2023-05-12T19:11:48.953+0000] {dagbag.py:541} INFO - Filling up the DagBag from /home/airflow/.local/lib/python3.7/site-packages/airflow/example_dags/example_params_trigger_ui.py
[2023-05-12T19:11:49.122+0000] {processor.py:809} INFO - DAG(s) dict_keys(['example_params_trigger_ui']) retrieved from /home/airflow/.local/lib/python3.7/site-packages/airflow/example_dags/example_params_trigger_ui.py
[2023-05-12T19:11:49.477+0000] {logging_mixin.py:149} INFO - [2023-05-12T19:11:49.477+0000] {dag.py:2726} INFO - Sync 1 DAGs
[2023-05-12T19:11:49.561+0000] {logging_mixin.py:149} INFO - [2023-05-12T19:11:49.560+0000] {dag.py:3490} INFO - Setting next_dagrun for example_params_trigger_ui to None, run_after=None
[2023-05-12T19:11:49.739+0000] {processor.py:178} INFO - Processing /home/airflow/.local/lib/python3.7/site-packages/airflow/example_dags/example_params_trigger_ui.py took 0.820 seconds
