[2023-05-12T19:07:56.417+0000] {processor.py:156} INFO - Started process (PID=85) to work on /home/airflow/.local/lib/python3.7/site-packages/airflow/example_dags/example_external_task_marker_dag.py
[2023-05-12T19:07:56.424+0000] {processor.py:799} INFO - Processing file /home/airflow/.local/lib/python3.7/site-packages/airflow/example_dags/example_external_task_marker_dag.py for tasks to queue
[2023-05-12T19:07:56.427+0000] {logging_mixin.py:149} INFO - [2023-05-12T19:07:56.426+0000] {dagbag.py:541} INFO - Filling up the DagBag from /home/airflow/.local/lib/python3.7/site-packages/airflow/example_dags/example_external_task_marker_dag.py
[2023-05-12T19:07:56.461+0000] {processor.py:809} INFO - DAG(s) dict_keys(['example_external_task_marker_child', 'example_external_task_marker_parent']) retrieved from /home/airflow/.local/lib/python3.7/site-packages/airflow/example_dags/example_external_task_marker_dag.py
[2023-05-12T19:07:57.145+0000] {logging_mixin.py:149} INFO - [2023-05-12T19:07:57.144+0000] {manager.py:504} INFO - Created Permission View: can delete on DAG:example_external_task_marker_child
[2023-05-12T19:07:57.260+0000] {logging_mixin.py:149} INFO - [2023-05-12T19:07:57.260+0000] {manager.py:504} INFO - Created Permission View: can edit on DAG:example_external_task_marker_child
[2023-05-12T19:07:57.405+0000] {logging_mixin.py:149} INFO - [2023-05-12T19:07:57.405+0000] {manager.py:504} INFO - Created Permission View: can read on DAG:example_external_task_marker_child
[2023-05-12T19:07:57.597+0000] {logging_mixin.py:149} INFO - [2023-05-12T19:07:57.594+0000] {manager.py:504} INFO - Created Permission View: can delete on DAG:example_external_task_marker_parent
[2023-05-12T19:07:57.735+0000] {logging_mixin.py:149} INFO - [2023-05-12T19:07:57.734+0000] {manager.py:504} INFO - Created Permission View: can edit on DAG:example_external_task_marker_parent
[2023-05-12T19:07:57.828+0000] {logging_mixin.py:149} INFO - [2023-05-12T19:07:57.828+0000] {manager.py:504} INFO - Created Permission View: can read on DAG:example_external_task_marker_parent
[2023-05-12T19:07:57.830+0000] {logging_mixin.py:149} INFO - [2023-05-12T19:07:57.830+0000] {dag.py:2726} INFO - Sync 2 DAGs
[2023-05-12T19:07:57.900+0000] {logging_mixin.py:149} INFO - [2023-05-12T19:07:57.900+0000] {dag.py:2747} INFO - Creating ORM DAG for example_external_task_marker_child
[2023-05-12T19:07:57.903+0000] {logging_mixin.py:149} INFO - [2023-05-12T19:07:57.903+0000] {dag.py:2747} INFO - Creating ORM DAG for example_external_task_marker_parent
[2023-05-12T19:07:57.958+0000] {logging_mixin.py:149} INFO - [2023-05-12T19:07:57.957+0000] {dag.py:3490} INFO - Setting next_dagrun for example_external_task_marker_child to None, run_after=None
[2023-05-12T19:07:57.963+0000] {logging_mixin.py:149} INFO - [2023-05-12T19:07:57.961+0000] {dag.py:3490} INFO - Setting next_dagrun for example_external_task_marker_parent to None, run_after=None
[2023-05-12T19:07:58.128+0000] {processor.py:178} INFO - Processing /home/airflow/.local/lib/python3.7/site-packages/airflow/example_dags/example_external_task_marker_dag.py took 1.724 seconds
[2023-05-12T19:08:57.176+0000] {processor.py:156} INFO - Started process (PID=150) to work on /home/airflow/.local/lib/python3.7/site-packages/airflow/example_dags/example_external_task_marker_dag.py
[2023-05-12T19:08:57.178+0000] {processor.py:799} INFO - Processing file /home/airflow/.local/lib/python3.7/site-packages/airflow/example_dags/example_external_task_marker_dag.py for tasks to queue
[2023-05-12T19:08:57.180+0000] {logging_mixin.py:149} INFO - [2023-05-12T19:08:57.180+0000] {dagbag.py:541} INFO - Filling up the DagBag from /home/airflow/.local/lib/python3.7/site-packages/airflow/example_dags/example_external_task_marker_dag.py
[2023-05-12T19:08:57.206+0000] {processor.py:809} INFO - DAG(s) dict_keys(['example_external_task_marker_child', 'example_external_task_marker_parent']) retrieved from /home/airflow/.local/lib/python3.7/site-packages/airflow/example_dags/example_external_task_marker_dag.py
[2023-05-12T19:08:57.286+0000] {logging_mixin.py:149} INFO - [2023-05-12T19:08:57.286+0000] {dag.py:2726} INFO - Sync 2 DAGs
[2023-05-12T19:08:57.345+0000] {logging_mixin.py:149} INFO - [2023-05-12T19:08:57.345+0000] {dag.py:3490} INFO - Setting next_dagrun for example_external_task_marker_child to None, run_after=None
[2023-05-12T19:08:57.353+0000] {logging_mixin.py:149} INFO - [2023-05-12T19:08:57.352+0000] {dag.py:3490} INFO - Setting next_dagrun for example_external_task_marker_parent to None, run_after=None
[2023-05-12T19:08:57.918+0000] {processor.py:178} INFO - Processing /home/airflow/.local/lib/python3.7/site-packages/airflow/example_dags/example_external_task_marker_dag.py took 0.751 seconds
[2023-05-12T19:09:28.608+0000] {processor.py:156} INFO - Started process (PID=207) to work on /home/airflow/.local/lib/python3.7/site-packages/airflow/example_dags/example_external_task_marker_dag.py
[2023-05-12T19:09:28.611+0000] {processor.py:799} INFO - Processing file /home/airflow/.local/lib/python3.7/site-packages/airflow/example_dags/example_external_task_marker_dag.py for tasks to queue
[2023-05-12T19:09:28.613+0000] {logging_mixin.py:149} INFO - [2023-05-12T19:09:28.613+0000] {dagbag.py:541} INFO - Filling up the DagBag from /home/airflow/.local/lib/python3.7/site-packages/airflow/example_dags/example_external_task_marker_dag.py
[2023-05-12T19:09:28.640+0000] {processor.py:809} INFO - DAG(s) dict_keys(['example_external_task_marker_parent', 'example_external_task_marker_child']) retrieved from /home/airflow/.local/lib/python3.7/site-packages/airflow/example_dags/example_external_task_marker_dag.py
[2023-05-12T19:09:28.719+0000] {logging_mixin.py:149} INFO - [2023-05-12T19:09:28.718+0000] {dag.py:2726} INFO - Sync 2 DAGs
[2023-05-12T19:09:28.776+0000] {logging_mixin.py:149} INFO - [2023-05-12T19:09:28.776+0000] {dag.py:3490} INFO - Setting next_dagrun for example_external_task_marker_child to None, run_after=None
[2023-05-12T19:09:28.786+0000] {logging_mixin.py:149} INFO - [2023-05-12T19:09:28.786+0000] {dag.py:3490} INFO - Setting next_dagrun for example_external_task_marker_parent to None, run_after=None
[2023-05-12T19:09:28.902+0000] {processor.py:178} INFO - Processing /home/airflow/.local/lib/python3.7/site-packages/airflow/example_dags/example_external_task_marker_dag.py took 0.310 seconds
[2023-05-12T19:09:59.834+0000] {processor.py:156} INFO - Started process (PID=259) to work on /home/airflow/.local/lib/python3.7/site-packages/airflow/example_dags/example_external_task_marker_dag.py
[2023-05-12T19:09:59.837+0000] {processor.py:799} INFO - Processing file /home/airflow/.local/lib/python3.7/site-packages/airflow/example_dags/example_external_task_marker_dag.py for tasks to queue
[2023-05-12T19:09:59.840+0000] {logging_mixin.py:149} INFO - [2023-05-12T19:09:59.839+0000] {dagbag.py:541} INFO - Filling up the DagBag from /home/airflow/.local/lib/python3.7/site-packages/airflow/example_dags/example_external_task_marker_dag.py
[2023-05-12T19:09:59.892+0000] {processor.py:809} INFO - DAG(s) dict_keys(['example_external_task_marker_parent', 'example_external_task_marker_child']) retrieved from /home/airflow/.local/lib/python3.7/site-packages/airflow/example_dags/example_external_task_marker_dag.py
[2023-05-12T19:10:00.048+0000] {logging_mixin.py:149} INFO - [2023-05-12T19:10:00.048+0000] {dag.py:2726} INFO - Sync 2 DAGs
[2023-05-12T19:10:00.168+0000] {logging_mixin.py:149} INFO - [2023-05-12T19:10:00.167+0000] {dag.py:3490} INFO - Setting next_dagrun for example_external_task_marker_child to None, run_after=None
[2023-05-12T19:10:00.180+0000] {logging_mixin.py:149} INFO - [2023-05-12T19:10:00.180+0000] {dag.py:3490} INFO - Setting next_dagrun for example_external_task_marker_parent to None, run_after=None
[2023-05-12T19:10:00.263+0000] {processor.py:178} INFO - Processing /home/airflow/.local/lib/python3.7/site-packages/airflow/example_dags/example_external_task_marker_dag.py took 0.446 seconds
[2023-05-12T19:10:31.383+0000] {processor.py:156} INFO - Started process (PID=317) to work on /home/airflow/.local/lib/python3.7/site-packages/airflow/example_dags/example_external_task_marker_dag.py
[2023-05-12T19:10:31.387+0000] {processor.py:799} INFO - Processing file /home/airflow/.local/lib/python3.7/site-packages/airflow/example_dags/example_external_task_marker_dag.py for tasks to queue
[2023-05-12T19:10:31.390+0000] {logging_mixin.py:149} INFO - [2023-05-12T19:10:31.389+0000] {dagbag.py:541} INFO - Filling up the DagBag from /home/airflow/.local/lib/python3.7/site-packages/airflow/example_dags/example_external_task_marker_dag.py
[2023-05-12T19:10:31.425+0000] {processor.py:809} INFO - DAG(s) dict_keys(['example_external_task_marker_parent', 'example_external_task_marker_child']) retrieved from /home/airflow/.local/lib/python3.7/site-packages/airflow/example_dags/example_external_task_marker_dag.py
[2023-05-12T19:10:31.703+0000] {logging_mixin.py:149} INFO - [2023-05-12T19:10:31.702+0000] {dag.py:2726} INFO - Sync 2 DAGs
[2023-05-12T19:10:31.806+0000] {logging_mixin.py:149} INFO - [2023-05-12T19:10:31.805+0000] {dag.py:3490} INFO - Setting next_dagrun for example_external_task_marker_child to None, run_after=None
[2023-05-12T19:10:31.817+0000] {logging_mixin.py:149} INFO - [2023-05-12T19:10:31.817+0000] {dag.py:3490} INFO - Setting next_dagrun for example_external_task_marker_parent to None, run_after=None
[2023-05-12T19:10:31.918+0000] {processor.py:178} INFO - Processing /home/airflow/.local/lib/python3.7/site-packages/airflow/example_dags/example_external_task_marker_dag.py took 0.548 seconds
[2023-05-12T19:11:03.293+0000] {processor.py:156} INFO - Started process (PID=374) to work on /home/airflow/.local/lib/python3.7/site-packages/airflow/example_dags/example_external_task_marker_dag.py
[2023-05-12T19:11:03.296+0000] {processor.py:799} INFO - Processing file /home/airflow/.local/lib/python3.7/site-packages/airflow/example_dags/example_external_task_marker_dag.py for tasks to queue
[2023-05-12T19:11:03.298+0000] {logging_mixin.py:149} INFO - [2023-05-12T19:11:03.297+0000] {dagbag.py:541} INFO - Filling up the DagBag from /home/airflow/.local/lib/python3.7/site-packages/airflow/example_dags/example_external_task_marker_dag.py
[2023-05-12T19:11:03.314+0000] {processor.py:809} INFO - DAG(s) dict_keys(['example_external_task_marker_parent', 'example_external_task_marker_child']) retrieved from /home/airflow/.local/lib/python3.7/site-packages/airflow/example_dags/example_external_task_marker_dag.py
[2023-05-12T19:11:03.387+0000] {logging_mixin.py:149} INFO - [2023-05-12T19:11:03.386+0000] {dag.py:2726} INFO - Sync 2 DAGs
[2023-05-12T19:11:03.456+0000] {logging_mixin.py:149} INFO - [2023-05-12T19:11:03.456+0000] {dag.py:3490} INFO - Setting next_dagrun for example_external_task_marker_child to None, run_after=None
[2023-05-12T19:11:03.470+0000] {logging_mixin.py:149} INFO - [2023-05-12T19:11:03.469+0000] {dag.py:3490} INFO - Setting next_dagrun for example_external_task_marker_parent to None, run_after=None
[2023-05-12T19:11:03.588+0000] {processor.py:178} INFO - Processing /home/airflow/.local/lib/python3.7/site-packages/airflow/example_dags/example_external_task_marker_dag.py took 0.302 seconds
[2023-05-12T19:11:34.427+0000] {processor.py:156} INFO - Started process (PID=430) to work on /home/airflow/.local/lib/python3.7/site-packages/airflow/example_dags/example_external_task_marker_dag.py
[2023-05-12T19:11:34.430+0000] {processor.py:799} INFO - Processing file /home/airflow/.local/lib/python3.7/site-packages/airflow/example_dags/example_external_task_marker_dag.py for tasks to queue
[2023-05-12T19:11:34.432+0000] {logging_mixin.py:149} INFO - [2023-05-12T19:11:34.432+0000] {dagbag.py:541} INFO - Filling up the DagBag from /home/airflow/.local/lib/python3.7/site-packages/airflow/example_dags/example_external_task_marker_dag.py
[2023-05-12T19:11:34.458+0000] {processor.py:809} INFO - DAG(s) dict_keys(['example_external_task_marker_child', 'example_external_task_marker_parent']) retrieved from /home/airflow/.local/lib/python3.7/site-packages/airflow/example_dags/example_external_task_marker_dag.py
[2023-05-12T19:11:34.564+0000] {logging_mixin.py:149} INFO - [2023-05-12T19:11:34.563+0000] {dag.py:2726} INFO - Sync 2 DAGs
[2023-05-12T19:11:34.681+0000] {logging_mixin.py:149} INFO - [2023-05-12T19:11:34.677+0000] {dag.py:3490} INFO - Setting next_dagrun for example_external_task_marker_child to None, run_after=None
[2023-05-12T19:11:34.702+0000] {logging_mixin.py:149} INFO - [2023-05-12T19:11:34.702+0000] {dag.py:3490} INFO - Setting next_dagrun for example_external_task_marker_parent to None, run_after=None
[2023-05-12T19:11:34.881+0000] {processor.py:178} INFO - Processing /home/airflow/.local/lib/python3.7/site-packages/airflow/example_dags/example_external_task_marker_dag.py took 0.468 seconds
