[2023-05-12T19:07:53.733+0000] {processor.py:156} INFO - Started process (PID=83) to work on /home/airflow/.local/lib/python3.7/site-packages/airflow/example_dags/example_datasets.py
[2023-05-12T19:07:53.738+0000] {processor.py:799} INFO - Processing file /home/airflow/.local/lib/python3.7/site-packages/airflow/example_dags/example_datasets.py for tasks to queue
[2023-05-12T19:07:53.740+0000] {logging_mixin.py:149} INFO - [2023-05-12T19:07:53.740+0000] {dagbag.py:541} INFO - Filling up the DagBag from /home/airflow/.local/lib/python3.7/site-packages/airflow/example_dags/example_datasets.py
[2023-05-12T19:07:53.823+0000] {processor.py:809} INFO - DAG(s) dict_keys(['dataset_produces_2', 'dataset_consumes_1', 'dataset_consumes_1_and_2', 'dataset_consumes_1_never_scheduled', 'dataset_produces_1', 'dataset_consumes_unknown_never_scheduled']) retrieved from /home/airflow/.local/lib/python3.7/site-packages/airflow/example_dags/example_datasets.py
[2023-05-12T19:07:54.434+0000] {logging_mixin.py:149} INFO - [2023-05-12T19:07:54.434+0000] {manager.py:504} INFO - Created Permission View: can delete on DAG:dataset_produces_2
[2023-05-12T19:07:54.601+0000] {logging_mixin.py:149} INFO - [2023-05-12T19:07:54.601+0000] {manager.py:504} INFO - Created Permission View: can edit on DAG:dataset_produces_2
[2023-05-12T19:07:54.734+0000] {logging_mixin.py:149} INFO - [2023-05-12T19:07:54.733+0000] {manager.py:504} INFO - Created Permission View: can read on DAG:dataset_produces_2
[2023-05-12T19:07:55.057+0000] {logging_mixin.py:149} INFO - [2023-05-12T19:07:55.056+0000] {manager.py:504} INFO - Created Permission View: can delete on DAG:dataset_consumes_1
[2023-05-12T19:07:55.165+0000] {logging_mixin.py:149} INFO - [2023-05-12T19:07:55.165+0000] {manager.py:504} INFO - Created Permission View: can edit on DAG:dataset_consumes_1
[2023-05-12T19:07:55.262+0000] {logging_mixin.py:149} INFO - [2023-05-12T19:07:55.261+0000] {manager.py:504} INFO - Created Permission View: can read on DAG:dataset_consumes_1
[2023-05-12T19:07:55.512+0000] {logging_mixin.py:149} INFO - [2023-05-12T19:07:55.512+0000] {manager.py:504} INFO - Created Permission View: can delete on DAG:dataset_consumes_1_and_2
[2023-05-12T19:07:55.661+0000] {logging_mixin.py:149} INFO - [2023-05-12T19:07:55.660+0000] {manager.py:504} INFO - Created Permission View: can edit on DAG:dataset_consumes_1_and_2
[2023-05-12T19:07:55.773+0000] {logging_mixin.py:149} INFO - [2023-05-12T19:07:55.772+0000] {manager.py:504} INFO - Created Permission View: can read on DAG:dataset_consumes_1_and_2
[2023-05-12T19:07:56.123+0000] {logging_mixin.py:149} INFO - [2023-05-12T19:07:56.122+0000] {manager.py:504} INFO - Created Permission View: can delete on DAG:dataset_consumes_1_never_scheduled
[2023-05-12T19:07:56.235+0000] {logging_mixin.py:149} INFO - [2023-05-12T19:07:56.235+0000] {manager.py:504} INFO - Created Permission View: can edit on DAG:dataset_consumes_1_never_scheduled
[2023-05-12T19:07:56.401+0000] {logging_mixin.py:149} INFO - [2023-05-12T19:07:56.400+0000] {manager.py:504} INFO - Created Permission View: can read on DAG:dataset_consumes_1_never_scheduled
[2023-05-12T19:07:56.578+0000] {logging_mixin.py:149} INFO - [2023-05-12T19:07:56.578+0000] {manager.py:504} INFO - Created Permission View: can delete on DAG:dataset_produces_1
[2023-05-12T19:07:56.716+0000] {logging_mixin.py:149} INFO - [2023-05-12T19:07:56.716+0000] {manager.py:504} INFO - Created Permission View: can edit on DAG:dataset_produces_1
[2023-05-12T19:07:56.842+0000] {logging_mixin.py:149} INFO - [2023-05-12T19:07:56.841+0000] {manager.py:504} INFO - Created Permission View: can read on DAG:dataset_produces_1
[2023-05-12T19:07:57.145+0000] {logging_mixin.py:149} INFO - [2023-05-12T19:07:57.144+0000] {manager.py:504} INFO - Created Permission View: can delete on DAG:dataset_consumes_unknown_never_scheduled
[2023-05-12T19:07:57.211+0000] {logging_mixin.py:149} INFO - [2023-05-12T19:07:57.210+0000] {manager.py:504} INFO - Created Permission View: can edit on DAG:dataset_consumes_unknown_never_scheduled
[2023-05-12T19:07:57.322+0000] {logging_mixin.py:149} INFO - [2023-05-12T19:07:57.322+0000] {manager.py:504} INFO - Created Permission View: can read on DAG:dataset_consumes_unknown_never_scheduled
[2023-05-12T19:07:57.324+0000] {logging_mixin.py:149} INFO - [2023-05-12T19:07:57.323+0000] {dag.py:2726} INFO - Sync 6 DAGs
[2023-05-12T19:07:57.358+0000] {logging_mixin.py:149} INFO - [2023-05-12T19:07:57.358+0000] {dag.py:2747} INFO - Creating ORM DAG for dataset_consumes_1
[2023-05-12T19:07:57.360+0000] {logging_mixin.py:149} INFO - [2023-05-12T19:07:57.359+0000] {dag.py:2747} INFO - Creating ORM DAG for dataset_consumes_unknown_never_scheduled
[2023-05-12T19:07:57.361+0000] {logging_mixin.py:149} INFO - [2023-05-12T19:07:57.361+0000] {dag.py:2747} INFO - Creating ORM DAG for dataset_produces_1
[2023-05-12T19:07:57.363+0000] {logging_mixin.py:149} INFO - [2023-05-12T19:07:57.363+0000] {dag.py:2747} INFO - Creating ORM DAG for dataset_consumes_1_never_scheduled
[2023-05-12T19:07:57.365+0000] {logging_mixin.py:149} INFO - [2023-05-12T19:07:57.365+0000] {dag.py:2747} INFO - Creating ORM DAG for dataset_produces_2
[2023-05-12T19:07:57.368+0000] {logging_mixin.py:149} INFO - [2023-05-12T19:07:57.367+0000] {dag.py:2747} INFO - Creating ORM DAG for dataset_consumes_1_and_2
[2023-05-12T19:07:57.396+0000] {logging_mixin.py:149} INFO - [2023-05-12T19:07:57.396+0000] {dag.py:3490} INFO - Setting next_dagrun for dataset_consumes_1 to None, run_after=None
[2023-05-12T19:07:57.399+0000] {logging_mixin.py:149} INFO - [2023-05-12T19:07:57.398+0000] {dag.py:3490} INFO - Setting next_dagrun for dataset_consumes_1_and_2 to None, run_after=None
[2023-05-12T19:07:57.400+0000] {logging_mixin.py:149} INFO - [2023-05-12T19:07:57.400+0000] {dag.py:3490} INFO - Setting next_dagrun for dataset_consumes_1_never_scheduled to None, run_after=None
[2023-05-12T19:07:57.402+0000] {logging_mixin.py:149} INFO - [2023-05-12T19:07:57.402+0000] {dag.py:3490} INFO - Setting next_dagrun for dataset_consumes_unknown_never_scheduled to None, run_after=None
[2023-05-12T19:07:57.411+0000] {logging_mixin.py:149} INFO - [2023-05-12T19:07:57.410+0000] {dag.py:3490} INFO - Setting next_dagrun for dataset_produces_1 to 2023-05-11T00:00:00+00:00, run_after=2023-05-12T00:00:00+00:00
[2023-05-12T19:07:57.416+0000] {logging_mixin.py:149} INFO - [2023-05-12T19:07:57.416+0000] {dag.py:3490} INFO - Setting next_dagrun for dataset_produces_2 to None, run_after=None
[2023-05-12T19:07:57.723+0000] {processor.py:178} INFO - Processing /home/airflow/.local/lib/python3.7/site-packages/airflow/example_dags/example_datasets.py took 3.961 seconds
[2023-05-12T19:08:55.593+0000] {processor.py:156} INFO - Started process (PID=148) to work on /home/airflow/.local/lib/python3.7/site-packages/airflow/example_dags/example_datasets.py
[2023-05-12T19:08:55.596+0000] {processor.py:799} INFO - Processing file /home/airflow/.local/lib/python3.7/site-packages/airflow/example_dags/example_datasets.py for tasks to queue
[2023-05-12T19:08:55.598+0000] {logging_mixin.py:149} INFO - [2023-05-12T19:08:55.598+0000] {dagbag.py:541} INFO - Filling up the DagBag from /home/airflow/.local/lib/python3.7/site-packages/airflow/example_dags/example_datasets.py
[2023-05-12T19:08:56.181+0000] {processor.py:809} INFO - DAG(s) dict_keys(['dataset_consumes_1_never_scheduled', 'dataset_produces_1', 'dataset_consumes_unknown_never_scheduled', 'dataset_consumes_1_and_2', 'dataset_produces_2', 'dataset_consumes_1']) retrieved from /home/airflow/.local/lib/python3.7/site-packages/airflow/example_dags/example_datasets.py
[2023-05-12T19:08:56.596+0000] {logging_mixin.py:149} INFO - [2023-05-12T19:08:56.596+0000] {dag.py:2726} INFO - Sync 6 DAGs
[2023-05-12T19:08:56.671+0000] {logging_mixin.py:149} INFO - [2023-05-12T19:08:56.671+0000] {dag.py:3490} INFO - Setting next_dagrun for dataset_consumes_1 to None, run_after=None
[2023-05-12T19:08:56.681+0000] {logging_mixin.py:149} INFO - [2023-05-12T19:08:56.680+0000] {dag.py:3490} INFO - Setting next_dagrun for dataset_consumes_1_and_2 to None, run_after=None
[2023-05-12T19:08:56.684+0000] {logging_mixin.py:149} INFO - [2023-05-12T19:08:56.684+0000] {dag.py:3490} INFO - Setting next_dagrun for dataset_consumes_1_never_scheduled to None, run_after=None
[2023-05-12T19:08:56.688+0000] {logging_mixin.py:149} INFO - [2023-05-12T19:08:56.688+0000] {dag.py:3490} INFO - Setting next_dagrun for dataset_consumes_unknown_never_scheduled to None, run_after=None
[2023-05-12T19:08:56.695+0000] {logging_mixin.py:149} INFO - [2023-05-12T19:08:56.694+0000] {dag.py:3490} INFO - Setting next_dagrun for dataset_produces_1 to 2023-05-11T00:00:00+00:00, run_after=2023-05-12T00:00:00+00:00
[2023-05-12T19:08:56.699+0000] {logging_mixin.py:149} INFO - [2023-05-12T19:08:56.699+0000] {dag.py:3490} INFO - Setting next_dagrun for dataset_produces_2 to None, run_after=None
[2023-05-12T19:08:57.036+0000] {processor.py:178} INFO - Processing /home/airflow/.local/lib/python3.7/site-packages/airflow/example_dags/example_datasets.py took 1.451 seconds
[2023-05-12T19:09:27.666+0000] {processor.py:156} INFO - Started process (PID=205) to work on /home/airflow/.local/lib/python3.7/site-packages/airflow/example_dags/example_datasets.py
[2023-05-12T19:09:27.668+0000] {processor.py:799} INFO - Processing file /home/airflow/.local/lib/python3.7/site-packages/airflow/example_dags/example_datasets.py for tasks to queue
[2023-05-12T19:09:27.672+0000] {logging_mixin.py:149} INFO - [2023-05-12T19:09:27.671+0000] {dagbag.py:541} INFO - Filling up the DagBag from /home/airflow/.local/lib/python3.7/site-packages/airflow/example_dags/example_datasets.py
[2023-05-12T19:09:27.696+0000] {processor.py:809} INFO - DAG(s) dict_keys(['dataset_consumes_1', 'dataset_produces_1', 'dataset_consumes_1_never_scheduled', 'dataset_consumes_1_and_2', 'dataset_produces_2', 'dataset_consumes_unknown_never_scheduled']) retrieved from /home/airflow/.local/lib/python3.7/site-packages/airflow/example_dags/example_datasets.py
[2023-05-12T19:09:27.805+0000] {logging_mixin.py:149} INFO - [2023-05-12T19:09:27.805+0000] {dag.py:2726} INFO - Sync 6 DAGs
[2023-05-12T19:09:27.880+0000] {logging_mixin.py:149} INFO - [2023-05-12T19:09:27.880+0000] {dag.py:3490} INFO - Setting next_dagrun for dataset_consumes_1 to None, run_after=None
[2023-05-12T19:09:27.890+0000] {logging_mixin.py:149} INFO - [2023-05-12T19:09:27.890+0000] {dag.py:3490} INFO - Setting next_dagrun for dataset_consumes_1_and_2 to None, run_after=None
[2023-05-12T19:09:27.895+0000] {logging_mixin.py:149} INFO - [2023-05-12T19:09:27.895+0000] {dag.py:3490} INFO - Setting next_dagrun for dataset_consumes_1_never_scheduled to None, run_after=None
[2023-05-12T19:09:27.899+0000] {logging_mixin.py:149} INFO - [2023-05-12T19:09:27.899+0000] {dag.py:3490} INFO - Setting next_dagrun for dataset_consumes_unknown_never_scheduled to None, run_after=None
[2023-05-12T19:09:27.908+0000] {logging_mixin.py:149} INFO - [2023-05-12T19:09:27.908+0000] {dag.py:3490} INFO - Setting next_dagrun for dataset_produces_1 to 2023-05-11T00:00:00+00:00, run_after=2023-05-12T00:00:00+00:00
[2023-05-12T19:09:27.913+0000] {logging_mixin.py:149} INFO - [2023-05-12T19:09:27.913+0000] {dag.py:3490} INFO - Setting next_dagrun for dataset_produces_2 to None, run_after=None
[2023-05-12T19:09:28.110+0000] {processor.py:178} INFO - Processing /home/airflow/.local/lib/python3.7/site-packages/airflow/example_dags/example_datasets.py took 0.452 seconds
[2023-05-12T19:09:58.634+0000] {processor.py:156} INFO - Started process (PID=257) to work on /home/airflow/.local/lib/python3.7/site-packages/airflow/example_dags/example_datasets.py
[2023-05-12T19:09:58.656+0000] {processor.py:799} INFO - Processing file /home/airflow/.local/lib/python3.7/site-packages/airflow/example_dags/example_datasets.py for tasks to queue
[2023-05-12T19:09:58.676+0000] {logging_mixin.py:149} INFO - [2023-05-12T19:09:58.675+0000] {dagbag.py:541} INFO - Filling up the DagBag from /home/airflow/.local/lib/python3.7/site-packages/airflow/example_dags/example_datasets.py
[2023-05-12T19:09:58.854+0000] {processor.py:809} INFO - DAG(s) dict_keys(['dataset_consumes_1_and_2', 'dataset_consumes_unknown_never_scheduled', 'dataset_produces_2', 'dataset_produces_1', 'dataset_consumes_1_never_scheduled', 'dataset_consumes_1']) retrieved from /home/airflow/.local/lib/python3.7/site-packages/airflow/example_dags/example_datasets.py
[2023-05-12T19:09:59.076+0000] {logging_mixin.py:149} INFO - [2023-05-12T19:09:59.075+0000] {dag.py:2726} INFO - Sync 6 DAGs
[2023-05-12T19:09:59.377+0000] {logging_mixin.py:149} INFO - [2023-05-12T19:09:59.377+0000] {dag.py:3490} INFO - Setting next_dagrun for dataset_consumes_1 to None, run_after=None
[2023-05-12T19:09:59.415+0000] {logging_mixin.py:149} INFO - [2023-05-12T19:09:59.415+0000] {dag.py:3490} INFO - Setting next_dagrun for dataset_consumes_1_and_2 to None, run_after=None
[2023-05-12T19:09:59.432+0000] {logging_mixin.py:149} INFO - [2023-05-12T19:09:59.432+0000] {dag.py:3490} INFO - Setting next_dagrun for dataset_consumes_1_never_scheduled to None, run_after=None
[2023-05-12T19:09:59.444+0000] {logging_mixin.py:149} INFO - [2023-05-12T19:09:59.444+0000] {dag.py:3490} INFO - Setting next_dagrun for dataset_consumes_unknown_never_scheduled to None, run_after=None
[2023-05-12T19:09:59.468+0000] {logging_mixin.py:149} INFO - [2023-05-12T19:09:59.467+0000] {dag.py:3490} INFO - Setting next_dagrun for dataset_produces_1 to 2023-05-11T00:00:00+00:00, run_after=2023-05-12T00:00:00+00:00
[2023-05-12T19:09:59.473+0000] {logging_mixin.py:149} INFO - [2023-05-12T19:09:59.472+0000] {dag.py:3490} INFO - Setting next_dagrun for dataset_produces_2 to None, run_after=None
[2023-05-12T19:09:59.705+0000] {processor.py:178} INFO - Processing /home/airflow/.local/lib/python3.7/site-packages/airflow/example_dags/example_datasets.py took 1.163 seconds
[2023-05-12T19:10:29.853+0000] {processor.py:156} INFO - Started process (PID=314) to work on /home/airflow/.local/lib/python3.7/site-packages/airflow/example_dags/example_datasets.py
[2023-05-12T19:10:29.857+0000] {processor.py:799} INFO - Processing file /home/airflow/.local/lib/python3.7/site-packages/airflow/example_dags/example_datasets.py for tasks to queue
[2023-05-12T19:10:29.860+0000] {logging_mixin.py:149} INFO - [2023-05-12T19:10:29.859+0000] {dagbag.py:541} INFO - Filling up the DagBag from /home/airflow/.local/lib/python3.7/site-packages/airflow/example_dags/example_datasets.py
[2023-05-12T19:10:29.891+0000] {processor.py:809} INFO - DAG(s) dict_keys(['dataset_consumes_1', 'dataset_consumes_1_and_2', 'dataset_consumes_1_never_scheduled', 'dataset_produces_2', 'dataset_produces_1', 'dataset_consumes_unknown_never_scheduled']) retrieved from /home/airflow/.local/lib/python3.7/site-packages/airflow/example_dags/example_datasets.py
[2023-05-12T19:10:30.179+0000] {logging_mixin.py:149} INFO - [2023-05-12T19:10:30.178+0000] {dag.py:2726} INFO - Sync 6 DAGs
[2023-05-12T19:10:30.370+0000] {logging_mixin.py:149} INFO - [2023-05-12T19:10:30.370+0000] {dag.py:3490} INFO - Setting next_dagrun for dataset_consumes_1 to None, run_after=None
[2023-05-12T19:10:30.418+0000] {logging_mixin.py:149} INFO - [2023-05-12T19:10:30.418+0000] {dag.py:3490} INFO - Setting next_dagrun for dataset_consumes_1_and_2 to None, run_after=None
[2023-05-12T19:10:30.423+0000] {logging_mixin.py:149} INFO - [2023-05-12T19:10:30.423+0000] {dag.py:3490} INFO - Setting next_dagrun for dataset_consumes_1_never_scheduled to None, run_after=None
[2023-05-12T19:10:30.436+0000] {logging_mixin.py:149} INFO - [2023-05-12T19:10:30.436+0000] {dag.py:3490} INFO - Setting next_dagrun for dataset_consumes_unknown_never_scheduled to None, run_after=None
[2023-05-12T19:10:30.454+0000] {logging_mixin.py:149} INFO - [2023-05-12T19:10:30.454+0000] {dag.py:3490} INFO - Setting next_dagrun for dataset_produces_1 to 2023-05-11T00:00:00+00:00, run_after=2023-05-12T00:00:00+00:00
[2023-05-12T19:10:30.471+0000] {logging_mixin.py:149} INFO - [2023-05-12T19:10:30.471+0000] {dag.py:3490} INFO - Setting next_dagrun for dataset_produces_2 to None, run_after=None
[2023-05-12T19:10:30.714+0000] {processor.py:178} INFO - Processing /home/airflow/.local/lib/python3.7/site-packages/airflow/example_dags/example_datasets.py took 0.873 seconds
[2023-05-12T19:11:01.140+0000] {processor.py:156} INFO - Started process (PID=370) to work on /home/airflow/.local/lib/python3.7/site-packages/airflow/example_dags/example_datasets.py
[2023-05-12T19:11:01.142+0000] {processor.py:799} INFO - Processing file /home/airflow/.local/lib/python3.7/site-packages/airflow/example_dags/example_datasets.py for tasks to queue
[2023-05-12T19:11:01.144+0000] {logging_mixin.py:149} INFO - [2023-05-12T19:11:01.144+0000] {dagbag.py:541} INFO - Filling up the DagBag from /home/airflow/.local/lib/python3.7/site-packages/airflow/example_dags/example_datasets.py
[2023-05-12T19:11:01.180+0000] {processor.py:809} INFO - DAG(s) dict_keys(['dataset_consumes_1_never_scheduled', 'dataset_consumes_1_and_2', 'dataset_consumes_unknown_never_scheduled', 'dataset_produces_1', 'dataset_produces_2', 'dataset_consumes_1']) retrieved from /home/airflow/.local/lib/python3.7/site-packages/airflow/example_dags/example_datasets.py
[2023-05-12T19:11:01.351+0000] {logging_mixin.py:149} INFO - [2023-05-12T19:11:01.351+0000] {dag.py:2726} INFO - Sync 6 DAGs
[2023-05-12T19:11:01.513+0000] {logging_mixin.py:149} INFO - [2023-05-12T19:11:01.513+0000] {dag.py:3490} INFO - Setting next_dagrun for dataset_consumes_1 to None, run_after=None
[2023-05-12T19:11:01.534+0000] {logging_mixin.py:149} INFO - [2023-05-12T19:11:01.533+0000] {dag.py:3490} INFO - Setting next_dagrun for dataset_consumes_1_and_2 to None, run_after=None
[2023-05-12T19:11:01.548+0000] {logging_mixin.py:149} INFO - [2023-05-12T19:11:01.547+0000] {dag.py:3490} INFO - Setting next_dagrun for dataset_consumes_1_never_scheduled to None, run_after=None
[2023-05-12T19:11:01.553+0000] {logging_mixin.py:149} INFO - [2023-05-12T19:11:01.553+0000] {dag.py:3490} INFO - Setting next_dagrun for dataset_consumes_unknown_never_scheduled to None, run_after=None
[2023-05-12T19:11:01.582+0000] {logging_mixin.py:149} INFO - [2023-05-12T19:11:01.581+0000] {dag.py:3490} INFO - Setting next_dagrun for dataset_produces_1 to 2023-05-11T00:00:00+00:00, run_after=2023-05-12T00:00:00+00:00
[2023-05-12T19:11:01.601+0000] {logging_mixin.py:149} INFO - [2023-05-12T19:11:01.601+0000] {dag.py:3490} INFO - Setting next_dagrun for dataset_produces_2 to None, run_after=None
[2023-05-12T19:11:01.897+0000] {processor.py:178} INFO - Processing /home/airflow/.local/lib/python3.7/site-packages/airflow/example_dags/example_datasets.py took 0.765 seconds
[2023-05-12T19:11:32.917+0000] {processor.py:156} INFO - Started process (PID=426) to work on /home/airflow/.local/lib/python3.7/site-packages/airflow/example_dags/example_datasets.py
[2023-05-12T19:11:32.921+0000] {processor.py:799} INFO - Processing file /home/airflow/.local/lib/python3.7/site-packages/airflow/example_dags/example_datasets.py for tasks to queue
[2023-05-12T19:11:32.923+0000] {logging_mixin.py:149} INFO - [2023-05-12T19:11:32.923+0000] {dagbag.py:541} INFO - Filling up the DagBag from /home/airflow/.local/lib/python3.7/site-packages/airflow/example_dags/example_datasets.py
[2023-05-12T19:11:32.997+0000] {processor.py:809} INFO - DAG(s) dict_keys(['dataset_produces_2', 'dataset_consumes_unknown_never_scheduled', 'dataset_consumes_1_and_2', 'dataset_produces_1', 'dataset_consumes_1', 'dataset_consumes_1_never_scheduled']) retrieved from /home/airflow/.local/lib/python3.7/site-packages/airflow/example_dags/example_datasets.py
[2023-05-12T19:11:33.218+0000] {logging_mixin.py:149} INFO - [2023-05-12T19:11:33.218+0000] {dag.py:2726} INFO - Sync 6 DAGs
[2023-05-12T19:11:33.400+0000] {logging_mixin.py:149} INFO - [2023-05-12T19:11:33.400+0000] {dag.py:3490} INFO - Setting next_dagrun for dataset_consumes_1 to None, run_after=None
[2023-05-12T19:11:33.415+0000] {logging_mixin.py:149} INFO - [2023-05-12T19:11:33.414+0000] {dag.py:3490} INFO - Setting next_dagrun for dataset_consumes_1_and_2 to None, run_after=None
[2023-05-12T19:11:33.419+0000] {logging_mixin.py:149} INFO - [2023-05-12T19:11:33.419+0000] {dag.py:3490} INFO - Setting next_dagrun for dataset_consumes_1_never_scheduled to None, run_after=None
[2023-05-12T19:11:33.424+0000] {logging_mixin.py:149} INFO - [2023-05-12T19:11:33.424+0000] {dag.py:3490} INFO - Setting next_dagrun for dataset_consumes_unknown_never_scheduled to None, run_after=None
[2023-05-12T19:11:33.593+0000] {logging_mixin.py:149} INFO - [2023-05-12T19:11:33.592+0000] {dag.py:3490} INFO - Setting next_dagrun for dataset_produces_1 to 2023-05-11T00:00:00+00:00, run_after=2023-05-12T00:00:00+00:00
[2023-05-12T19:11:33.597+0000] {logging_mixin.py:149} INFO - [2023-05-12T19:11:33.597+0000] {dag.py:3490} INFO - Setting next_dagrun for dataset_produces_2 to None, run_after=None
[2023-05-12T19:11:33.798+0000] {processor.py:178} INFO - Processing /home/airflow/.local/lib/python3.7/site-packages/airflow/example_dags/example_datasets.py took 0.899 seconds
