[2023-05-12T19:07:18.408+0000] {processor.py:156} INFO - Started process (PID=61) to work on /home/airflow/.local/lib/python3.7/site-packages/airflow/example_dags/example_branch_datetime_operator.py
[2023-05-12T19:07:18.450+0000] {processor.py:799} INFO - Processing file /home/airflow/.local/lib/python3.7/site-packages/airflow/example_dags/example_branch_datetime_operator.py for tasks to queue
[2023-05-12T19:07:18.453+0000] {logging_mixin.py:149} INFO - [2023-05-12T19:07:18.452+0000] {dagbag.py:541} INFO - Filling up the DagBag from /home/airflow/.local/lib/python3.7/site-packages/airflow/example_dags/example_branch_datetime_operator.py
[2023-05-12T19:07:18.605+0000] {processor.py:809} INFO - DAG(s) dict_keys(['example_branch_datetime_operator_3', 'example_branch_datetime_operator', 'example_branch_datetime_operator_2']) retrieved from /home/airflow/.local/lib/python3.7/site-packages/airflow/example_dags/example_branch_datetime_operator.py
[2023-05-12T19:07:20.359+0000] {logging_mixin.py:149} INFO - [2023-05-12T19:07:20.355+0000] {manager.py:504} INFO - Created Permission View: can delete on DAG:example_branch_datetime_operator_3
[2023-05-12T19:07:20.565+0000] {logging_mixin.py:149} INFO - [2023-05-12T19:07:20.564+0000] {manager.py:504} INFO - Created Permission View: can edit on DAG:example_branch_datetime_operator_3
[2023-05-12T19:07:20.763+0000] {logging_mixin.py:149} INFO - [2023-05-12T19:07:20.762+0000] {manager.py:504} INFO - Created Permission View: can read on DAG:example_branch_datetime_operator_3
[2023-05-12T19:07:21.287+0000] {logging_mixin.py:149} INFO - [2023-05-12T19:07:21.286+0000] {manager.py:504} INFO - Created Permission View: can delete on DAG:example_branch_datetime_operator
[2023-05-12T19:07:21.422+0000] {logging_mixin.py:149} INFO - [2023-05-12T19:07:21.422+0000] {manager.py:504} INFO - Created Permission View: can edit on DAG:example_branch_datetime_operator
[2023-05-12T19:07:21.522+0000] {logging_mixin.py:149} INFO - [2023-05-12T19:07:21.521+0000] {manager.py:504} INFO - Created Permission View: can read on DAG:example_branch_datetime_operator
[2023-05-12T19:07:21.810+0000] {logging_mixin.py:149} INFO - [2023-05-12T19:07:21.809+0000] {manager.py:504} INFO - Created Permission View: can delete on DAG:example_branch_datetime_operator_2
[2023-05-12T19:07:22.050+0000] {logging_mixin.py:149} INFO - [2023-05-12T19:07:22.050+0000] {manager.py:504} INFO - Created Permission View: can edit on DAG:example_branch_datetime_operator_2
[2023-05-12T19:07:24.240+0000] {logging_mixin.py:149} INFO - [2023-05-12T19:07:24.240+0000] {manager.py:504} INFO - Created Permission View: can read on DAG:example_branch_datetime_operator_2
[2023-05-12T19:07:24.361+0000] {logging_mixin.py:149} INFO - [2023-05-12T19:07:24.361+0000] {dag.py:2726} INFO - Sync 3 DAGs
[2023-05-12T19:07:25.289+0000] {logging_mixin.py:149} INFO - [2023-05-12T19:07:25.288+0000] {dag.py:2747} INFO - Creating ORM DAG for example_branch_datetime_operator_3
[2023-05-12T19:07:25.322+0000] {logging_mixin.py:149} INFO - [2023-05-12T19:07:25.321+0000] {dag.py:2747} INFO - Creating ORM DAG for example_branch_datetime_operator_2
[2023-05-12T19:07:25.350+0000] {logging_mixin.py:149} INFO - [2023-05-12T19:07:25.350+0000] {dag.py:2747} INFO - Creating ORM DAG for example_branch_datetime_operator
[2023-05-12T19:07:25.662+0000] {logging_mixin.py:149} INFO - [2023-05-12T19:07:25.661+0000] {dag.py:3490} INFO - Setting next_dagrun for example_branch_datetime_operator to 2023-05-11T00:00:00+00:00, run_after=2023-05-12T00:00:00+00:00
[2023-05-12T19:07:25.697+0000] {logging_mixin.py:149} INFO - [2023-05-12T19:07:25.697+0000] {dag.py:3490} INFO - Setting next_dagrun for example_branch_datetime_operator_2 to 2023-05-11T00:00:00+00:00, run_after=2023-05-12T00:00:00+00:00
[2023-05-12T19:07:25.705+0000] {logging_mixin.py:149} INFO - [2023-05-12T19:07:25.705+0000] {dag.py:3490} INFO - Setting next_dagrun for example_branch_datetime_operator_3 to 2023-05-11T00:00:00+00:00, run_after=2023-05-12T00:00:00+00:00
[2023-05-12T19:07:26.228+0000] {processor.py:178} INFO - Processing /home/airflow/.local/lib/python3.7/site-packages/airflow/example_dags/example_branch_datetime_operator.py took 7.793 seconds
[2023-05-12T19:08:30.584+0000] {processor.py:156} INFO - Started process (PID=125) to work on /home/airflow/.local/lib/python3.7/site-packages/airflow/example_dags/example_branch_datetime_operator.py
[2023-05-12T19:08:30.587+0000] {processor.py:799} INFO - Processing file /home/airflow/.local/lib/python3.7/site-packages/airflow/example_dags/example_branch_datetime_operator.py for tasks to queue
[2023-05-12T19:08:30.589+0000] {logging_mixin.py:149} INFO - [2023-05-12T19:08:30.589+0000] {dagbag.py:541} INFO - Filling up the DagBag from /home/airflow/.local/lib/python3.7/site-packages/airflow/example_dags/example_branch_datetime_operator.py
[2023-05-12T19:08:30.703+0000] {processor.py:809} INFO - DAG(s) dict_keys(['example_branch_datetime_operator', 'example_branch_datetime_operator_2', 'example_branch_datetime_operator_3']) retrieved from /home/airflow/.local/lib/python3.7/site-packages/airflow/example_dags/example_branch_datetime_operator.py
[2023-05-12T19:08:30.813+0000] {logging_mixin.py:149} INFO - [2023-05-12T19:08:30.813+0000] {dag.py:2726} INFO - Sync 3 DAGs
[2023-05-12T19:08:30.918+0000] {logging_mixin.py:149} INFO - [2023-05-12T19:08:30.918+0000] {dag.py:3490} INFO - Setting next_dagrun for example_branch_datetime_operator to 2023-05-11T00:00:00+00:00, run_after=2023-05-12T00:00:00+00:00
[2023-05-12T19:08:30.945+0000] {logging_mixin.py:149} INFO - [2023-05-12T19:08:30.945+0000] {dag.py:3490} INFO - Setting next_dagrun for example_branch_datetime_operator_2 to 2023-05-11T00:00:00+00:00, run_after=2023-05-12T00:00:00+00:00
[2023-05-12T19:08:30.989+0000] {logging_mixin.py:149} INFO - [2023-05-12T19:08:30.989+0000] {dag.py:3490} INFO - Setting next_dagrun for example_branch_datetime_operator_3 to 2023-05-11T00:00:00+00:00, run_after=2023-05-12T00:00:00+00:00
[2023-05-12T19:08:31.136+0000] {processor.py:178} INFO - Processing /home/airflow/.local/lib/python3.7/site-packages/airflow/example_dags/example_branch_datetime_operator.py took 0.560 seconds
[2023-05-12T19:09:06.467+0000] {processor.py:156} INFO - Started process (PID=170) to work on /home/airflow/.local/lib/python3.7/site-packages/airflow/example_dags/example_branch_datetime_operator.py
[2023-05-12T19:09:06.470+0000] {processor.py:799} INFO - Processing file /home/airflow/.local/lib/python3.7/site-packages/airflow/example_dags/example_branch_datetime_operator.py for tasks to queue
[2023-05-12T19:09:06.473+0000] {logging_mixin.py:149} INFO - [2023-05-12T19:09:06.472+0000] {dagbag.py:541} INFO - Filling up the DagBag from /home/airflow/.local/lib/python3.7/site-packages/airflow/example_dags/example_branch_datetime_operator.py
[2023-05-12T19:09:06.497+0000] {processor.py:809} INFO - DAG(s) dict_keys(['example_branch_datetime_operator_3', 'example_branch_datetime_operator', 'example_branch_datetime_operator_2']) retrieved from /home/airflow/.local/lib/python3.7/site-packages/airflow/example_dags/example_branch_datetime_operator.py
[2023-05-12T19:09:06.585+0000] {logging_mixin.py:149} INFO - [2023-05-12T19:09:06.585+0000] {dag.py:2726} INFO - Sync 3 DAGs
[2023-05-12T19:09:06.658+0000] {logging_mixin.py:149} INFO - [2023-05-12T19:09:06.658+0000] {dag.py:3490} INFO - Setting next_dagrun for example_branch_datetime_operator to 2023-05-11T00:00:00+00:00, run_after=2023-05-12T00:00:00+00:00
[2023-05-12T19:09:06.688+0000] {logging_mixin.py:149} INFO - [2023-05-12T19:09:06.687+0000] {dag.py:3490} INFO - Setting next_dagrun for example_branch_datetime_operator_2 to 2023-05-11T00:00:00+00:00, run_after=2023-05-12T00:00:00+00:00
[2023-05-12T19:09:06.698+0000] {logging_mixin.py:149} INFO - [2023-05-12T19:09:06.697+0000] {dag.py:3490} INFO - Setting next_dagrun for example_branch_datetime_operator_3 to 2023-05-11T00:00:00+00:00, run_after=2023-05-12T00:00:00+00:00
[2023-05-12T19:09:06.888+0000] {processor.py:178} INFO - Processing /home/airflow/.local/lib/python3.7/site-packages/airflow/example_dags/example_branch_datetime_operator.py took 0.430 seconds
[2023-05-12T19:09:40.149+0000] {processor.py:156} INFO - Started process (PID=227) to work on /home/airflow/.local/lib/python3.7/site-packages/airflow/example_dags/example_branch_datetime_operator.py
[2023-05-12T19:09:40.151+0000] {processor.py:799} INFO - Processing file /home/airflow/.local/lib/python3.7/site-packages/airflow/example_dags/example_branch_datetime_operator.py for tasks to queue
[2023-05-12T19:09:40.153+0000] {logging_mixin.py:149} INFO - [2023-05-12T19:09:40.153+0000] {dagbag.py:541} INFO - Filling up the DagBag from /home/airflow/.local/lib/python3.7/site-packages/airflow/example_dags/example_branch_datetime_operator.py
[2023-05-12T19:09:40.179+0000] {processor.py:809} INFO - DAG(s) dict_keys(['example_branch_datetime_operator_3', 'example_branch_datetime_operator_2', 'example_branch_datetime_operator']) retrieved from /home/airflow/.local/lib/python3.7/site-packages/airflow/example_dags/example_branch_datetime_operator.py
[2023-05-12T19:09:40.256+0000] {logging_mixin.py:149} INFO - [2023-05-12T19:09:40.255+0000] {dag.py:2726} INFO - Sync 3 DAGs
[2023-05-12T19:09:40.326+0000] {logging_mixin.py:149} INFO - [2023-05-12T19:09:40.326+0000] {dag.py:3490} INFO - Setting next_dagrun for example_branch_datetime_operator to 2023-05-11T00:00:00+00:00, run_after=2023-05-12T00:00:00+00:00
[2023-05-12T19:09:40.337+0000] {logging_mixin.py:149} INFO - [2023-05-12T19:09:40.337+0000] {dag.py:3490} INFO - Setting next_dagrun for example_branch_datetime_operator_2 to 2023-05-11T00:00:00+00:00, run_after=2023-05-12T00:00:00+00:00
[2023-05-12T19:09:40.343+0000] {logging_mixin.py:149} INFO - [2023-05-12T19:09:40.343+0000] {dag.py:3490} INFO - Setting next_dagrun for example_branch_datetime_operator_3 to 2023-05-11T00:00:00+00:00, run_after=2023-05-12T00:00:00+00:00
[2023-05-12T19:09:40.485+0000] {processor.py:178} INFO - Processing /home/airflow/.local/lib/python3.7/site-packages/airflow/example_dags/example_branch_datetime_operator.py took 0.343 seconds
[2023-05-12T19:10:12.156+0000] {processor.py:156} INFO - Started process (PID=284) to work on /home/airflow/.local/lib/python3.7/site-packages/airflow/example_dags/example_branch_datetime_operator.py
[2023-05-12T19:10:12.161+0000] {processor.py:799} INFO - Processing file /home/airflow/.local/lib/python3.7/site-packages/airflow/example_dags/example_branch_datetime_operator.py for tasks to queue
[2023-05-12T19:10:12.172+0000] {logging_mixin.py:149} INFO - [2023-05-12T19:10:12.172+0000] {dagbag.py:541} INFO - Filling up the DagBag from /home/airflow/.local/lib/python3.7/site-packages/airflow/example_dags/example_branch_datetime_operator.py
[2023-05-12T19:10:12.247+0000] {processor.py:809} INFO - DAG(s) dict_keys(['example_branch_datetime_operator', 'example_branch_datetime_operator_2', 'example_branch_datetime_operator_3']) retrieved from /home/airflow/.local/lib/python3.7/site-packages/airflow/example_dags/example_branch_datetime_operator.py
[2023-05-12T19:10:12.458+0000] {logging_mixin.py:149} INFO - [2023-05-12T19:10:12.457+0000] {dag.py:2726} INFO - Sync 3 DAGs
[2023-05-12T19:10:12.553+0000] {logging_mixin.py:149} INFO - [2023-05-12T19:10:12.552+0000] {dag.py:3490} INFO - Setting next_dagrun for example_branch_datetime_operator to 2023-05-11T00:00:00+00:00, run_after=2023-05-12T00:00:00+00:00
[2023-05-12T19:10:12.573+0000] {logging_mixin.py:149} INFO - [2023-05-12T19:10:12.572+0000] {dag.py:3490} INFO - Setting next_dagrun for example_branch_datetime_operator_2 to 2023-05-11T00:00:00+00:00, run_after=2023-05-12T00:00:00+00:00
[2023-05-12T19:10:12.586+0000] {logging_mixin.py:149} INFO - [2023-05-12T19:10:12.583+0000] {dag.py:3490} INFO - Setting next_dagrun for example_branch_datetime_operator_3 to 2023-05-11T00:00:00+00:00, run_after=2023-05-12T00:00:00+00:00
[2023-05-12T19:10:12.720+0000] {processor.py:178} INFO - Processing /home/airflow/.local/lib/python3.7/site-packages/airflow/example_dags/example_branch_datetime_operator.py took 0.589 seconds
[2023-05-12T19:10:44.091+0000] {processor.py:156} INFO - Started process (PID=340) to work on /home/airflow/.local/lib/python3.7/site-packages/airflow/example_dags/example_branch_datetime_operator.py
[2023-05-12T19:10:44.100+0000] {processor.py:799} INFO - Processing file /home/airflow/.local/lib/python3.7/site-packages/airflow/example_dags/example_branch_datetime_operator.py for tasks to queue
[2023-05-12T19:10:44.105+0000] {logging_mixin.py:149} INFO - [2023-05-12T19:10:44.104+0000] {dagbag.py:541} INFO - Filling up the DagBag from /home/airflow/.local/lib/python3.7/site-packages/airflow/example_dags/example_branch_datetime_operator.py
[2023-05-12T19:10:44.167+0000] {processor.py:809} INFO - DAG(s) dict_keys(['example_branch_datetime_operator', 'example_branch_datetime_operator_3', 'example_branch_datetime_operator_2']) retrieved from /home/airflow/.local/lib/python3.7/site-packages/airflow/example_dags/example_branch_datetime_operator.py
[2023-05-12T19:10:44.478+0000] {logging_mixin.py:149} INFO - [2023-05-12T19:10:44.477+0000] {dag.py:2726} INFO - Sync 3 DAGs
[2023-05-12T19:10:44.628+0000] {logging_mixin.py:149} INFO - [2023-05-12T19:10:44.627+0000] {dag.py:3490} INFO - Setting next_dagrun for example_branch_datetime_operator to 2023-05-11T00:00:00+00:00, run_after=2023-05-12T00:00:00+00:00
[2023-05-12T19:10:44.669+0000] {logging_mixin.py:149} INFO - [2023-05-12T19:10:44.669+0000] {dag.py:3490} INFO - Setting next_dagrun for example_branch_datetime_operator_2 to 2023-05-11T00:00:00+00:00, run_after=2023-05-12T00:00:00+00:00
[2023-05-12T19:10:44.688+0000] {logging_mixin.py:149} INFO - [2023-05-12T19:10:44.688+0000] {dag.py:3490} INFO - Setting next_dagrun for example_branch_datetime_operator_3 to 2023-05-11T00:00:00+00:00, run_after=2023-05-12T00:00:00+00:00
[2023-05-12T19:10:44.895+0000] {processor.py:178} INFO - Processing /home/airflow/.local/lib/python3.7/site-packages/airflow/example_dags/example_branch_datetime_operator.py took 0.820 seconds
[2023-05-12T19:11:15.565+0000] {processor.py:156} INFO - Started process (PID=392) to work on /home/airflow/.local/lib/python3.7/site-packages/airflow/example_dags/example_branch_datetime_operator.py
[2023-05-12T19:11:15.568+0000] {processor.py:799} INFO - Processing file /home/airflow/.local/lib/python3.7/site-packages/airflow/example_dags/example_branch_datetime_operator.py for tasks to queue
[2023-05-12T19:11:15.571+0000] {logging_mixin.py:149} INFO - [2023-05-12T19:11:15.570+0000] {dagbag.py:541} INFO - Filling up the DagBag from /home/airflow/.local/lib/python3.7/site-packages/airflow/example_dags/example_branch_datetime_operator.py
[2023-05-12T19:11:15.619+0000] {processor.py:809} INFO - DAG(s) dict_keys(['example_branch_datetime_operator', 'example_branch_datetime_operator_3', 'example_branch_datetime_operator_2']) retrieved from /home/airflow/.local/lib/python3.7/site-packages/airflow/example_dags/example_branch_datetime_operator.py
[2023-05-12T19:11:15.973+0000] {logging_mixin.py:149} INFO - [2023-05-12T19:11:15.973+0000] {dag.py:2726} INFO - Sync 3 DAGs
[2023-05-12T19:11:16.137+0000] {logging_mixin.py:149} INFO - [2023-05-12T19:11:16.136+0000] {dag.py:3490} INFO - Setting next_dagrun for example_branch_datetime_operator to 2023-05-11T00:00:00+00:00, run_after=2023-05-12T00:00:00+00:00
[2023-05-12T19:11:16.151+0000] {logging_mixin.py:149} INFO - [2023-05-12T19:11:16.151+0000] {dag.py:3490} INFO - Setting next_dagrun for example_branch_datetime_operator_2 to 2023-05-11T00:00:00+00:00, run_after=2023-05-12T00:00:00+00:00
[2023-05-12T19:11:16.159+0000] {logging_mixin.py:149} INFO - [2023-05-12T19:11:16.157+0000] {dag.py:3490} INFO - Setting next_dagrun for example_branch_datetime_operator_3 to 2023-05-11T00:00:00+00:00, run_after=2023-05-12T00:00:00+00:00
[2023-05-12T19:11:16.569+0000] {processor.py:178} INFO - Processing /home/airflow/.local/lib/python3.7/site-packages/airflow/example_dags/example_branch_datetime_operator.py took 1.014 seconds
[2023-05-12T19:11:47.306+0000] {processor.py:156} INFO - Started process (PID=448) to work on /home/airflow/.local/lib/python3.7/site-packages/airflow/example_dags/example_branch_datetime_operator.py
[2023-05-12T19:11:47.318+0000] {processor.py:799} INFO - Processing file /home/airflow/.local/lib/python3.7/site-packages/airflow/example_dags/example_branch_datetime_operator.py for tasks to queue
[2023-05-12T19:11:47.321+0000] {logging_mixin.py:149} INFO - [2023-05-12T19:11:47.321+0000] {dagbag.py:541} INFO - Filling up the DagBag from /home/airflow/.local/lib/python3.7/site-packages/airflow/example_dags/example_branch_datetime_operator.py
[2023-05-12T19:11:47.382+0000] {processor.py:809} INFO - DAG(s) dict_keys(['example_branch_datetime_operator_2', 'example_branch_datetime_operator', 'example_branch_datetime_operator_3']) retrieved from /home/airflow/.local/lib/python3.7/site-packages/airflow/example_dags/example_branch_datetime_operator.py
[2023-05-12T19:11:47.506+0000] {logging_mixin.py:149} INFO - [2023-05-12T19:11:47.506+0000] {dag.py:2726} INFO - Sync 3 DAGs
[2023-05-12T19:11:47.679+0000] {logging_mixin.py:149} INFO - [2023-05-12T19:11:47.679+0000] {dag.py:3490} INFO - Setting next_dagrun for example_branch_datetime_operator to 2023-05-11T00:00:00+00:00, run_after=2023-05-12T00:00:00+00:00
[2023-05-12T19:11:47.697+0000] {logging_mixin.py:149} INFO - [2023-05-12T19:11:47.697+0000] {dag.py:3490} INFO - Setting next_dagrun for example_branch_datetime_operator_2 to 2023-05-11T00:00:00+00:00, run_after=2023-05-12T00:00:00+00:00
[2023-05-12T19:11:47.709+0000] {logging_mixin.py:149} INFO - [2023-05-12T19:11:47.709+0000] {dag.py:3490} INFO - Setting next_dagrun for example_branch_datetime_operator_3 to 2023-05-11T00:00:00+00:00, run_after=2023-05-12T00:00:00+00:00
[2023-05-12T19:11:47.869+0000] {processor.py:178} INFO - Processing /home/airflow/.local/lib/python3.7/site-packages/airflow/example_dags/example_branch_datetime_operator.py took 0.586 seconds
