[2023-05-12T19:08:07.920+0000] {processor.py:156} INFO - Started process (PID=96) to work on /home/airflow/.local/lib/python3.7/site-packages/airflow/example_dags/example_kubernetes_executor.py
[2023-05-12T19:08:07.988+0000] {processor.py:799} INFO - Processing file /home/airflow/.local/lib/python3.7/site-packages/airflow/example_dags/example_kubernetes_executor.py for tasks to queue
[2023-05-12T19:08:07.993+0000] {logging_mixin.py:149} INFO - [2023-05-12T19:08:07.993+0000] {dagbag.py:541} INFO - Filling up the DagBag from /home/airflow/.local/lib/python3.7/site-packages/airflow/example_dags/example_kubernetes_executor.py
[2023-05-12T19:08:19.674+0000] {processor.py:809} INFO - DAG(s) dict_keys(['example_kubernetes_executor']) retrieved from /home/airflow/.local/lib/python3.7/site-packages/airflow/example_dags/example_kubernetes_executor.py
[2023-05-12T19:08:21.325+0000] {logging_mixin.py:149} INFO - [2023-05-12T19:08:21.325+0000] {manager.py:504} INFO - Created Permission View: can delete on DAG:example_kubernetes_executor
[2023-05-12T19:08:21.526+0000] {logging_mixin.py:149} INFO - [2023-05-12T19:08:21.525+0000] {manager.py:504} INFO - Created Permission View: can edit on DAG:example_kubernetes_executor
[2023-05-12T19:08:21.636+0000] {logging_mixin.py:149} INFO - [2023-05-12T19:08:21.636+0000] {manager.py:504} INFO - Created Permission View: can read on DAG:example_kubernetes_executor
[2023-05-12T19:08:21.637+0000] {logging_mixin.py:149} INFO - [2023-05-12T19:08:21.637+0000] {dag.py:2726} INFO - Sync 1 DAGs
[2023-05-12T19:08:21.699+0000] {logging_mixin.py:149} INFO - [2023-05-12T19:08:21.699+0000] {dag.py:2747} INFO - Creating ORM DAG for example_kubernetes_executor
[2023-05-12T19:08:21.827+0000] {logging_mixin.py:149} INFO - [2023-05-12T19:08:21.827+0000] {dag.py:3490} INFO - Setting next_dagrun for example_kubernetes_executor to None, run_after=None
[2023-05-12T19:08:22.048+0000] {processor.py:178} INFO - Processing /home/airflow/.local/lib/python3.7/site-packages/airflow/example_dags/example_kubernetes_executor.py took 14.144 seconds
[2023-05-12T19:09:07.869+0000] {processor.py:156} INFO - Started process (PID=175) to work on /home/airflow/.local/lib/python3.7/site-packages/airflow/example_dags/example_kubernetes_executor.py
[2023-05-12T19:09:07.874+0000] {processor.py:799} INFO - Processing file /home/airflow/.local/lib/python3.7/site-packages/airflow/example_dags/example_kubernetes_executor.py for tasks to queue
[2023-05-12T19:09:07.879+0000] {logging_mixin.py:149} INFO - [2023-05-12T19:09:07.878+0000] {dagbag.py:541} INFO - Filling up the DagBag from /home/airflow/.local/lib/python3.7/site-packages/airflow/example_dags/example_kubernetes_executor.py
[2023-05-12T19:09:10.218+0000] {processor.py:809} INFO - DAG(s) dict_keys(['example_kubernetes_executor']) retrieved from /home/airflow/.local/lib/python3.7/site-packages/airflow/example_dags/example_kubernetes_executor.py
[2023-05-12T19:09:10.372+0000] {logging_mixin.py:149} INFO - [2023-05-12T19:09:10.371+0000] {dag.py:2726} INFO - Sync 1 DAGs
[2023-05-12T19:09:10.436+0000] {logging_mixin.py:149} INFO - [2023-05-12T19:09:10.435+0000] {dag.py:3490} INFO - Setting next_dagrun for example_kubernetes_executor to None, run_after=None
[2023-05-12T19:09:10.695+0000] {processor.py:178} INFO - Processing /home/airflow/.local/lib/python3.7/site-packages/airflow/example_dags/example_kubernetes_executor.py took 2.837 seconds
[2023-05-12T19:09:42.288+0000] {processor.py:156} INFO - Started process (PID=233) to work on /home/airflow/.local/lib/python3.7/site-packages/airflow/example_dags/example_kubernetes_executor.py
[2023-05-12T19:09:42.291+0000] {processor.py:799} INFO - Processing file /home/airflow/.local/lib/python3.7/site-packages/airflow/example_dags/example_kubernetes_executor.py for tasks to queue
[2023-05-12T19:09:42.294+0000] {logging_mixin.py:149} INFO - [2023-05-12T19:09:42.293+0000] {dagbag.py:541} INFO - Filling up the DagBag from /home/airflow/.local/lib/python3.7/site-packages/airflow/example_dags/example_kubernetes_executor.py
[2023-05-12T19:09:43.114+0000] {processor.py:809} INFO - DAG(s) dict_keys(['example_kubernetes_executor']) retrieved from /home/airflow/.local/lib/python3.7/site-packages/airflow/example_dags/example_kubernetes_executor.py
[2023-05-12T19:09:43.364+0000] {logging_mixin.py:149} INFO - [2023-05-12T19:09:43.364+0000] {dag.py:2726} INFO - Sync 1 DAGs
[2023-05-12T19:09:43.474+0000] {logging_mixin.py:149} INFO - [2023-05-12T19:09:43.473+0000] {dag.py:3490} INFO - Setting next_dagrun for example_kubernetes_executor to None, run_after=None
[2023-05-12T19:09:43.620+0000] {processor.py:178} INFO - Processing /home/airflow/.local/lib/python3.7/site-packages/airflow/example_dags/example_kubernetes_executor.py took 1.341 seconds
[2023-05-12T19:10:15.146+0000] {processor.py:156} INFO - Started process (PID=291) to work on /home/airflow/.local/lib/python3.7/site-packages/airflow/example_dags/example_kubernetes_executor.py
[2023-05-12T19:10:15.148+0000] {processor.py:799} INFO - Processing file /home/airflow/.local/lib/python3.7/site-packages/airflow/example_dags/example_kubernetes_executor.py for tasks to queue
[2023-05-12T19:10:15.150+0000] {logging_mixin.py:149} INFO - [2023-05-12T19:10:15.150+0000] {dagbag.py:541} INFO - Filling up the DagBag from /home/airflow/.local/lib/python3.7/site-packages/airflow/example_dags/example_kubernetes_executor.py
[2023-05-12T19:10:15.959+0000] {processor.py:809} INFO - DAG(s) dict_keys(['example_kubernetes_executor']) retrieved from /home/airflow/.local/lib/python3.7/site-packages/airflow/example_dags/example_kubernetes_executor.py
[2023-05-12T19:10:16.057+0000] {logging_mixin.py:149} INFO - [2023-05-12T19:10:16.056+0000] {dag.py:2726} INFO - Sync 1 DAGs
[2023-05-12T19:10:16.138+0000] {logging_mixin.py:149} INFO - [2023-05-12T19:10:16.137+0000] {dag.py:3490} INFO - Setting next_dagrun for example_kubernetes_executor to None, run_after=None
[2023-05-12T19:10:16.301+0000] {processor.py:178} INFO - Processing /home/airflow/.local/lib/python3.7/site-packages/airflow/example_dags/example_kubernetes_executor.py took 1.163 seconds
[2023-05-12T19:10:47.683+0000] {processor.py:156} INFO - Started process (PID=350) to work on /home/airflow/.local/lib/python3.7/site-packages/airflow/example_dags/example_kubernetes_executor.py
[2023-05-12T19:10:47.685+0000] {processor.py:799} INFO - Processing file /home/airflow/.local/lib/python3.7/site-packages/airflow/example_dags/example_kubernetes_executor.py for tasks to queue
[2023-05-12T19:10:47.688+0000] {logging_mixin.py:149} INFO - [2023-05-12T19:10:47.687+0000] {dagbag.py:541} INFO - Filling up the DagBag from /home/airflow/.local/lib/python3.7/site-packages/airflow/example_dags/example_kubernetes_executor.py
[2023-05-12T19:10:48.464+0000] {processor.py:809} INFO - DAG(s) dict_keys(['example_kubernetes_executor']) retrieved from /home/airflow/.local/lib/python3.7/site-packages/airflow/example_dags/example_kubernetes_executor.py
[2023-05-12T19:10:48.586+0000] {logging_mixin.py:149} INFO - [2023-05-12T19:10:48.585+0000] {dag.py:2726} INFO - Sync 1 DAGs
[2023-05-12T19:10:48.670+0000] {logging_mixin.py:149} INFO - [2023-05-12T19:10:48.670+0000] {dag.py:3490} INFO - Setting next_dagrun for example_kubernetes_executor to None, run_after=None
[2023-05-12T19:10:48.789+0000] {processor.py:178} INFO - Processing /home/airflow/.local/lib/python3.7/site-packages/airflow/example_dags/example_kubernetes_executor.py took 1.117 seconds
[2023-05-12T19:11:21.191+0000] {processor.py:156} INFO - Started process (PID=412) to work on /home/airflow/.local/lib/python3.7/site-packages/airflow/example_dags/example_kubernetes_executor.py
[2023-05-12T19:11:21.193+0000] {processor.py:799} INFO - Processing file /home/airflow/.local/lib/python3.7/site-packages/airflow/example_dags/example_kubernetes_executor.py for tasks to queue
[2023-05-12T19:11:21.195+0000] {logging_mixin.py:149} INFO - [2023-05-12T19:11:21.195+0000] {dagbag.py:541} INFO - Filling up the DagBag from /home/airflow/.local/lib/python3.7/site-packages/airflow/example_dags/example_kubernetes_executor.py
[2023-05-12T19:11:22.370+0000] {processor.py:809} INFO - DAG(s) dict_keys(['example_kubernetes_executor']) retrieved from /home/airflow/.local/lib/python3.7/site-packages/airflow/example_dags/example_kubernetes_executor.py
[2023-05-12T19:11:23.039+0000] {logging_mixin.py:149} INFO - [2023-05-12T19:11:23.039+0000] {dag.py:2726} INFO - Sync 1 DAGs
[2023-05-12T19:11:23.100+0000] {logging_mixin.py:149} INFO - [2023-05-12T19:11:23.100+0000] {dag.py:3490} INFO - Setting next_dagrun for example_kubernetes_executor to None, run_after=None
[2023-05-12T19:11:23.351+0000] {processor.py:178} INFO - Processing /home/airflow/.local/lib/python3.7/site-packages/airflow/example_dags/example_kubernetes_executor.py took 2.173 seconds
[2023-05-12T19:11:53.861+0000] {processor.py:156} INFO - Started process (PID=463) to work on /home/airflow/.local/lib/python3.7/site-packages/airflow/example_dags/example_kubernetes_executor.py
[2023-05-12T19:11:53.864+0000] {processor.py:799} INFO - Processing file /home/airflow/.local/lib/python3.7/site-packages/airflow/example_dags/example_kubernetes_executor.py for tasks to queue
[2023-05-12T19:11:53.867+0000] {logging_mixin.py:149} INFO - [2023-05-12T19:11:53.867+0000] {dagbag.py:541} INFO - Filling up the DagBag from /home/airflow/.local/lib/python3.7/site-packages/airflow/example_dags/example_kubernetes_executor.py
