[2023-05-12T19:07:26.341+0000] {processor.py:156} INFO - Started process (PID=63) to work on /home/airflow/.local/lib/python3.7/site-packages/airflow/example_dags/example_nested_branch_dag.py
[2023-05-12T19:07:26.346+0000] {processor.py:799} INFO - Processing file /home/airflow/.local/lib/python3.7/site-packages/airflow/example_dags/example_nested_branch_dag.py for tasks to queue
[2023-05-12T19:07:26.353+0000] {logging_mixin.py:149} INFO - [2023-05-12T19:07:26.352+0000] {dagbag.py:541} INFO - Filling up the DagBag from /home/airflow/.local/lib/python3.7/site-packages/airflow/example_dags/example_nested_branch_dag.py
[2023-05-12T19:07:26.486+0000] {processor.py:809} INFO - DAG(s) dict_keys(['example_nested_branch_dag']) retrieved from /home/airflow/.local/lib/python3.7/site-packages/airflow/example_dags/example_nested_branch_dag.py
[2023-05-12T19:07:28.159+0000] {logging_mixin.py:149} INFO - [2023-05-12T19:07:28.158+0000] {manager.py:504} INFO - Created Permission View: can delete on DAG:example_nested_branch_dag
[2023-05-12T19:07:28.246+0000] {logging_mixin.py:149} INFO - [2023-05-12T19:07:28.246+0000] {manager.py:504} INFO - Created Permission View: can edit on DAG:example_nested_branch_dag
[2023-05-12T19:07:28.492+0000] {logging_mixin.py:149} INFO - [2023-05-12T19:07:28.491+0000] {manager.py:504} INFO - Created Permission View: can read on DAG:example_nested_branch_dag
[2023-05-12T19:07:28.506+0000] {logging_mixin.py:149} INFO - [2023-05-12T19:07:28.505+0000] {dag.py:2726} INFO - Sync 1 DAGs
[2023-05-12T19:07:28.709+0000] {logging_mixin.py:149} INFO - [2023-05-12T19:07:28.709+0000] {dag.py:2747} INFO - Creating ORM DAG for example_nested_branch_dag
[2023-05-12T19:07:28.756+0000] {logging_mixin.py:149} INFO - [2023-05-12T19:07:28.756+0000] {dag.py:3490} INFO - Setting next_dagrun for example_nested_branch_dag to 2023-05-11T00:00:00+00:00, run_after=2023-05-12T00:00:00+00:00
[2023-05-12T19:07:29.551+0000] {processor.py:178} INFO - Processing /home/airflow/.local/lib/python3.7/site-packages/airflow/example_dags/example_nested_branch_dag.py took 3.223 seconds
[2023-05-12T19:08:31.763+0000] {processor.py:156} INFO - Started process (PID=127) to work on /home/airflow/.local/lib/python3.7/site-packages/airflow/example_dags/example_nested_branch_dag.py
[2023-05-12T19:08:31.766+0000] {processor.py:799} INFO - Processing file /home/airflow/.local/lib/python3.7/site-packages/airflow/example_dags/example_nested_branch_dag.py for tasks to queue
[2023-05-12T19:08:31.770+0000] {logging_mixin.py:149} INFO - [2023-05-12T19:08:31.769+0000] {dagbag.py:541} INFO - Filling up the DagBag from /home/airflow/.local/lib/python3.7/site-packages/airflow/example_dags/example_nested_branch_dag.py
[2023-05-12T19:08:31.860+0000] {processor.py:809} INFO - DAG(s) dict_keys(['example_nested_branch_dag']) retrieved from /home/airflow/.local/lib/python3.7/site-packages/airflow/example_dags/example_nested_branch_dag.py
[2023-05-12T19:08:31.939+0000] {logging_mixin.py:149} INFO - [2023-05-12T19:08:31.938+0000] {dag.py:2726} INFO - Sync 1 DAGs
[2023-05-12T19:08:32.019+0000] {logging_mixin.py:149} INFO - [2023-05-12T19:08:32.018+0000] {dag.py:3490} INFO - Setting next_dagrun for example_nested_branch_dag to 2023-05-11T00:00:00+00:00, run_after=2023-05-12T00:00:00+00:00
[2023-05-12T19:08:32.182+0000] {processor.py:178} INFO - Processing /home/airflow/.local/lib/python3.7/site-packages/airflow/example_dags/example_nested_branch_dag.py took 0.433 seconds
[2023-05-12T19:09:07.049+0000] {processor.py:156} INFO - Started process (PID=172) to work on /home/airflow/.local/lib/python3.7/site-packages/airflow/example_dags/example_nested_branch_dag.py
[2023-05-12T19:09:07.051+0000] {processor.py:799} INFO - Processing file /home/airflow/.local/lib/python3.7/site-packages/airflow/example_dags/example_nested_branch_dag.py for tasks to queue
[2023-05-12T19:09:07.056+0000] {logging_mixin.py:149} INFO - [2023-05-12T19:09:07.055+0000] {dagbag.py:541} INFO - Filling up the DagBag from /home/airflow/.local/lib/python3.7/site-packages/airflow/example_dags/example_nested_branch_dag.py
[2023-05-12T19:09:07.089+0000] {processor.py:809} INFO - DAG(s) dict_keys(['example_nested_branch_dag']) retrieved from /home/airflow/.local/lib/python3.7/site-packages/airflow/example_dags/example_nested_branch_dag.py
[2023-05-12T19:09:07.196+0000] {logging_mixin.py:149} INFO - [2023-05-12T19:09:07.195+0000] {dag.py:2726} INFO - Sync 1 DAGs
[2023-05-12T19:09:07.276+0000] {logging_mixin.py:149} INFO - [2023-05-12T19:09:07.276+0000] {dag.py:3490} INFO - Setting next_dagrun for example_nested_branch_dag to 2023-05-11T00:00:00+00:00, run_after=2023-05-12T00:00:00+00:00
[2023-05-12T19:09:07.457+0000] {processor.py:178} INFO - Processing /home/airflow/.local/lib/python3.7/site-packages/airflow/example_dags/example_nested_branch_dag.py took 0.420 seconds
[2023-05-12T19:09:40.832+0000] {processor.py:156} INFO - Started process (PID=229) to work on /home/airflow/.local/lib/python3.7/site-packages/airflow/example_dags/example_nested_branch_dag.py
[2023-05-12T19:09:40.836+0000] {processor.py:799} INFO - Processing file /home/airflow/.local/lib/python3.7/site-packages/airflow/example_dags/example_nested_branch_dag.py for tasks to queue
[2023-05-12T19:09:40.838+0000] {logging_mixin.py:149} INFO - [2023-05-12T19:09:40.837+0000] {dagbag.py:541} INFO - Filling up the DagBag from /home/airflow/.local/lib/python3.7/site-packages/airflow/example_dags/example_nested_branch_dag.py
[2023-05-12T19:09:40.877+0000] {processor.py:809} INFO - DAG(s) dict_keys(['example_nested_branch_dag']) retrieved from /home/airflow/.local/lib/python3.7/site-packages/airflow/example_dags/example_nested_branch_dag.py
[2023-05-12T19:09:40.956+0000] {logging_mixin.py:149} INFO - [2023-05-12T19:09:40.955+0000] {dag.py:2726} INFO - Sync 1 DAGs
[2023-05-12T19:09:41.036+0000] {logging_mixin.py:149} INFO - [2023-05-12T19:09:41.036+0000] {dag.py:3490} INFO - Setting next_dagrun for example_nested_branch_dag to 2023-05-11T00:00:00+00:00, run_after=2023-05-12T00:00:00+00:00
[2023-05-12T19:09:41.560+0000] {processor.py:178} INFO - Processing /home/airflow/.local/lib/python3.7/site-packages/airflow/example_dags/example_nested_branch_dag.py took 0.739 seconds
[2023-05-12T19:10:13.436+0000] {processor.py:156} INFO - Started process (PID=286) to work on /home/airflow/.local/lib/python3.7/site-packages/airflow/example_dags/example_nested_branch_dag.py
[2023-05-12T19:10:13.439+0000] {processor.py:799} INFO - Processing file /home/airflow/.local/lib/python3.7/site-packages/airflow/example_dags/example_nested_branch_dag.py for tasks to queue
[2023-05-12T19:10:13.441+0000] {logging_mixin.py:149} INFO - [2023-05-12T19:10:13.441+0000] {dagbag.py:541} INFO - Filling up the DagBag from /home/airflow/.local/lib/python3.7/site-packages/airflow/example_dags/example_nested_branch_dag.py
[2023-05-12T19:10:13.474+0000] {processor.py:809} INFO - DAG(s) dict_keys(['example_nested_branch_dag']) retrieved from /home/airflow/.local/lib/python3.7/site-packages/airflow/example_dags/example_nested_branch_dag.py
[2023-05-12T19:10:13.553+0000] {logging_mixin.py:149} INFO - [2023-05-12T19:10:13.553+0000] {dag.py:2726} INFO - Sync 1 DAGs
[2023-05-12T19:10:13.686+0000] {logging_mixin.py:149} INFO - [2023-05-12T19:10:13.686+0000] {dag.py:3490} INFO - Setting next_dagrun for example_nested_branch_dag to 2023-05-11T00:00:00+00:00, run_after=2023-05-12T00:00:00+00:00
[2023-05-12T19:10:13.820+0000] {processor.py:178} INFO - Processing /home/airflow/.local/lib/python3.7/site-packages/airflow/example_dags/example_nested_branch_dag.py took 0.393 seconds
[2023-05-12T19:10:45.519+0000] {processor.py:156} INFO - Started process (PID=343) to work on /home/airflow/.local/lib/python3.7/site-packages/airflow/example_dags/example_nested_branch_dag.py
[2023-05-12T19:10:45.522+0000] {processor.py:799} INFO - Processing file /home/airflow/.local/lib/python3.7/site-packages/airflow/example_dags/example_nested_branch_dag.py for tasks to queue
[2023-05-12T19:10:45.528+0000] {logging_mixin.py:149} INFO - [2023-05-12T19:10:45.528+0000] {dagbag.py:541} INFO - Filling up the DagBag from /home/airflow/.local/lib/python3.7/site-packages/airflow/example_dags/example_nested_branch_dag.py
[2023-05-12T19:10:45.579+0000] {processor.py:809} INFO - DAG(s) dict_keys(['example_nested_branch_dag']) retrieved from /home/airflow/.local/lib/python3.7/site-packages/airflow/example_dags/example_nested_branch_dag.py
[2023-05-12T19:10:45.705+0000] {logging_mixin.py:149} INFO - [2023-05-12T19:10:45.704+0000] {dag.py:2726} INFO - Sync 1 DAGs
[2023-05-12T19:10:45.845+0000] {logging_mixin.py:149} INFO - [2023-05-12T19:10:45.844+0000] {dag.py:3490} INFO - Setting next_dagrun for example_nested_branch_dag to 2023-05-11T00:00:00+00:00, run_after=2023-05-12T00:00:00+00:00
[2023-05-12T19:10:46.047+0000] {processor.py:178} INFO - Processing /home/airflow/.local/lib/python3.7/site-packages/airflow/example_dags/example_nested_branch_dag.py took 0.538 seconds
[2023-05-12T19:11:18.210+0000] {processor.py:156} INFO - Started process (PID=399) to work on /home/airflow/.local/lib/python3.7/site-packages/airflow/example_dags/example_nested_branch_dag.py
[2023-05-12T19:11:18.213+0000] {processor.py:799} INFO - Processing file /home/airflow/.local/lib/python3.7/site-packages/airflow/example_dags/example_nested_branch_dag.py for tasks to queue
[2023-05-12T19:11:18.214+0000] {logging_mixin.py:149} INFO - [2023-05-12T19:11:18.214+0000] {dagbag.py:541} INFO - Filling up the DagBag from /home/airflow/.local/lib/python3.7/site-packages/airflow/example_dags/example_nested_branch_dag.py
[2023-05-12T19:11:18.235+0000] {processor.py:809} INFO - DAG(s) dict_keys(['example_nested_branch_dag']) retrieved from /home/airflow/.local/lib/python3.7/site-packages/airflow/example_dags/example_nested_branch_dag.py
[2023-05-12T19:11:18.303+0000] {logging_mixin.py:149} INFO - [2023-05-12T19:11:18.303+0000] {dag.py:2726} INFO - Sync 1 DAGs
[2023-05-12T19:11:18.392+0000] {logging_mixin.py:149} INFO - [2023-05-12T19:11:18.392+0000] {dag.py:3490} INFO - Setting next_dagrun for example_nested_branch_dag to 2023-05-11T00:00:00+00:00, run_after=2023-05-12T00:00:00+00:00
[2023-05-12T19:11:18.583+0000] {processor.py:178} INFO - Processing /home/airflow/.local/lib/python3.7/site-packages/airflow/example_dags/example_nested_branch_dag.py took 0.381 seconds
[2023-05-12T19:11:48.940+0000] {processor.py:156} INFO - Started process (PID=451) to work on /home/airflow/.local/lib/python3.7/site-packages/airflow/example_dags/example_nested_branch_dag.py
[2023-05-12T19:11:48.943+0000] {processor.py:799} INFO - Processing file /home/airflow/.local/lib/python3.7/site-packages/airflow/example_dags/example_nested_branch_dag.py for tasks to queue
[2023-05-12T19:11:48.948+0000] {logging_mixin.py:149} INFO - [2023-05-12T19:11:48.947+0000] {dagbag.py:541} INFO - Filling up the DagBag from /home/airflow/.local/lib/python3.7/site-packages/airflow/example_dags/example_nested_branch_dag.py
[2023-05-12T19:11:48.994+0000] {processor.py:809} INFO - DAG(s) dict_keys(['example_nested_branch_dag']) retrieved from /home/airflow/.local/lib/python3.7/site-packages/airflow/example_dags/example_nested_branch_dag.py
[2023-05-12T19:11:49.148+0000] {logging_mixin.py:149} INFO - [2023-05-12T19:11:49.148+0000] {dag.py:2726} INFO - Sync 1 DAGs
[2023-05-12T19:11:49.262+0000] {logging_mixin.py:149} INFO - [2023-05-12T19:11:49.261+0000] {dag.py:3490} INFO - Setting next_dagrun for example_nested_branch_dag to 2023-05-11T00:00:00+00:00, run_after=2023-05-12T00:00:00+00:00
[2023-05-12T19:11:49.649+0000] {processor.py:178} INFO - Processing /home/airflow/.local/lib/python3.7/site-packages/airflow/example_dags/example_nested_branch_dag.py took 0.734 seconds
