[2023-05-12T19:07:34.274+0000] {processor.py:156} INFO - Started process (PID=66) to work on /home/airflow/.local/lib/python3.7/site-packages/airflow/example_dags/example_params_ui_tutorial.py
[2023-05-12T19:07:34.278+0000] {processor.py:799} INFO - Processing file /home/airflow/.local/lib/python3.7/site-packages/airflow/example_dags/example_params_ui_tutorial.py for tasks to queue
[2023-05-12T19:07:34.282+0000] {logging_mixin.py:149} INFO - [2023-05-12T19:07:34.282+0000] {dagbag.py:541} INFO - Filling up the DagBag from /home/airflow/.local/lib/python3.7/site-packages/airflow/example_dags/example_params_ui_tutorial.py
[2023-05-12T19:07:34.760+0000] {processor.py:809} INFO - DAG(s) dict_keys(['example_params_ui_tutorial']) retrieved from /home/airflow/.local/lib/python3.7/site-packages/airflow/example_dags/example_params_ui_tutorial.py
[2023-05-12T19:07:37.585+0000] {logging_mixin.py:149} INFO - [2023-05-12T19:07:37.585+0000] {manager.py:504} INFO - Created Permission View: can delete on DAG:example_params_ui_tutorial
[2023-05-12T19:07:37.718+0000] {logging_mixin.py:149} INFO - [2023-05-12T19:07:37.718+0000] {manager.py:504} INFO - Created Permission View: can edit on DAG:example_params_ui_tutorial
[2023-05-12T19:07:37.817+0000] {logging_mixin.py:149} INFO - [2023-05-12T19:07:37.816+0000] {manager.py:504} INFO - Created Permission View: can read on DAG:example_params_ui_tutorial
[2023-05-12T19:07:37.822+0000] {logging_mixin.py:149} INFO - [2023-05-12T19:07:37.822+0000] {dag.py:2726} INFO - Sync 1 DAGs
[2023-05-12T19:07:38.059+0000] {logging_mixin.py:149} INFO - [2023-05-12T19:07:38.059+0000] {dag.py:2747} INFO - Creating ORM DAG for example_params_ui_tutorial
[2023-05-12T19:07:38.124+0000] {logging_mixin.py:149} INFO - [2023-05-12T19:07:38.124+0000] {dag.py:3490} INFO - Setting next_dagrun for example_params_ui_tutorial to None, run_after=None
[2023-05-12T19:07:38.901+0000] {processor.py:178} INFO - Processing /home/airflow/.local/lib/python3.7/site-packages/airflow/example_dags/example_params_ui_tutorial.py took 4.634 seconds
[2023-05-12T19:08:33.850+0000] {processor.py:156} INFO - Started process (PID=130) to work on /home/airflow/.local/lib/python3.7/site-packages/airflow/example_dags/example_params_ui_tutorial.py
[2023-05-12T19:08:33.855+0000] {processor.py:799} INFO - Processing file /home/airflow/.local/lib/python3.7/site-packages/airflow/example_dags/example_params_ui_tutorial.py for tasks to queue
[2023-05-12T19:08:33.857+0000] {logging_mixin.py:149} INFO - [2023-05-12T19:08:33.857+0000] {dagbag.py:541} INFO - Filling up the DagBag from /home/airflow/.local/lib/python3.7/site-packages/airflow/example_dags/example_params_ui_tutorial.py
[2023-05-12T19:08:34.372+0000] {processor.py:809} INFO - DAG(s) dict_keys(['example_params_ui_tutorial']) retrieved from /home/airflow/.local/lib/python3.7/site-packages/airflow/example_dags/example_params_ui_tutorial.py
[2023-05-12T19:08:34.592+0000] {logging_mixin.py:149} INFO - [2023-05-12T19:08:34.591+0000] {dag.py:2726} INFO - Sync 1 DAGs
[2023-05-12T19:08:34.668+0000] {logging_mixin.py:149} INFO - [2023-05-12T19:08:34.668+0000] {dag.py:3490} INFO - Setting next_dagrun for example_params_ui_tutorial to None, run_after=None
[2023-05-12T19:08:34.934+0000] {processor.py:178} INFO - Processing /home/airflow/.local/lib/python3.7/site-packages/airflow/example_dags/example_params_ui_tutorial.py took 1.098 seconds
[2023-05-12T19:09:10.991+0000] {processor.py:156} INFO - Started process (PID=183) to work on /home/airflow/.local/lib/python3.7/site-packages/airflow/example_dags/example_params_ui_tutorial.py
[2023-05-12T19:09:10.993+0000] {processor.py:799} INFO - Processing file /home/airflow/.local/lib/python3.7/site-packages/airflow/example_dags/example_params_ui_tutorial.py for tasks to queue
[2023-05-12T19:09:10.996+0000] {logging_mixin.py:149} INFO - [2023-05-12T19:09:10.996+0000] {dagbag.py:541} INFO - Filling up the DagBag from /home/airflow/.local/lib/python3.7/site-packages/airflow/example_dags/example_params_ui_tutorial.py
[2023-05-12T19:09:11.157+0000] {processor.py:809} INFO - DAG(s) dict_keys(['example_params_ui_tutorial']) retrieved from /home/airflow/.local/lib/python3.7/site-packages/airflow/example_dags/example_params_ui_tutorial.py
[2023-05-12T19:09:11.433+0000] {logging_mixin.py:149} INFO - [2023-05-12T19:09:11.432+0000] {dag.py:2726} INFO - Sync 1 DAGs
[2023-05-12T19:09:11.555+0000] {logging_mixin.py:149} INFO - [2023-05-12T19:09:11.555+0000] {dag.py:3490} INFO - Setting next_dagrun for example_params_ui_tutorial to None, run_after=None
[2023-05-12T19:09:11.740+0000] {processor.py:178} INFO - Processing /home/airflow/.local/lib/python3.7/site-packages/airflow/example_dags/example_params_ui_tutorial.py took 0.759 seconds
[2023-05-12T19:09:42.048+0000] {processor.py:156} INFO - Started process (PID=232) to work on /home/airflow/.local/lib/python3.7/site-packages/airflow/example_dags/example_params_ui_tutorial.py
[2023-05-12T19:09:42.051+0000] {processor.py:799} INFO - Processing file /home/airflow/.local/lib/python3.7/site-packages/airflow/example_dags/example_params_ui_tutorial.py for tasks to queue
[2023-05-12T19:09:42.053+0000] {logging_mixin.py:149} INFO - [2023-05-12T19:09:42.052+0000] {dagbag.py:541} INFO - Filling up the DagBag from /home/airflow/.local/lib/python3.7/site-packages/airflow/example_dags/example_params_ui_tutorial.py
[2023-05-12T19:09:42.154+0000] {processor.py:809} INFO - DAG(s) dict_keys(['example_params_ui_tutorial']) retrieved from /home/airflow/.local/lib/python3.7/site-packages/airflow/example_dags/example_params_ui_tutorial.py
[2023-05-12T19:09:42.421+0000] {logging_mixin.py:149} INFO - [2023-05-12T19:09:42.421+0000] {dag.py:2726} INFO - Sync 1 DAGs
[2023-05-12T19:09:42.521+0000] {logging_mixin.py:149} INFO - [2023-05-12T19:09:42.520+0000] {dag.py:3490} INFO - Setting next_dagrun for example_params_ui_tutorial to None, run_after=None
[2023-05-12T19:09:42.647+0000] {processor.py:178} INFO - Processing /home/airflow/.local/lib/python3.7/site-packages/airflow/example_dags/example_params_ui_tutorial.py took 0.605 seconds
[2023-05-12T19:10:14.409+0000] {processor.py:156} INFO - Started process (PID=289) to work on /home/airflow/.local/lib/python3.7/site-packages/airflow/example_dags/example_params_ui_tutorial.py
[2023-05-12T19:10:14.424+0000] {processor.py:799} INFO - Processing file /home/airflow/.local/lib/python3.7/site-packages/airflow/example_dags/example_params_ui_tutorial.py for tasks to queue
[2023-05-12T19:10:14.443+0000] {logging_mixin.py:149} INFO - [2023-05-12T19:10:14.442+0000] {dagbag.py:541} INFO - Filling up the DagBag from /home/airflow/.local/lib/python3.7/site-packages/airflow/example_dags/example_params_ui_tutorial.py
[2023-05-12T19:10:14.628+0000] {processor.py:809} INFO - DAG(s) dict_keys(['example_params_ui_tutorial']) retrieved from /home/airflow/.local/lib/python3.7/site-packages/airflow/example_dags/example_params_ui_tutorial.py
[2023-05-12T19:10:14.875+0000] {logging_mixin.py:149} INFO - [2023-05-12T19:10:14.874+0000] {dag.py:2726} INFO - Sync 1 DAGs
[2023-05-12T19:10:14.989+0000] {logging_mixin.py:149} INFO - [2023-05-12T19:10:14.988+0000] {dag.py:3490} INFO - Setting next_dagrun for example_params_ui_tutorial to None, run_after=None
[2023-05-12T19:10:15.085+0000] {processor.py:178} INFO - Processing /home/airflow/.local/lib/python3.7/site-packages/airflow/example_dags/example_params_ui_tutorial.py took 0.696 seconds
[2023-05-12T19:10:46.372+0000] {processor.py:156} INFO - Started process (PID=346) to work on /home/airflow/.local/lib/python3.7/site-packages/airflow/example_dags/example_params_ui_tutorial.py
[2023-05-12T19:10:46.374+0000] {processor.py:799} INFO - Processing file /home/airflow/.local/lib/python3.7/site-packages/airflow/example_dags/example_params_ui_tutorial.py for tasks to queue
[2023-05-12T19:10:46.377+0000] {logging_mixin.py:149} INFO - [2023-05-12T19:10:46.377+0000] {dagbag.py:541} INFO - Filling up the DagBag from /home/airflow/.local/lib/python3.7/site-packages/airflow/example_dags/example_params_ui_tutorial.py
[2023-05-12T19:10:46.573+0000] {processor.py:809} INFO - DAG(s) dict_keys(['example_params_ui_tutorial']) retrieved from /home/airflow/.local/lib/python3.7/site-packages/airflow/example_dags/example_params_ui_tutorial.py
[2023-05-12T19:10:46.843+0000] {logging_mixin.py:149} INFO - [2023-05-12T19:10:46.842+0000] {dag.py:2726} INFO - Sync 1 DAGs
[2023-05-12T19:10:46.983+0000] {logging_mixin.py:149} INFO - [2023-05-12T19:10:46.983+0000] {dag.py:3490} INFO - Setting next_dagrun for example_params_ui_tutorial to None, run_after=None
[2023-05-12T19:10:47.143+0000] {processor.py:178} INFO - Processing /home/airflow/.local/lib/python3.7/site-packages/airflow/example_dags/example_params_ui_tutorial.py took 0.793 seconds
[2023-05-12T19:11:19.829+0000] {processor.py:156} INFO - Started process (PID=403) to work on /home/airflow/.local/lib/python3.7/site-packages/airflow/example_dags/example_params_ui_tutorial.py
[2023-05-12T19:11:19.831+0000] {processor.py:799} INFO - Processing file /home/airflow/.local/lib/python3.7/site-packages/airflow/example_dags/example_params_ui_tutorial.py for tasks to queue
[2023-05-12T19:11:19.833+0000] {logging_mixin.py:149} INFO - [2023-05-12T19:11:19.833+0000] {dagbag.py:541} INFO - Filling up the DagBag from /home/airflow/.local/lib/python3.7/site-packages/airflow/example_dags/example_params_ui_tutorial.py
[2023-05-12T19:11:19.993+0000] {processor.py:809} INFO - DAG(s) dict_keys(['example_params_ui_tutorial']) retrieved from /home/airflow/.local/lib/python3.7/site-packages/airflow/example_dags/example_params_ui_tutorial.py
[2023-05-12T19:11:20.258+0000] {logging_mixin.py:149} INFO - [2023-05-12T19:11:20.258+0000] {dag.py:2726} INFO - Sync 1 DAGs
[2023-05-12T19:11:20.385+0000] {logging_mixin.py:149} INFO - [2023-05-12T19:11:20.385+0000] {dag.py:3490} INFO - Setting next_dagrun for example_params_ui_tutorial to None, run_after=None
[2023-05-12T19:11:20.652+0000] {processor.py:178} INFO - Processing /home/airflow/.local/lib/python3.7/site-packages/airflow/example_dags/example_params_ui_tutorial.py took 0.839 seconds
[2023-05-12T19:11:50.889+0000] {processor.py:156} INFO - Started process (PID=458) to work on /home/airflow/.local/lib/python3.7/site-packages/airflow/example_dags/example_params_ui_tutorial.py
[2023-05-12T19:11:50.903+0000] {processor.py:799} INFO - Processing file /home/airflow/.local/lib/python3.7/site-packages/airflow/example_dags/example_params_ui_tutorial.py for tasks to queue
[2023-05-12T19:11:50.906+0000] {logging_mixin.py:149} INFO - [2023-05-12T19:11:50.906+0000] {dagbag.py:541} INFO - Filling up the DagBag from /home/airflow/.local/lib/python3.7/site-packages/airflow/example_dags/example_params_ui_tutorial.py
[2023-05-12T19:11:51.129+0000] {processor.py:809} INFO - DAG(s) dict_keys(['example_params_ui_tutorial']) retrieved from /home/airflow/.local/lib/python3.7/site-packages/airflow/example_dags/example_params_ui_tutorial.py
[2023-05-12T19:11:51.549+0000] {logging_mixin.py:149} INFO - [2023-05-12T19:11:51.547+0000] {dag.py:2726} INFO - Sync 1 DAGs
[2023-05-12T19:11:51.766+0000] {logging_mixin.py:149} INFO - [2023-05-12T19:11:51.766+0000] {dag.py:3490} INFO - Setting next_dagrun for example_params_ui_tutorial to None, run_after=None
[2023-05-12T19:11:52.102+0000] {processor.py:178} INFO - Processing /home/airflow/.local/lib/python3.7/site-packages/airflow/example_dags/example_params_ui_tutorial.py took 1.227 seconds
