[2023-05-12T19:08:03.992+0000] {processor.py:156} INFO - Started process (PID=92) to work on /home/airflow/.local/lib/python3.7/site-packages/airflow/example_dags/example_python_operator.py
[2023-05-12T19:08:03.994+0000] {processor.py:799} INFO - Processing file /home/airflow/.local/lib/python3.7/site-packages/airflow/example_dags/example_python_operator.py for tasks to queue
[2023-05-12T19:08:03.996+0000] {logging_mixin.py:149} INFO - [2023-05-12T19:08:03.996+0000] {dagbag.py:541} INFO - Filling up the DagBag from /home/airflow/.local/lib/python3.7/site-packages/airflow/example_dags/example_python_operator.py
[2023-05-12T19:08:04.153+0000] {logging_mixin.py:149} INFO - [2023-05-12T19:08:04.151+0000] {taskmixin.py:211} WARNING - Dependency <Task(_PythonDecoratedOperator): print_the_context>, log_sql_query already registered for DAG: example_python_operator
[2023-05-12T19:08:04.155+0000] {logging_mixin.py:149} INFO - [2023-05-12T19:08:04.154+0000] {taskmixin.py:211} WARNING - Dependency <Task(_PythonDecoratedOperator): log_sql_query>, print_the_context already registered for DAG: example_python_operator
[2023-05-12T19:08:04.163+0000] {logging_mixin.py:149} INFO - [2023-05-12T19:08:04.163+0000] {taskmixin.py:211} WARNING - Dependency <Task(_PythonDecoratedOperator): print_the_context>, log_sql_query already registered for DAG: example_python_operator
[2023-05-12T19:08:04.165+0000] {logging_mixin.py:149} INFO - [2023-05-12T19:08:04.164+0000] {taskmixin.py:211} WARNING - Dependency <Task(_PythonDecoratedOperator): log_sql_query>, print_the_context already registered for DAG: example_python_operator
[2023-05-12T19:08:04.176+0000] {logging_mixin.py:149} INFO - [2023-05-12T19:08:04.175+0000] {taskmixin.py:211} WARNING - Dependency <Task(_PythonDecoratedOperator): print_the_context>, log_sql_query already registered for DAG: example_python_operator
[2023-05-12T19:08:04.178+0000] {logging_mixin.py:149} INFO - [2023-05-12T19:08:04.177+0000] {taskmixin.py:211} WARNING - Dependency <Task(_PythonDecoratedOperator): log_sql_query>, print_the_context already registered for DAG: example_python_operator
[2023-05-12T19:08:04.181+0000] {logging_mixin.py:149} INFO - [2023-05-12T19:08:04.181+0000] {taskmixin.py:211} WARNING - Dependency <Task(_PythonDecoratedOperator): print_the_context>, log_sql_query already registered for DAG: example_python_operator
[2023-05-12T19:08:04.184+0000] {logging_mixin.py:149} INFO - [2023-05-12T19:08:04.183+0000] {taskmixin.py:211} WARNING - Dependency <Task(_PythonDecoratedOperator): log_sql_query>, print_the_context already registered for DAG: example_python_operator
[2023-05-12T19:08:04.216+0000] {processor.py:809} INFO - DAG(s) dict_keys(['example_python_operator']) retrieved from /home/airflow/.local/lib/python3.7/site-packages/airflow/example_dags/example_python_operator.py
[2023-05-12T19:08:05.366+0000] {logging_mixin.py:149} INFO - [2023-05-12T19:08:05.365+0000] {manager.py:504} INFO - Created Permission View: can delete on DAG:example_python_operator
[2023-05-12T19:08:05.453+0000] {logging_mixin.py:149} INFO - [2023-05-12T19:08:05.453+0000] {manager.py:504} INFO - Created Permission View: can edit on DAG:example_python_operator
[2023-05-12T19:08:05.737+0000] {logging_mixin.py:149} INFO - [2023-05-12T19:08:05.736+0000] {manager.py:504} INFO - Created Permission View: can read on DAG:example_python_operator
[2023-05-12T19:08:05.742+0000] {logging_mixin.py:149} INFO - [2023-05-12T19:08:05.741+0000] {dag.py:2726} INFO - Sync 1 DAGs
[2023-05-12T19:08:05.835+0000] {logging_mixin.py:149} INFO - [2023-05-12T19:08:05.835+0000] {dag.py:2747} INFO - Creating ORM DAG for example_python_operator
[2023-05-12T19:08:05.892+0000] {logging_mixin.py:149} INFO - [2023-05-12T19:08:05.891+0000] {dag.py:3490} INFO - Setting next_dagrun for example_python_operator to None, run_after=None
[2023-05-12T19:08:06.024+0000] {processor.py:178} INFO - Processing /home/airflow/.local/lib/python3.7/site-packages/airflow/example_dags/example_python_operator.py took 2.040 seconds
[2023-05-12T19:09:00.254+0000] {processor.py:156} INFO - Started process (PID=157) to work on /home/airflow/.local/lib/python3.7/site-packages/airflow/example_dags/example_python_operator.py
[2023-05-12T19:09:00.256+0000] {processor.py:799} INFO - Processing file /home/airflow/.local/lib/python3.7/site-packages/airflow/example_dags/example_python_operator.py for tasks to queue
[2023-05-12T19:09:00.258+0000] {logging_mixin.py:149} INFO - [2023-05-12T19:09:00.258+0000] {dagbag.py:541} INFO - Filling up the DagBag from /home/airflow/.local/lib/python3.7/site-packages/airflow/example_dags/example_python_operator.py
[2023-05-12T19:09:00.636+0000] {logging_mixin.py:149} INFO - [2023-05-12T19:09:00.635+0000] {taskmixin.py:211} WARNING - Dependency <Task(_PythonDecoratedOperator): print_the_context>, log_sql_query already registered for DAG: example_python_operator
[2023-05-12T19:09:00.642+0000] {logging_mixin.py:149} INFO - [2023-05-12T19:09:00.641+0000] {taskmixin.py:211} WARNING - Dependency <Task(_PythonDecoratedOperator): log_sql_query>, print_the_context already registered for DAG: example_python_operator
[2023-05-12T19:09:00.647+0000] {logging_mixin.py:149} INFO - [2023-05-12T19:09:00.646+0000] {taskmixin.py:211} WARNING - Dependency <Task(_PythonDecoratedOperator): print_the_context>, log_sql_query already registered for DAG: example_python_operator
[2023-05-12T19:09:00.648+0000] {logging_mixin.py:149} INFO - [2023-05-12T19:09:00.648+0000] {taskmixin.py:211} WARNING - Dependency <Task(_PythonDecoratedOperator): log_sql_query>, print_the_context already registered for DAG: example_python_operator
[2023-05-12T19:09:00.651+0000] {logging_mixin.py:149} INFO - [2023-05-12T19:09:00.651+0000] {taskmixin.py:211} WARNING - Dependency <Task(_PythonDecoratedOperator): print_the_context>, log_sql_query already registered for DAG: example_python_operator
[2023-05-12T19:09:00.653+0000] {logging_mixin.py:149} INFO - [2023-05-12T19:09:00.652+0000] {taskmixin.py:211} WARNING - Dependency <Task(_PythonDecoratedOperator): log_sql_query>, print_the_context already registered for DAG: example_python_operator
[2023-05-12T19:09:00.661+0000] {logging_mixin.py:149} INFO - [2023-05-12T19:09:00.660+0000] {taskmixin.py:211} WARNING - Dependency <Task(_PythonDecoratedOperator): print_the_context>, log_sql_query already registered for DAG: example_python_operator
[2023-05-12T19:09:00.662+0000] {logging_mixin.py:149} INFO - [2023-05-12T19:09:00.662+0000] {taskmixin.py:211} WARNING - Dependency <Task(_PythonDecoratedOperator): log_sql_query>, print_the_context already registered for DAG: example_python_operator
[2023-05-12T19:09:00.672+0000] {processor.py:809} INFO - DAG(s) dict_keys(['example_python_operator']) retrieved from /home/airflow/.local/lib/python3.7/site-packages/airflow/example_dags/example_python_operator.py
[2023-05-12T19:09:00.734+0000] {logging_mixin.py:149} INFO - [2023-05-12T19:09:00.734+0000] {dag.py:2726} INFO - Sync 1 DAGs
[2023-05-12T19:09:00.788+0000] {logging_mixin.py:149} INFO - [2023-05-12T19:09:00.787+0000] {dag.py:3490} INFO - Setting next_dagrun for example_python_operator to None, run_after=None
[2023-05-12T19:09:01.807+0000] {processor.py:178} INFO - Processing /home/airflow/.local/lib/python3.7/site-packages/airflow/example_dags/example_python_operator.py took 1.560 seconds
[2023-05-12T19:09:32.585+0000] {processor.py:156} INFO - Started process (PID=214) to work on /home/airflow/.local/lib/python3.7/site-packages/airflow/example_dags/example_python_operator.py
[2023-05-12T19:09:32.587+0000] {processor.py:799} INFO - Processing file /home/airflow/.local/lib/python3.7/site-packages/airflow/example_dags/example_python_operator.py for tasks to queue
[2023-05-12T19:09:32.589+0000] {logging_mixin.py:149} INFO - [2023-05-12T19:09:32.589+0000] {dagbag.py:541} INFO - Filling up the DagBag from /home/airflow/.local/lib/python3.7/site-packages/airflow/example_dags/example_python_operator.py
[2023-05-12T19:09:32.764+0000] {logging_mixin.py:149} INFO - [2023-05-12T19:09:32.763+0000] {taskmixin.py:211} WARNING - Dependency <Task(_PythonDecoratedOperator): print_the_context>, log_sql_query already registered for DAG: example_python_operator
[2023-05-12T19:09:32.765+0000] {logging_mixin.py:149} INFO - [2023-05-12T19:09:32.765+0000] {taskmixin.py:211} WARNING - Dependency <Task(_PythonDecoratedOperator): log_sql_query>, print_the_context already registered for DAG: example_python_operator
[2023-05-12T19:09:32.767+0000] {logging_mixin.py:149} INFO - [2023-05-12T19:09:32.767+0000] {taskmixin.py:211} WARNING - Dependency <Task(_PythonDecoratedOperator): print_the_context>, log_sql_query already registered for DAG: example_python_operator
[2023-05-12T19:09:32.769+0000] {logging_mixin.py:149} INFO - [2023-05-12T19:09:32.768+0000] {taskmixin.py:211} WARNING - Dependency <Task(_PythonDecoratedOperator): log_sql_query>, print_the_context already registered for DAG: example_python_operator
[2023-05-12T19:09:32.772+0000] {logging_mixin.py:149} INFO - [2023-05-12T19:09:32.771+0000] {taskmixin.py:211} WARNING - Dependency <Task(_PythonDecoratedOperator): print_the_context>, log_sql_query already registered for DAG: example_python_operator
[2023-05-12T19:09:32.773+0000] {logging_mixin.py:149} INFO - [2023-05-12T19:09:32.773+0000] {taskmixin.py:211} WARNING - Dependency <Task(_PythonDecoratedOperator): log_sql_query>, print_the_context already registered for DAG: example_python_operator
[2023-05-12T19:09:32.776+0000] {logging_mixin.py:149} INFO - [2023-05-12T19:09:32.776+0000] {taskmixin.py:211} WARNING - Dependency <Task(_PythonDecoratedOperator): print_the_context>, log_sql_query already registered for DAG: example_python_operator
[2023-05-12T19:09:32.777+0000] {logging_mixin.py:149} INFO - [2023-05-12T19:09:32.777+0000] {taskmixin.py:211} WARNING - Dependency <Task(_PythonDecoratedOperator): log_sql_query>, print_the_context already registered for DAG: example_python_operator
[2023-05-12T19:09:32.785+0000] {processor.py:809} INFO - DAG(s) dict_keys(['example_python_operator']) retrieved from /home/airflow/.local/lib/python3.7/site-packages/airflow/example_dags/example_python_operator.py
[2023-05-12T19:09:32.840+0000] {logging_mixin.py:149} INFO - [2023-05-12T19:09:32.840+0000] {dag.py:2726} INFO - Sync 1 DAGs
[2023-05-12T19:09:32.906+0000] {logging_mixin.py:149} INFO - [2023-05-12T19:09:32.906+0000] {dag.py:3490} INFO - Setting next_dagrun for example_python_operator to None, run_after=None
[2023-05-12T19:09:33.377+0000] {processor.py:178} INFO - Processing /home/airflow/.local/lib/python3.7/site-packages/airflow/example_dags/example_python_operator.py took 0.800 seconds
[2023-05-12T19:10:03.679+0000] {processor.py:156} INFO - Started process (PID=266) to work on /home/airflow/.local/lib/python3.7/site-packages/airflow/example_dags/example_python_operator.py
[2023-05-12T19:10:03.682+0000] {processor.py:799} INFO - Processing file /home/airflow/.local/lib/python3.7/site-packages/airflow/example_dags/example_python_operator.py for tasks to queue
[2023-05-12T19:10:03.685+0000] {logging_mixin.py:149} INFO - [2023-05-12T19:10:03.684+0000] {dagbag.py:541} INFO - Filling up the DagBag from /home/airflow/.local/lib/python3.7/site-packages/airflow/example_dags/example_python_operator.py
[2023-05-12T19:10:03.713+0000] {logging_mixin.py:149} INFO - [2023-05-12T19:10:03.712+0000] {taskmixin.py:211} WARNING - Dependency <Task(_PythonDecoratedOperator): print_the_context>, log_sql_query already registered for DAG: example_python_operator
[2023-05-12T19:10:03.717+0000] {logging_mixin.py:149} INFO - [2023-05-12T19:10:03.715+0000] {taskmixin.py:211} WARNING - Dependency <Task(_PythonDecoratedOperator): log_sql_query>, print_the_context already registered for DAG: example_python_operator
[2023-05-12T19:10:03.723+0000] {logging_mixin.py:149} INFO - [2023-05-12T19:10:03.722+0000] {taskmixin.py:211} WARNING - Dependency <Task(_PythonDecoratedOperator): print_the_context>, log_sql_query already registered for DAG: example_python_operator
[2023-05-12T19:10:03.730+0000] {logging_mixin.py:149} INFO - [2023-05-12T19:10:03.728+0000] {taskmixin.py:211} WARNING - Dependency <Task(_PythonDecoratedOperator): log_sql_query>, print_the_context already registered for DAG: example_python_operator
[2023-05-12T19:10:03.734+0000] {logging_mixin.py:149} INFO - [2023-05-12T19:10:03.733+0000] {taskmixin.py:211} WARNING - Dependency <Task(_PythonDecoratedOperator): print_the_context>, log_sql_query already registered for DAG: example_python_operator
[2023-05-12T19:10:03.735+0000] {logging_mixin.py:149} INFO - [2023-05-12T19:10:03.735+0000] {taskmixin.py:211} WARNING - Dependency <Task(_PythonDecoratedOperator): log_sql_query>, print_the_context already registered for DAG: example_python_operator
[2023-05-12T19:10:03.739+0000] {logging_mixin.py:149} INFO - [2023-05-12T19:10:03.739+0000] {taskmixin.py:211} WARNING - Dependency <Task(_PythonDecoratedOperator): print_the_context>, log_sql_query already registered for DAG: example_python_operator
[2023-05-12T19:10:03.745+0000] {logging_mixin.py:149} INFO - [2023-05-12T19:10:03.741+0000] {taskmixin.py:211} WARNING - Dependency <Task(_PythonDecoratedOperator): log_sql_query>, print_the_context already registered for DAG: example_python_operator
[2023-05-12T19:10:03.756+0000] {processor.py:809} INFO - DAG(s) dict_keys(['example_python_operator']) retrieved from /home/airflow/.local/lib/python3.7/site-packages/airflow/example_dags/example_python_operator.py
[2023-05-12T19:10:03.844+0000] {logging_mixin.py:149} INFO - [2023-05-12T19:10:03.843+0000] {dag.py:2726} INFO - Sync 1 DAGs
[2023-05-12T19:10:03.927+0000] {logging_mixin.py:149} INFO - [2023-05-12T19:10:03.927+0000] {dag.py:3490} INFO - Setting next_dagrun for example_python_operator to None, run_after=None
[2023-05-12T19:10:04.048+0000] {processor.py:178} INFO - Processing /home/airflow/.local/lib/python3.7/site-packages/airflow/example_dags/example_python_operator.py took 0.378 seconds
[2023-05-12T19:10:34.623+0000] {processor.py:156} INFO - Started process (PID=323) to work on /home/airflow/.local/lib/python3.7/site-packages/airflow/example_dags/example_python_operator.py
[2023-05-12T19:10:34.628+0000] {processor.py:799} INFO - Processing file /home/airflow/.local/lib/python3.7/site-packages/airflow/example_dags/example_python_operator.py for tasks to queue
[2023-05-12T19:10:34.631+0000] {logging_mixin.py:149} INFO - [2023-05-12T19:10:34.631+0000] {dagbag.py:541} INFO - Filling up the DagBag from /home/airflow/.local/lib/python3.7/site-packages/airflow/example_dags/example_python_operator.py
[2023-05-12T19:10:34.656+0000] {logging_mixin.py:149} INFO - [2023-05-12T19:10:34.656+0000] {taskmixin.py:211} WARNING - Dependency <Task(_PythonDecoratedOperator): print_the_context>, log_sql_query already registered for DAG: example_python_operator
[2023-05-12T19:10:34.660+0000] {logging_mixin.py:149} INFO - [2023-05-12T19:10:34.659+0000] {taskmixin.py:211} WARNING - Dependency <Task(_PythonDecoratedOperator): log_sql_query>, print_the_context already registered for DAG: example_python_operator
[2023-05-12T19:10:34.664+0000] {logging_mixin.py:149} INFO - [2023-05-12T19:10:34.664+0000] {taskmixin.py:211} WARNING - Dependency <Task(_PythonDecoratedOperator): print_the_context>, log_sql_query already registered for DAG: example_python_operator
[2023-05-12T19:10:34.668+0000] {logging_mixin.py:149} INFO - [2023-05-12T19:10:34.667+0000] {taskmixin.py:211} WARNING - Dependency <Task(_PythonDecoratedOperator): log_sql_query>, print_the_context already registered for DAG: example_python_operator
[2023-05-12T19:10:34.672+0000] {logging_mixin.py:149} INFO - [2023-05-12T19:10:34.671+0000] {taskmixin.py:211} WARNING - Dependency <Task(_PythonDecoratedOperator): print_the_context>, log_sql_query already registered for DAG: example_python_operator
[2023-05-12T19:10:34.674+0000] {logging_mixin.py:149} INFO - [2023-05-12T19:10:34.674+0000] {taskmixin.py:211} WARNING - Dependency <Task(_PythonDecoratedOperator): log_sql_query>, print_the_context already registered for DAG: example_python_operator
[2023-05-12T19:10:34.679+0000] {logging_mixin.py:149} INFO - [2023-05-12T19:10:34.678+0000] {taskmixin.py:211} WARNING - Dependency <Task(_PythonDecoratedOperator): print_the_context>, log_sql_query already registered for DAG: example_python_operator
[2023-05-12T19:10:34.680+0000] {logging_mixin.py:149} INFO - [2023-05-12T19:10:34.680+0000] {taskmixin.py:211} WARNING - Dependency <Task(_PythonDecoratedOperator): log_sql_query>, print_the_context already registered for DAG: example_python_operator
[2023-05-12T19:10:34.698+0000] {processor.py:809} INFO - DAG(s) dict_keys(['example_python_operator']) retrieved from /home/airflow/.local/lib/python3.7/site-packages/airflow/example_dags/example_python_operator.py
[2023-05-12T19:10:34.882+0000] {logging_mixin.py:149} INFO - [2023-05-12T19:10:34.881+0000] {dag.py:2726} INFO - Sync 1 DAGs
[2023-05-12T19:10:35.019+0000] {logging_mixin.py:149} INFO - [2023-05-12T19:10:35.019+0000] {dag.py:3490} INFO - Setting next_dagrun for example_python_operator to None, run_after=None
[2023-05-12T19:10:35.339+0000] {processor.py:178} INFO - Processing /home/airflow/.local/lib/python3.7/site-packages/airflow/example_dags/example_python_operator.py took 0.726 seconds
[2023-05-12T19:11:05.780+0000] {processor.py:156} INFO - Started process (PID=380) to work on /home/airflow/.local/lib/python3.7/site-packages/airflow/example_dags/example_python_operator.py
[2023-05-12T19:11:05.783+0000] {processor.py:799} INFO - Processing file /home/airflow/.local/lib/python3.7/site-packages/airflow/example_dags/example_python_operator.py for tasks to queue
[2023-05-12T19:11:05.790+0000] {logging_mixin.py:149} INFO - [2023-05-12T19:11:05.789+0000] {dagbag.py:541} INFO - Filling up the DagBag from /home/airflow/.local/lib/python3.7/site-packages/airflow/example_dags/example_python_operator.py
[2023-05-12T19:11:05.816+0000] {logging_mixin.py:149} INFO - [2023-05-12T19:11:05.816+0000] {taskmixin.py:211} WARNING - Dependency <Task(_PythonDecoratedOperator): print_the_context>, log_sql_query already registered for DAG: example_python_operator
[2023-05-12T19:11:05.817+0000] {logging_mixin.py:149} INFO - [2023-05-12T19:11:05.817+0000] {taskmixin.py:211} WARNING - Dependency <Task(_PythonDecoratedOperator): log_sql_query>, print_the_context already registered for DAG: example_python_operator
[2023-05-12T19:11:05.823+0000] {logging_mixin.py:149} INFO - [2023-05-12T19:11:05.822+0000] {taskmixin.py:211} WARNING - Dependency <Task(_PythonDecoratedOperator): print_the_context>, log_sql_query already registered for DAG: example_python_operator
[2023-05-12T19:11:05.827+0000] {logging_mixin.py:149} INFO - [2023-05-12T19:11:05.825+0000] {taskmixin.py:211} WARNING - Dependency <Task(_PythonDecoratedOperator): log_sql_query>, print_the_context already registered for DAG: example_python_operator
[2023-05-12T19:11:05.829+0000] {logging_mixin.py:149} INFO - [2023-05-12T19:11:05.829+0000] {taskmixin.py:211} WARNING - Dependency <Task(_PythonDecoratedOperator): print_the_context>, log_sql_query already registered for DAG: example_python_operator
[2023-05-12T19:11:05.831+0000] {logging_mixin.py:149} INFO - [2023-05-12T19:11:05.830+0000] {taskmixin.py:211} WARNING - Dependency <Task(_PythonDecoratedOperator): log_sql_query>, print_the_context already registered for DAG: example_python_operator
[2023-05-12T19:11:05.833+0000] {logging_mixin.py:149} INFO - [2023-05-12T19:11:05.833+0000] {taskmixin.py:211} WARNING - Dependency <Task(_PythonDecoratedOperator): print_the_context>, log_sql_query already registered for DAG: example_python_operator
[2023-05-12T19:11:05.835+0000] {logging_mixin.py:149} INFO - [2023-05-12T19:11:05.835+0000] {taskmixin.py:211} WARNING - Dependency <Task(_PythonDecoratedOperator): log_sql_query>, print_the_context already registered for DAG: example_python_operator
[2023-05-12T19:11:05.849+0000] {processor.py:809} INFO - DAG(s) dict_keys(['example_python_operator']) retrieved from /home/airflow/.local/lib/python3.7/site-packages/airflow/example_dags/example_python_operator.py
[2023-05-12T19:11:05.944+0000] {logging_mixin.py:149} INFO - [2023-05-12T19:11:05.943+0000] {dag.py:2726} INFO - Sync 1 DAGs
[2023-05-12T19:11:06.064+0000] {logging_mixin.py:149} INFO - [2023-05-12T19:11:06.063+0000] {dag.py:3490} INFO - Setting next_dagrun for example_python_operator to None, run_after=None
[2023-05-12T19:11:06.259+0000] {processor.py:178} INFO - Processing /home/airflow/.local/lib/python3.7/site-packages/airflow/example_dags/example_python_operator.py took 0.493 seconds
[2023-05-12T19:11:37.340+0000] {processor.py:156} INFO - Started process (PID=437) to work on /home/airflow/.local/lib/python3.7/site-packages/airflow/example_dags/example_python_operator.py
[2023-05-12T19:11:37.342+0000] {processor.py:799} INFO - Processing file /home/airflow/.local/lib/python3.7/site-packages/airflow/example_dags/example_python_operator.py for tasks to queue
[2023-05-12T19:11:37.369+0000] {logging_mixin.py:149} INFO - [2023-05-12T19:11:37.369+0000] {dagbag.py:541} INFO - Filling up the DagBag from /home/airflow/.local/lib/python3.7/site-packages/airflow/example_dags/example_python_operator.py
[2023-05-12T19:11:37.413+0000] {logging_mixin.py:149} INFO - [2023-05-12T19:11:37.412+0000] {taskmixin.py:211} WARNING - Dependency <Task(_PythonDecoratedOperator): print_the_context>, log_sql_query already registered for DAG: example_python_operator
[2023-05-12T19:11:37.418+0000] {logging_mixin.py:149} INFO - [2023-05-12T19:11:37.417+0000] {taskmixin.py:211} WARNING - Dependency <Task(_PythonDecoratedOperator): log_sql_query>, print_the_context already registered for DAG: example_python_operator
[2023-05-12T19:11:37.426+0000] {logging_mixin.py:149} INFO - [2023-05-12T19:11:37.426+0000] {taskmixin.py:211} WARNING - Dependency <Task(_PythonDecoratedOperator): print_the_context>, log_sql_query already registered for DAG: example_python_operator
[2023-05-12T19:11:37.428+0000] {logging_mixin.py:149} INFO - [2023-05-12T19:11:37.427+0000] {taskmixin.py:211} WARNING - Dependency <Task(_PythonDecoratedOperator): log_sql_query>, print_the_context already registered for DAG: example_python_operator
[2023-05-12T19:11:37.434+0000] {logging_mixin.py:149} INFO - [2023-05-12T19:11:37.432+0000] {taskmixin.py:211} WARNING - Dependency <Task(_PythonDecoratedOperator): print_the_context>, log_sql_query already registered for DAG: example_python_operator
[2023-05-12T19:11:37.448+0000] {logging_mixin.py:149} INFO - [2023-05-12T19:11:37.437+0000] {taskmixin.py:211} WARNING - Dependency <Task(_PythonDecoratedOperator): log_sql_query>, print_the_context already registered for DAG: example_python_operator
[2023-05-12T19:11:37.463+0000] {logging_mixin.py:149} INFO - [2023-05-12T19:11:37.462+0000] {taskmixin.py:211} WARNING - Dependency <Task(_PythonDecoratedOperator): print_the_context>, log_sql_query already registered for DAG: example_python_operator
[2023-05-12T19:11:37.465+0000] {logging_mixin.py:149} INFO - [2023-05-12T19:11:37.465+0000] {taskmixin.py:211} WARNING - Dependency <Task(_PythonDecoratedOperator): log_sql_query>, print_the_context already registered for DAG: example_python_operator
[2023-05-12T19:11:37.481+0000] {processor.py:809} INFO - DAG(s) dict_keys(['example_python_operator']) retrieved from /home/airflow/.local/lib/python3.7/site-packages/airflow/example_dags/example_python_operator.py
[2023-05-12T19:11:37.551+0000] {logging_mixin.py:149} INFO - [2023-05-12T19:11:37.550+0000] {dag.py:2726} INFO - Sync 1 DAGs
[2023-05-12T19:11:37.619+0000] {logging_mixin.py:149} INFO - [2023-05-12T19:11:37.618+0000] {dag.py:3490} INFO - Setting next_dagrun for example_python_operator to None, run_after=None
[2023-05-12T19:11:37.851+0000] {processor.py:178} INFO - Processing /home/airflow/.local/lib/python3.7/site-packages/airflow/example_dags/example_python_operator.py took 0.520 seconds
