[2023-05-12T19:07:21.106+0000] {processor.py:156} INFO - Started process (PID=62) to work on /home/airflow/.local/lib/python3.7/site-packages/airflow/example_dags/example_short_circuit_decorator.py
[2023-05-12T19:07:21.177+0000] {processor.py:799} INFO - Processing file /home/airflow/.local/lib/python3.7/site-packages/airflow/example_dags/example_short_circuit_decorator.py for tasks to queue
[2023-05-12T19:07:21.180+0000] {logging_mixin.py:149} INFO - [2023-05-12T19:07:21.179+0000] {dagbag.py:541} INFO - Filling up the DagBag from /home/airflow/.local/lib/python3.7/site-packages/airflow/example_dags/example_short_circuit_decorator.py
[2023-05-12T19:07:21.408+0000] {processor.py:809} INFO - DAG(s) dict_keys(['example_short_circuit_decorator']) retrieved from /home/airflow/.local/lib/python3.7/site-packages/airflow/example_dags/example_short_circuit_decorator.py
[2023-05-12T19:07:26.671+0000] {logging_mixin.py:149} INFO - [2023-05-12T19:07:26.671+0000] {manager.py:504} INFO - Created Permission View: can delete on DAG:example_short_circuit_decorator
[2023-05-12T19:07:27.061+0000] {logging_mixin.py:149} INFO - [2023-05-12T19:07:27.061+0000] {manager.py:504} INFO - Created Permission View: can edit on DAG:example_short_circuit_decorator
[2023-05-12T19:07:27.239+0000] {logging_mixin.py:149} INFO - [2023-05-12T19:07:27.238+0000] {manager.py:504} INFO - Created Permission View: can read on DAG:example_short_circuit_decorator
[2023-05-12T19:07:27.247+0000] {logging_mixin.py:149} INFO - [2023-05-12T19:07:27.246+0000] {dag.py:2726} INFO - Sync 1 DAGs
[2023-05-12T19:07:27.496+0000] {logging_mixin.py:149} INFO - [2023-05-12T19:07:27.485+0000] {dag.py:2747} INFO - Creating ORM DAG for example_short_circuit_decorator
[2023-05-12T19:07:27.650+0000] {logging_mixin.py:149} INFO - [2023-05-12T19:07:27.650+0000] {dag.py:3490} INFO - Setting next_dagrun for example_short_circuit_decorator to 2023-05-11T19:07:27.585224+00:00, run_after=2023-05-12T19:07:27.585224+00:00
[2023-05-12T19:07:28.019+0000] {processor.py:178} INFO - Processing /home/airflow/.local/lib/python3.7/site-packages/airflow/example_dags/example_short_circuit_decorator.py took 7.099 seconds
[2023-05-12T19:08:31.276+0000] {processor.py:156} INFO - Started process (PID=126) to work on /home/airflow/.local/lib/python3.7/site-packages/airflow/example_dags/example_short_circuit_decorator.py
[2023-05-12T19:08:31.279+0000] {processor.py:799} INFO - Processing file /home/airflow/.local/lib/python3.7/site-packages/airflow/example_dags/example_short_circuit_decorator.py for tasks to queue
[2023-05-12T19:08:31.283+0000] {logging_mixin.py:149} INFO - [2023-05-12T19:08:31.282+0000] {dagbag.py:541} INFO - Filling up the DagBag from /home/airflow/.local/lib/python3.7/site-packages/airflow/example_dags/example_short_circuit_decorator.py
[2023-05-12T19:08:31.329+0000] {processor.py:809} INFO - DAG(s) dict_keys(['example_short_circuit_decorator']) retrieved from /home/airflow/.local/lib/python3.7/site-packages/airflow/example_dags/example_short_circuit_decorator.py
[2023-05-12T19:08:31.454+0000] {logging_mixin.py:149} INFO - [2023-05-12T19:08:31.454+0000] {dag.py:2726} INFO - Sync 1 DAGs
[2023-05-12T19:08:31.552+0000] {logging_mixin.py:149} INFO - [2023-05-12T19:08:31.552+0000] {dag.py:3490} INFO - Setting next_dagrun for example_short_circuit_decorator to 2023-05-11T19:08:31.551349+00:00, run_after=2023-05-12T19:08:31.551349+00:00
[2023-05-12T19:08:31.683+0000] {processor.py:178} INFO - Processing /home/airflow/.local/lib/python3.7/site-packages/airflow/example_dags/example_short_circuit_decorator.py took 0.426 seconds
[2023-05-12T19:09:06.937+0000] {processor.py:156} INFO - Started process (PID=171) to work on /home/airflow/.local/lib/python3.7/site-packages/airflow/example_dags/example_short_circuit_decorator.py
[2023-05-12T19:09:06.938+0000] {processor.py:799} INFO - Processing file /home/airflow/.local/lib/python3.7/site-packages/airflow/example_dags/example_short_circuit_decorator.py for tasks to queue
[2023-05-12T19:09:06.941+0000] {logging_mixin.py:149} INFO - [2023-05-12T19:09:06.941+0000] {dagbag.py:541} INFO - Filling up the DagBag from /home/airflow/.local/lib/python3.7/site-packages/airflow/example_dags/example_short_circuit_decorator.py
[2023-05-12T19:09:06.975+0000] {processor.py:809} INFO - DAG(s) dict_keys(['example_short_circuit_decorator']) retrieved from /home/airflow/.local/lib/python3.7/site-packages/airflow/example_dags/example_short_circuit_decorator.py
[2023-05-12T19:09:07.065+0000] {logging_mixin.py:149} INFO - [2023-05-12T19:09:07.064+0000] {dag.py:2726} INFO - Sync 1 DAGs
[2023-05-12T19:09:07.173+0000] {logging_mixin.py:149} INFO - [2023-05-12T19:09:07.173+0000] {dag.py:3490} INFO - Setting next_dagrun for example_short_circuit_decorator to 2023-05-11T19:09:07.172815+00:00, run_after=2023-05-12T19:09:07.172815+00:00
[2023-05-12T19:09:07.398+0000] {processor.py:178} INFO - Processing /home/airflow/.local/lib/python3.7/site-packages/airflow/example_dags/example_short_circuit_decorator.py took 0.467 seconds
[2023-05-12T19:09:40.829+0000] {processor.py:156} INFO - Started process (PID=228) to work on /home/airflow/.local/lib/python3.7/site-packages/airflow/example_dags/example_short_circuit_decorator.py
[2023-05-12T19:09:40.832+0000] {processor.py:799} INFO - Processing file /home/airflow/.local/lib/python3.7/site-packages/airflow/example_dags/example_short_circuit_decorator.py for tasks to queue
[2023-05-12T19:09:40.835+0000] {logging_mixin.py:149} INFO - [2023-05-12T19:09:40.834+0000] {dagbag.py:541} INFO - Filling up the DagBag from /home/airflow/.local/lib/python3.7/site-packages/airflow/example_dags/example_short_circuit_decorator.py
[2023-05-12T19:09:40.870+0000] {processor.py:809} INFO - DAG(s) dict_keys(['example_short_circuit_decorator']) retrieved from /home/airflow/.local/lib/python3.7/site-packages/airflow/example_dags/example_short_circuit_decorator.py
[2023-05-12T19:09:40.956+0000] {logging_mixin.py:149} INFO - [2023-05-12T19:09:40.953+0000] {dag.py:2726} INFO - Sync 1 DAGs
[2023-05-12T19:09:41.029+0000] {logging_mixin.py:149} INFO - [2023-05-12T19:09:41.028+0000] {dag.py:3490} INFO - Setting next_dagrun for example_short_circuit_decorator to 2023-05-11T19:09:41.027835+00:00, run_after=2023-05-12T19:09:41.027835+00:00
[2023-05-12T19:09:41.375+0000] {processor.py:178} INFO - Processing /home/airflow/.local/lib/python3.7/site-packages/airflow/example_dags/example_short_circuit_decorator.py took 0.560 seconds
[2023-05-12T19:10:12.872+0000] {processor.py:156} INFO - Started process (PID=285) to work on /home/airflow/.local/lib/python3.7/site-packages/airflow/example_dags/example_short_circuit_decorator.py
[2023-05-12T19:10:12.878+0000] {processor.py:799} INFO - Processing file /home/airflow/.local/lib/python3.7/site-packages/airflow/example_dags/example_short_circuit_decorator.py for tasks to queue
[2023-05-12T19:10:12.881+0000] {logging_mixin.py:149} INFO - [2023-05-12T19:10:12.881+0000] {dagbag.py:541} INFO - Filling up the DagBag from /home/airflow/.local/lib/python3.7/site-packages/airflow/example_dags/example_short_circuit_decorator.py
[2023-05-12T19:10:12.931+0000] {processor.py:809} INFO - DAG(s) dict_keys(['example_short_circuit_decorator']) retrieved from /home/airflow/.local/lib/python3.7/site-packages/airflow/example_dags/example_short_circuit_decorator.py
[2023-05-12T19:10:13.164+0000] {logging_mixin.py:149} INFO - [2023-05-12T19:10:13.164+0000] {dag.py:2726} INFO - Sync 1 DAGs
[2023-05-12T19:10:13.420+0000] {logging_mixin.py:149} INFO - [2023-05-12T19:10:13.419+0000] {dag.py:3490} INFO - Setting next_dagrun for example_short_circuit_decorator to 2023-05-11T19:10:13.418733+00:00, run_after=2023-05-12T19:10:13.418733+00:00
[2023-05-12T19:10:13.571+0000] {processor.py:178} INFO - Processing /home/airflow/.local/lib/python3.7/site-packages/airflow/example_dags/example_short_circuit_decorator.py took 0.715 seconds
[2023-05-12T19:10:45.029+0000] {processor.py:156} INFO - Started process (PID=342) to work on /home/airflow/.local/lib/python3.7/site-packages/airflow/example_dags/example_short_circuit_decorator.py
[2023-05-12T19:10:45.039+0000] {processor.py:799} INFO - Processing file /home/airflow/.local/lib/python3.7/site-packages/airflow/example_dags/example_short_circuit_decorator.py for tasks to queue
[2023-05-12T19:10:45.041+0000] {logging_mixin.py:149} INFO - [2023-05-12T19:10:45.041+0000] {dagbag.py:541} INFO - Filling up the DagBag from /home/airflow/.local/lib/python3.7/site-packages/airflow/example_dags/example_short_circuit_decorator.py
[2023-05-12T19:10:45.081+0000] {processor.py:809} INFO - DAG(s) dict_keys(['example_short_circuit_decorator']) retrieved from /home/airflow/.local/lib/python3.7/site-packages/airflow/example_dags/example_short_circuit_decorator.py
[2023-05-12T19:10:45.200+0000] {logging_mixin.py:149} INFO - [2023-05-12T19:10:45.200+0000] {dag.py:2726} INFO - Sync 1 DAGs
[2023-05-12T19:10:45.305+0000] {logging_mixin.py:149} INFO - [2023-05-12T19:10:45.305+0000] {dag.py:3490} INFO - Setting next_dagrun for example_short_circuit_decorator to 2023-05-11T19:10:45.304178+00:00, run_after=2023-05-12T19:10:45.304178+00:00
[2023-05-12T19:10:45.435+0000] {processor.py:178} INFO - Processing /home/airflow/.local/lib/python3.7/site-packages/airflow/example_dags/example_short_circuit_decorator.py took 0.417 seconds
[2023-05-12T19:11:16.480+0000] {processor.py:156} INFO - Started process (PID=393) to work on /home/airflow/.local/lib/python3.7/site-packages/airflow/example_dags/example_short_circuit_decorator.py
[2023-05-12T19:11:16.482+0000] {processor.py:799} INFO - Processing file /home/airflow/.local/lib/python3.7/site-packages/airflow/example_dags/example_short_circuit_decorator.py for tasks to queue
[2023-05-12T19:11:16.484+0000] {logging_mixin.py:149} INFO - [2023-05-12T19:11:16.484+0000] {dagbag.py:541} INFO - Filling up the DagBag from /home/airflow/.local/lib/python3.7/site-packages/airflow/example_dags/example_short_circuit_decorator.py
[2023-05-12T19:11:16.571+0000] {processor.py:809} INFO - DAG(s) dict_keys(['example_short_circuit_decorator']) retrieved from /home/airflow/.local/lib/python3.7/site-packages/airflow/example_dags/example_short_circuit_decorator.py
[2023-05-12T19:11:16.687+0000] {logging_mixin.py:149} INFO - [2023-05-12T19:11:16.686+0000] {dag.py:2726} INFO - Sync 1 DAGs
[2023-05-12T19:11:16.817+0000] {logging_mixin.py:149} INFO - [2023-05-12T19:11:16.817+0000] {dag.py:3490} INFO - Setting next_dagrun for example_short_circuit_decorator to 2023-05-11T19:11:16.816551+00:00, run_after=2023-05-12T19:11:16.816551+00:00
[2023-05-12T19:11:16.961+0000] {processor.py:178} INFO - Processing /home/airflow/.local/lib/python3.7/site-packages/airflow/example_dags/example_short_circuit_decorator.py took 0.490 seconds
[2023-05-12T19:11:47.300+0000] {processor.py:156} INFO - Started process (PID=449) to work on /home/airflow/.local/lib/python3.7/site-packages/airflow/example_dags/example_short_circuit_decorator.py
[2023-05-12T19:11:47.303+0000] {processor.py:799} INFO - Processing file /home/airflow/.local/lib/python3.7/site-packages/airflow/example_dags/example_short_circuit_decorator.py for tasks to queue
[2023-05-12T19:11:47.306+0000] {logging_mixin.py:149} INFO - [2023-05-12T19:11:47.305+0000] {dagbag.py:541} INFO - Filling up the DagBag from /home/airflow/.local/lib/python3.7/site-packages/airflow/example_dags/example_short_circuit_decorator.py
[2023-05-12T19:11:47.365+0000] {processor.py:809} INFO - DAG(s) dict_keys(['example_short_circuit_decorator']) retrieved from /home/airflow/.local/lib/python3.7/site-packages/airflow/example_dags/example_short_circuit_decorator.py
[2023-05-12T19:11:47.476+0000] {logging_mixin.py:149} INFO - [2023-05-12T19:11:47.475+0000] {dag.py:2726} INFO - Sync 1 DAGs
[2023-05-12T19:11:47.584+0000] {logging_mixin.py:149} INFO - [2023-05-12T19:11:47.583+0000] {dag.py:3490} INFO - Setting next_dagrun for example_short_circuit_decorator to 2023-05-11T19:11:47.583240+00:00, run_after=2023-05-12T19:11:47.583240+00:00
[2023-05-12T19:11:47.795+0000] {processor.py:178} INFO - Processing /home/airflow/.local/lib/python3.7/site-packages/airflow/example_dags/example_short_circuit_decorator.py took 0.508 seconds
