[2023-05-12T19:06:53.772+0000] {processor.py:156} INFO - Started process (PID=47) to work on /home/airflow/.local/lib/python3.7/site-packages/airflow/example_dags/example_short_circuit_operator.py
[2023-05-12T19:06:53.774+0000] {processor.py:799} INFO - Processing file /home/airflow/.local/lib/python3.7/site-packages/airflow/example_dags/example_short_circuit_operator.py for tasks to queue
[2023-05-12T19:06:53.775+0000] {logging_mixin.py:149} INFO - [2023-05-12T19:06:53.775+0000] {dagbag.py:541} INFO - Filling up the DagBag from /home/airflow/.local/lib/python3.7/site-packages/airflow/example_dags/example_short_circuit_operator.py
[2023-05-12T19:06:53.976+0000] {processor.py:809} INFO - DAG(s) dict_keys(['example_short_circuit_operator']) retrieved from /home/airflow/.local/lib/python3.7/site-packages/airflow/example_dags/example_short_circuit_operator.py
[2023-05-12T19:07:09.353+0000] {logging_mixin.py:149} INFO - [2023-05-12T19:07:09.353+0000] {manager.py:504} INFO - Created Permission View: can delete on DAG:example_short_circuit_operator
[2023-05-12T19:07:09.528+0000] {logging_mixin.py:149} INFO - [2023-05-12T19:07:09.527+0000] {manager.py:504} INFO - Created Permission View: can edit on DAG:example_short_circuit_operator
[2023-05-12T19:07:09.636+0000] {logging_mixin.py:149} INFO - [2023-05-12T19:07:09.635+0000] {manager.py:504} INFO - Created Permission View: can read on DAG:example_short_circuit_operator
[2023-05-12T19:07:09.640+0000] {logging_mixin.py:149} INFO - [2023-05-12T19:07:09.640+0000] {dag.py:2726} INFO - Sync 1 DAGs
[2023-05-12T19:07:09.756+0000] {logging_mixin.py:149} INFO - [2023-05-12T19:07:09.755+0000] {dag.py:2747} INFO - Creating ORM DAG for example_short_circuit_operator
[2023-05-12T19:07:09.816+0000] {logging_mixin.py:149} INFO - [2023-05-12T19:07:09.815+0000] {dag.py:3490} INFO - Setting next_dagrun for example_short_circuit_operator to 2023-05-11T19:07:09.815333+00:00, run_after=2023-05-12T19:07:09.815333+00:00
[2023-05-12T19:07:10.010+0000] {processor.py:178} INFO - Processing /home/airflow/.local/lib/python3.7/site-packages/airflow/example_dags/example_short_circuit_operator.py took 16.106 seconds
[2023-05-12T19:08:24.652+0000] {processor.py:156} INFO - Started process (PID=118) to work on /home/airflow/.local/lib/python3.7/site-packages/airflow/example_dags/example_short_circuit_operator.py
[2023-05-12T19:08:24.656+0000] {processor.py:799} INFO - Processing file /home/airflow/.local/lib/python3.7/site-packages/airflow/example_dags/example_short_circuit_operator.py for tasks to queue
[2023-05-12T19:08:24.659+0000] {logging_mixin.py:149} INFO - [2023-05-12T19:08:24.659+0000] {dagbag.py:541} INFO - Filling up the DagBag from /home/airflow/.local/lib/python3.7/site-packages/airflow/example_dags/example_short_circuit_operator.py
[2023-05-12T19:08:24.807+0000] {processor.py:809} INFO - DAG(s) dict_keys(['example_short_circuit_operator']) retrieved from /home/airflow/.local/lib/python3.7/site-packages/airflow/example_dags/example_short_circuit_operator.py
[2023-05-12T19:08:24.914+0000] {logging_mixin.py:149} INFO - [2023-05-12T19:08:24.914+0000] {dag.py:2726} INFO - Sync 1 DAGs
[2023-05-12T19:08:25.011+0000] {logging_mixin.py:149} INFO - [2023-05-12T19:08:25.010+0000] {dag.py:3490} INFO - Setting next_dagrun for example_short_circuit_operator to 2023-05-11T19:08:25.009947+00:00, run_after=2023-05-12T19:08:25.009947+00:00
[2023-05-12T19:08:25.369+0000] {processor.py:178} INFO - Processing /home/airflow/.local/lib/python3.7/site-packages/airflow/example_dags/example_short_circuit_operator.py took 0.717 seconds
[2023-05-12T19:09:04.635+0000] {processor.py:156} INFO - Started process (PID=163) to work on /home/airflow/.local/lib/python3.7/site-packages/airflow/example_dags/example_short_circuit_operator.py
[2023-05-12T19:09:04.637+0000] {processor.py:799} INFO - Processing file /home/airflow/.local/lib/python3.7/site-packages/airflow/example_dags/example_short_circuit_operator.py for tasks to queue
[2023-05-12T19:09:04.639+0000] {logging_mixin.py:149} INFO - [2023-05-12T19:09:04.639+0000] {dagbag.py:541} INFO - Filling up the DagBag from /home/airflow/.local/lib/python3.7/site-packages/airflow/example_dags/example_short_circuit_operator.py
[2023-05-12T19:09:04.660+0000] {processor.py:809} INFO - DAG(s) dict_keys(['example_short_circuit_operator']) retrieved from /home/airflow/.local/lib/python3.7/site-packages/airflow/example_dags/example_short_circuit_operator.py
[2023-05-12T19:09:04.751+0000] {logging_mixin.py:149} INFO - [2023-05-12T19:09:04.751+0000] {dag.py:2726} INFO - Sync 1 DAGs
[2023-05-12T19:09:04.822+0000] {logging_mixin.py:149} INFO - [2023-05-12T19:09:04.822+0000] {dag.py:3490} INFO - Setting next_dagrun for example_short_circuit_operator to 2023-05-11T19:09:04.821690+00:00, run_after=2023-05-12T19:09:04.821690+00:00
[2023-05-12T19:09:05.154+0000] {processor.py:178} INFO - Processing /home/airflow/.local/lib/python3.7/site-packages/airflow/example_dags/example_short_circuit_operator.py took 0.527 seconds
[2023-05-12T19:09:37.123+0000] {processor.py:156} INFO - Started process (PID=220) to work on /home/airflow/.local/lib/python3.7/site-packages/airflow/example_dags/example_short_circuit_operator.py
[2023-05-12T19:09:37.125+0000] {processor.py:799} INFO - Processing file /home/airflow/.local/lib/python3.7/site-packages/airflow/example_dags/example_short_circuit_operator.py for tasks to queue
[2023-05-12T19:09:37.128+0000] {logging_mixin.py:149} INFO - [2023-05-12T19:09:37.127+0000] {dagbag.py:541} INFO - Filling up the DagBag from /home/airflow/.local/lib/python3.7/site-packages/airflow/example_dags/example_short_circuit_operator.py
[2023-05-12T19:09:37.146+0000] {processor.py:809} INFO - DAG(s) dict_keys(['example_short_circuit_operator']) retrieved from /home/airflow/.local/lib/python3.7/site-packages/airflow/example_dags/example_short_circuit_operator.py
[2023-05-12T19:09:37.377+0000] {logging_mixin.py:149} INFO - [2023-05-12T19:09:37.377+0000] {dag.py:2726} INFO - Sync 1 DAGs
[2023-05-12T19:09:37.515+0000] {logging_mixin.py:149} INFO - [2023-05-12T19:09:37.504+0000] {dag.py:3490} INFO - Setting next_dagrun for example_short_circuit_operator to 2023-05-11T19:09:37.503730+00:00, run_after=2023-05-12T19:09:37.503730+00:00
[2023-05-12T19:09:37.668+0000] {processor.py:178} INFO - Processing /home/airflow/.local/lib/python3.7/site-packages/airflow/example_dags/example_short_circuit_operator.py took 0.551 seconds
[2023-05-12T19:10:08.020+0000] {processor.py:156} INFO - Started process (PID=272) to work on /home/airflow/.local/lib/python3.7/site-packages/airflow/example_dags/example_short_circuit_operator.py
[2023-05-12T19:10:08.027+0000] {processor.py:799} INFO - Processing file /home/airflow/.local/lib/python3.7/site-packages/airflow/example_dags/example_short_circuit_operator.py for tasks to queue
[2023-05-12T19:10:08.030+0000] {logging_mixin.py:149} INFO - [2023-05-12T19:10:08.029+0000] {dagbag.py:541} INFO - Filling up the DagBag from /home/airflow/.local/lib/python3.7/site-packages/airflow/example_dags/example_short_circuit_operator.py
[2023-05-12T19:10:08.052+0000] {processor.py:809} INFO - DAG(s) dict_keys(['example_short_circuit_operator']) retrieved from /home/airflow/.local/lib/python3.7/site-packages/airflow/example_dags/example_short_circuit_operator.py
[2023-05-12T19:10:08.135+0000] {logging_mixin.py:149} INFO - [2023-05-12T19:10:08.135+0000] {dag.py:2726} INFO - Sync 1 DAGs
[2023-05-12T19:10:08.234+0000] {logging_mixin.py:149} INFO - [2023-05-12T19:10:08.234+0000] {dag.py:3490} INFO - Setting next_dagrun for example_short_circuit_operator to 2023-05-11T19:10:08.233766+00:00, run_after=2023-05-12T19:10:08.233766+00:00
[2023-05-12T19:10:08.369+0000] {processor.py:178} INFO - Processing /home/airflow/.local/lib/python3.7/site-packages/airflow/example_dags/example_short_circuit_operator.py took 0.357 seconds
[2023-05-12T19:10:38.668+0000] {processor.py:156} INFO - Started process (PID=329) to work on /home/airflow/.local/lib/python3.7/site-packages/airflow/example_dags/example_short_circuit_operator.py
[2023-05-12T19:10:38.673+0000] {processor.py:799} INFO - Processing file /home/airflow/.local/lib/python3.7/site-packages/airflow/example_dags/example_short_circuit_operator.py for tasks to queue
[2023-05-12T19:10:38.678+0000] {logging_mixin.py:149} INFO - [2023-05-12T19:10:38.677+0000] {dagbag.py:541} INFO - Filling up the DagBag from /home/airflow/.local/lib/python3.7/site-packages/airflow/example_dags/example_short_circuit_operator.py
[2023-05-12T19:10:38.728+0000] {processor.py:809} INFO - DAG(s) dict_keys(['example_short_circuit_operator']) retrieved from /home/airflow/.local/lib/python3.7/site-packages/airflow/example_dags/example_short_circuit_operator.py
[2023-05-12T19:10:38.959+0000] {logging_mixin.py:149} INFO - [2023-05-12T19:10:38.959+0000] {dag.py:2726} INFO - Sync 1 DAGs
[2023-05-12T19:10:39.128+0000] {logging_mixin.py:149} INFO - [2023-05-12T19:10:39.128+0000] {dag.py:3490} INFO - Setting next_dagrun for example_short_circuit_operator to 2023-05-11T19:10:39.127789+00:00, run_after=2023-05-12T19:10:39.127789+00:00
[2023-05-12T19:10:39.259+0000] {processor.py:178} INFO - Processing /home/airflow/.local/lib/python3.7/site-packages/airflow/example_dags/example_short_circuit_operator.py took 0.600 seconds
[2023-05-12T19:11:09.653+0000] {processor.py:156} INFO - Started process (PID=386) to work on /home/airflow/.local/lib/python3.7/site-packages/airflow/example_dags/example_short_circuit_operator.py
[2023-05-12T19:11:09.658+0000] {processor.py:799} INFO - Processing file /home/airflow/.local/lib/python3.7/site-packages/airflow/example_dags/example_short_circuit_operator.py for tasks to queue
[2023-05-12T19:11:09.661+0000] {logging_mixin.py:149} INFO - [2023-05-12T19:11:09.661+0000] {dagbag.py:541} INFO - Filling up the DagBag from /home/airflow/.local/lib/python3.7/site-packages/airflow/example_dags/example_short_circuit_operator.py
[2023-05-12T19:11:09.758+0000] {processor.py:809} INFO - DAG(s) dict_keys(['example_short_circuit_operator']) retrieved from /home/airflow/.local/lib/python3.7/site-packages/airflow/example_dags/example_short_circuit_operator.py
[2023-05-12T19:11:10.078+0000] {logging_mixin.py:149} INFO - [2023-05-12T19:11:10.077+0000] {dag.py:2726} INFO - Sync 1 DAGs
[2023-05-12T19:11:10.226+0000] {logging_mixin.py:149} INFO - [2023-05-12T19:11:10.226+0000] {dag.py:3490} INFO - Setting next_dagrun for example_short_circuit_operator to 2023-05-11T19:11:10.225692+00:00, run_after=2023-05-12T19:11:10.225692+00:00
[2023-05-12T19:11:10.410+0000] {processor.py:178} INFO - Processing /home/airflow/.local/lib/python3.7/site-packages/airflow/example_dags/example_short_circuit_operator.py took 0.770 seconds
[2023-05-12T19:11:41.243+0000] {processor.py:156} INFO - Started process (PID=442) to work on /home/airflow/.local/lib/python3.7/site-packages/airflow/example_dags/example_short_circuit_operator.py
[2023-05-12T19:11:41.250+0000] {processor.py:799} INFO - Processing file /home/airflow/.local/lib/python3.7/site-packages/airflow/example_dags/example_short_circuit_operator.py for tasks to queue
[2023-05-12T19:11:41.253+0000] {logging_mixin.py:149} INFO - [2023-05-12T19:11:41.252+0000] {dagbag.py:541} INFO - Filling up the DagBag from /home/airflow/.local/lib/python3.7/site-packages/airflow/example_dags/example_short_circuit_operator.py
[2023-05-12T19:11:41.277+0000] {processor.py:809} INFO - DAG(s) dict_keys(['example_short_circuit_operator']) retrieved from /home/airflow/.local/lib/python3.7/site-packages/airflow/example_dags/example_short_circuit_operator.py
[2023-05-12T19:11:41.381+0000] {logging_mixin.py:149} INFO - [2023-05-12T19:11:41.381+0000] {dag.py:2726} INFO - Sync 1 DAGs
[2023-05-12T19:11:41.569+0000] {logging_mixin.py:149} INFO - [2023-05-12T19:11:41.569+0000] {dag.py:3490} INFO - Setting next_dagrun for example_short_circuit_operator to 2023-05-11T19:11:41.568654+00:00, run_after=2023-05-12T19:11:41.568654+00:00
[2023-05-12T19:11:41.749+0000] {processor.py:178} INFO - Processing /home/airflow/.local/lib/python3.7/site-packages/airflow/example_dags/example_short_circuit_operator.py took 0.515 seconds
