[2023-05-12T19:08:13.143+0000] {processor.py:156} INFO - Started process (PID=100) to work on /home/airflow/.local/lib/python3.7/site-packages/airflow/example_dags/tutorial_dag.py
[2023-05-12T19:08:13.228+0000] {processor.py:799} INFO - Processing file /home/airflow/.local/lib/python3.7/site-packages/airflow/example_dags/tutorial_dag.py for tasks to queue
[2023-05-12T19:08:13.233+0000] {logging_mixin.py:149} INFO - [2023-05-12T19:08:13.233+0000] {dagbag.py:541} INFO - Filling up the DagBag from /home/airflow/.local/lib/python3.7/site-packages/airflow/example_dags/tutorial_dag.py
[2023-05-12T19:08:13.316+0000] {processor.py:809} INFO - DAG(s) dict_keys(['tutorial_dag']) retrieved from /home/airflow/.local/lib/python3.7/site-packages/airflow/example_dags/tutorial_dag.py
[2023-05-12T19:08:14.640+0000] {logging_mixin.py:149} INFO - [2023-05-12T19:08:14.640+0000] {manager.py:504} INFO - Created Permission View: can delete on DAG:tutorial_dag
[2023-05-12T19:08:14.762+0000] {logging_mixin.py:149} INFO - [2023-05-12T19:08:14.762+0000] {manager.py:504} INFO - Created Permission View: can edit on DAG:tutorial_dag
[2023-05-12T19:08:14.940+0000] {logging_mixin.py:149} INFO - [2023-05-12T19:08:14.939+0000] {manager.py:504} INFO - Created Permission View: can read on DAG:tutorial_dag
[2023-05-12T19:08:14.942+0000] {logging_mixin.py:149} INFO - [2023-05-12T19:08:14.942+0000] {dag.py:2726} INFO - Sync 1 DAGs
[2023-05-12T19:08:14.977+0000] {logging_mixin.py:149} INFO - [2023-05-12T19:08:14.977+0000] {dag.py:2747} INFO - Creating ORM DAG for tutorial_dag
[2023-05-12T19:08:15.004+0000] {logging_mixin.py:149} INFO - [2023-05-12T19:08:15.004+0000] {dag.py:3490} INFO - Setting next_dagrun for tutorial_dag to None, run_after=None
[2023-05-12T19:08:15.181+0000] {processor.py:178} INFO - Processing /home/airflow/.local/lib/python3.7/site-packages/airflow/example_dags/tutorial_dag.py took 2.047 seconds
[2023-05-12T19:09:10.004+0000] {processor.py:156} INFO - Started process (PID=179) to work on /home/airflow/.local/lib/python3.7/site-packages/airflow/example_dags/tutorial_dag.py
[2023-05-12T19:09:10.007+0000] {processor.py:799} INFO - Processing file /home/airflow/.local/lib/python3.7/site-packages/airflow/example_dags/tutorial_dag.py for tasks to queue
[2023-05-12T19:09:10.009+0000] {logging_mixin.py:149} INFO - [2023-05-12T19:09:10.009+0000] {dagbag.py:541} INFO - Filling up the DagBag from /home/airflow/.local/lib/python3.7/site-packages/airflow/example_dags/tutorial_dag.py
[2023-05-12T19:09:10.053+0000] {processor.py:809} INFO - DAG(s) dict_keys(['tutorial_dag']) retrieved from /home/airflow/.local/lib/python3.7/site-packages/airflow/example_dags/tutorial_dag.py
[2023-05-12T19:09:10.129+0000] {logging_mixin.py:149} INFO - [2023-05-12T19:09:10.129+0000] {dag.py:2726} INFO - Sync 1 DAGs
[2023-05-12T19:09:10.228+0000] {logging_mixin.py:149} INFO - [2023-05-12T19:09:10.227+0000] {dag.py:3490} INFO - Setting next_dagrun for tutorial_dag to None, run_after=None
[2023-05-12T19:09:10.510+0000] {processor.py:178} INFO - Processing /home/airflow/.local/lib/python3.7/site-packages/airflow/example_dags/tutorial_dag.py took 0.512 seconds
[2023-05-12T19:09:44.676+0000] {processor.py:156} INFO - Started process (PID=237) to work on /home/airflow/.local/lib/python3.7/site-packages/airflow/example_dags/tutorial_dag.py
[2023-05-12T19:09:44.678+0000] {processor.py:799} INFO - Processing file /home/airflow/.local/lib/python3.7/site-packages/airflow/example_dags/tutorial_dag.py for tasks to queue
[2023-05-12T19:09:44.681+0000] {logging_mixin.py:149} INFO - [2023-05-12T19:09:44.680+0000] {dagbag.py:541} INFO - Filling up the DagBag from /home/airflow/.local/lib/python3.7/site-packages/airflow/example_dags/tutorial_dag.py
[2023-05-12T19:09:44.693+0000] {processor.py:809} INFO - DAG(s) dict_keys(['tutorial_dag']) retrieved from /home/airflow/.local/lib/python3.7/site-packages/airflow/example_dags/tutorial_dag.py
[2023-05-12T19:09:44.744+0000] {logging_mixin.py:149} INFO - [2023-05-12T19:09:44.744+0000] {dag.py:2726} INFO - Sync 1 DAGs
[2023-05-12T19:09:44.810+0000] {logging_mixin.py:149} INFO - [2023-05-12T19:09:44.809+0000] {dag.py:3490} INFO - Setting next_dagrun for tutorial_dag to None, run_after=None
[2023-05-12T19:09:45.081+0000] {processor.py:178} INFO - Processing /home/airflow/.local/lib/python3.7/site-packages/airflow/example_dags/tutorial_dag.py took 0.412 seconds
[2023-05-12T19:10:16.188+0000] {processor.py:156} INFO - Started process (PID=294) to work on /home/airflow/.local/lib/python3.7/site-packages/airflow/example_dags/tutorial_dag.py
[2023-05-12T19:10:16.190+0000] {processor.py:799} INFO - Processing file /home/airflow/.local/lib/python3.7/site-packages/airflow/example_dags/tutorial_dag.py for tasks to queue
[2023-05-12T19:10:16.192+0000] {logging_mixin.py:149} INFO - [2023-05-12T19:10:16.192+0000] {dagbag.py:541} INFO - Filling up the DagBag from /home/airflow/.local/lib/python3.7/site-packages/airflow/example_dags/tutorial_dag.py
[2023-05-12T19:10:16.204+0000] {processor.py:809} INFO - DAG(s) dict_keys(['tutorial_dag']) retrieved from /home/airflow/.local/lib/python3.7/site-packages/airflow/example_dags/tutorial_dag.py
[2023-05-12T19:10:16.252+0000] {logging_mixin.py:149} INFO - [2023-05-12T19:10:16.251+0000] {dag.py:2726} INFO - Sync 1 DAGs
[2023-05-12T19:10:16.320+0000] {logging_mixin.py:149} INFO - [2023-05-12T19:10:16.320+0000] {dag.py:3490} INFO - Setting next_dagrun for tutorial_dag to None, run_after=None
[2023-05-12T19:10:16.454+0000] {processor.py:178} INFO - Processing /home/airflow/.local/lib/python3.7/site-packages/airflow/example_dags/tutorial_dag.py took 0.274 seconds
[2023-05-12T19:10:48.737+0000] {processor.py:156} INFO - Started process (PID=353) to work on /home/airflow/.local/lib/python3.7/site-packages/airflow/example_dags/tutorial_dag.py
[2023-05-12T19:10:48.739+0000] {processor.py:799} INFO - Processing file /home/airflow/.local/lib/python3.7/site-packages/airflow/example_dags/tutorial_dag.py for tasks to queue
[2023-05-12T19:10:48.744+0000] {logging_mixin.py:149} INFO - [2023-05-12T19:10:48.744+0000] {dagbag.py:541} INFO - Filling up the DagBag from /home/airflow/.local/lib/python3.7/site-packages/airflow/example_dags/tutorial_dag.py
[2023-05-12T19:10:48.769+0000] {processor.py:809} INFO - DAG(s) dict_keys(['tutorial_dag']) retrieved from /home/airflow/.local/lib/python3.7/site-packages/airflow/example_dags/tutorial_dag.py
[2023-05-12T19:10:48.875+0000] {logging_mixin.py:149} INFO - [2023-05-12T19:10:48.874+0000] {dag.py:2726} INFO - Sync 1 DAGs
[2023-05-12T19:10:48.984+0000] {logging_mixin.py:149} INFO - [2023-05-12T19:10:48.984+0000] {dag.py:3490} INFO - Setting next_dagrun for tutorial_dag to None, run_after=None
[2023-05-12T19:10:49.140+0000] {processor.py:178} INFO - Processing /home/airflow/.local/lib/python3.7/site-packages/airflow/example_dags/tutorial_dag.py took 0.409 seconds
[2023-05-12T19:11:23.969+0000] {processor.py:156} INFO - Started process (PID=417) to work on /home/airflow/.local/lib/python3.7/site-packages/airflow/example_dags/tutorial_dag.py
[2023-05-12T19:11:23.972+0000] {processor.py:799} INFO - Processing file /home/airflow/.local/lib/python3.7/site-packages/airflow/example_dags/tutorial_dag.py for tasks to queue
[2023-05-12T19:11:23.974+0000] {logging_mixin.py:149} INFO - [2023-05-12T19:11:23.974+0000] {dagbag.py:541} INFO - Filling up the DagBag from /home/airflow/.local/lib/python3.7/site-packages/airflow/example_dags/tutorial_dag.py
[2023-05-12T19:11:23.992+0000] {processor.py:809} INFO - DAG(s) dict_keys(['tutorial_dag']) retrieved from /home/airflow/.local/lib/python3.7/site-packages/airflow/example_dags/tutorial_dag.py
[2023-05-12T19:11:24.098+0000] {logging_mixin.py:149} INFO - [2023-05-12T19:11:24.097+0000] {dag.py:2726} INFO - Sync 1 DAGs
[2023-05-12T19:11:24.196+0000] {logging_mixin.py:149} INFO - [2023-05-12T19:11:24.196+0000] {dag.py:3490} INFO - Setting next_dagrun for tutorial_dag to None, run_after=None
[2023-05-12T19:11:24.396+0000] {processor.py:178} INFO - Processing /home/airflow/.local/lib/python3.7/site-packages/airflow/example_dags/tutorial_dag.py took 0.450 seconds
