[2023-05-12T19:07:37.442+0000] {processor.py:156} INFO - Started process (PID=67) to work on /home/airflow/.local/lib/python3.7/site-packages/airflow/example_dags/tutorial_taskflow_api_virtualenv.py
[2023-05-12T19:07:37.444+0000] {processor.py:799} INFO - Processing file /home/airflow/.local/lib/python3.7/site-packages/airflow/example_dags/tutorial_taskflow_api_virtualenv.py for tasks to queue
[2023-05-12T19:07:37.509+0000] {logging_mixin.py:149} INFO - [2023-05-12T19:07:37.465+0000] {dagbag.py:541} INFO - Filling up the DagBag from /home/airflow/.local/lib/python3.7/site-packages/airflow/example_dags/tutorial_taskflow_api_virtualenv.py
[2023-05-12T19:07:37.840+0000] {processor.py:809} INFO - DAG(s) dict_keys(['tutorial_taskflow_api_virtualenv']) retrieved from /home/airflow/.local/lib/python3.7/site-packages/airflow/example_dags/tutorial_taskflow_api_virtualenv.py
[2023-05-12T19:07:39.595+0000] {logging_mixin.py:149} INFO - [2023-05-12T19:07:39.595+0000] {manager.py:504} INFO - Created Permission View: can delete on DAG:tutorial_taskflow_api_virtualenv
[2023-05-12T19:07:39.703+0000] {logging_mixin.py:149} INFO - [2023-05-12T19:07:39.701+0000] {manager.py:504} INFO - Created Permission View: can edit on DAG:tutorial_taskflow_api_virtualenv
[2023-05-12T19:07:39.810+0000] {logging_mixin.py:149} INFO - [2023-05-12T19:07:39.810+0000] {manager.py:504} INFO - Created Permission View: can read on DAG:tutorial_taskflow_api_virtualenv
[2023-05-12T19:07:39.821+0000] {logging_mixin.py:149} INFO - [2023-05-12T19:07:39.820+0000] {dag.py:2726} INFO - Sync 1 DAGs
[2023-05-12T19:07:40.034+0000] {logging_mixin.py:149} INFO - [2023-05-12T19:07:40.033+0000] {dag.py:2747} INFO - Creating ORM DAG for tutorial_taskflow_api_virtualenv
[2023-05-12T19:07:40.230+0000] {logging_mixin.py:149} INFO - [2023-05-12T19:07:40.230+0000] {dag.py:3490} INFO - Setting next_dagrun for tutorial_taskflow_api_virtualenv to None, run_after=None
[2023-05-12T19:07:40.374+0000] {processor.py:178} INFO - Processing /home/airflow/.local/lib/python3.7/site-packages/airflow/example_dags/tutorial_taskflow_api_virtualenv.py took 2.944 seconds
[2023-05-12T19:08:35.080+0000] {processor.py:156} INFO - Started process (PID=131) to work on /home/airflow/.local/lib/python3.7/site-packages/airflow/example_dags/tutorial_taskflow_api_virtualenv.py
[2023-05-12T19:08:35.083+0000] {processor.py:799} INFO - Processing file /home/airflow/.local/lib/python3.7/site-packages/airflow/example_dags/tutorial_taskflow_api_virtualenv.py for tasks to queue
[2023-05-12T19:08:35.086+0000] {logging_mixin.py:149} INFO - [2023-05-12T19:08:35.086+0000] {dagbag.py:541} INFO - Filling up the DagBag from /home/airflow/.local/lib/python3.7/site-packages/airflow/example_dags/tutorial_taskflow_api_virtualenv.py
[2023-05-12T19:08:35.384+0000] {processor.py:809} INFO - DAG(s) dict_keys(['tutorial_taskflow_api_virtualenv']) retrieved from /home/airflow/.local/lib/python3.7/site-packages/airflow/example_dags/tutorial_taskflow_api_virtualenv.py
[2023-05-12T19:08:35.488+0000] {logging_mixin.py:149} INFO - [2023-05-12T19:08:35.487+0000] {dag.py:2726} INFO - Sync 1 DAGs
[2023-05-12T19:08:35.591+0000] {logging_mixin.py:149} INFO - [2023-05-12T19:08:35.591+0000] {dag.py:3490} INFO - Setting next_dagrun for tutorial_taskflow_api_virtualenv to None, run_after=None
[2023-05-12T19:08:36.009+0000] {processor.py:178} INFO - Processing /home/airflow/.local/lib/python3.7/site-packages/airflow/example_dags/tutorial_taskflow_api_virtualenv.py took 0.941 seconds
[2023-05-12T19:09:11.785+0000] {processor.py:156} INFO - Started process (PID=184) to work on /home/airflow/.local/lib/python3.7/site-packages/airflow/example_dags/tutorial_taskflow_api_virtualenv.py
[2023-05-12T19:09:11.788+0000] {processor.py:799} INFO - Processing file /home/airflow/.local/lib/python3.7/site-packages/airflow/example_dags/tutorial_taskflow_api_virtualenv.py for tasks to queue
[2023-05-12T19:09:11.790+0000] {logging_mixin.py:149} INFO - [2023-05-12T19:09:11.790+0000] {dagbag.py:541} INFO - Filling up the DagBag from /home/airflow/.local/lib/python3.7/site-packages/airflow/example_dags/tutorial_taskflow_api_virtualenv.py
[2023-05-12T19:09:11.808+0000] {processor.py:809} INFO - DAG(s) dict_keys(['tutorial_taskflow_api_virtualenv']) retrieved from /home/airflow/.local/lib/python3.7/site-packages/airflow/example_dags/tutorial_taskflow_api_virtualenv.py
[2023-05-12T19:09:11.870+0000] {logging_mixin.py:149} INFO - [2023-05-12T19:09:11.869+0000] {dag.py:2726} INFO - Sync 1 DAGs
[2023-05-12T19:09:11.945+0000] {logging_mixin.py:149} INFO - [2023-05-12T19:09:11.945+0000] {dag.py:3490} INFO - Setting next_dagrun for tutorial_taskflow_api_virtualenv to None, run_after=None
[2023-05-12T19:09:12.097+0000] {processor.py:178} INFO - Processing /home/airflow/.local/lib/python3.7/site-packages/airflow/example_dags/tutorial_taskflow_api_virtualenv.py took 0.318 seconds
[2023-05-12T19:09:45.324+0000] {processor.py:156} INFO - Started process (PID=241) to work on /home/airflow/.local/lib/python3.7/site-packages/airflow/example_dags/tutorial_taskflow_api_virtualenv.py
[2023-05-12T19:09:45.326+0000] {processor.py:799} INFO - Processing file /home/airflow/.local/lib/python3.7/site-packages/airflow/example_dags/tutorial_taskflow_api_virtualenv.py for tasks to queue
[2023-05-12T19:09:45.329+0000] {logging_mixin.py:149} INFO - [2023-05-12T19:09:45.328+0000] {dagbag.py:541} INFO - Filling up the DagBag from /home/airflow/.local/lib/python3.7/site-packages/airflow/example_dags/tutorial_taskflow_api_virtualenv.py
[2023-05-12T19:09:45.344+0000] {processor.py:809} INFO - DAG(s) dict_keys(['tutorial_taskflow_api_virtualenv']) retrieved from /home/airflow/.local/lib/python3.7/site-packages/airflow/example_dags/tutorial_taskflow_api_virtualenv.py
[2023-05-12T19:09:45.408+0000] {logging_mixin.py:149} INFO - [2023-05-12T19:09:45.408+0000] {dag.py:2726} INFO - Sync 1 DAGs
[2023-05-12T19:09:45.477+0000] {logging_mixin.py:149} INFO - [2023-05-12T19:09:45.477+0000] {dag.py:3490} INFO - Setting next_dagrun for tutorial_taskflow_api_virtualenv to None, run_after=None
[2023-05-12T19:09:45.793+0000] {processor.py:178} INFO - Processing /home/airflow/.local/lib/python3.7/site-packages/airflow/example_dags/tutorial_taskflow_api_virtualenv.py took 0.475 seconds
[2023-05-12T19:10:16.529+0000] {processor.py:156} INFO - Started process (PID=296) to work on /home/airflow/.local/lib/python3.7/site-packages/airflow/example_dags/tutorial_taskflow_api_virtualenv.py
[2023-05-12T19:10:16.531+0000] {processor.py:799} INFO - Processing file /home/airflow/.local/lib/python3.7/site-packages/airflow/example_dags/tutorial_taskflow_api_virtualenv.py for tasks to queue
[2023-05-12T19:10:16.533+0000] {logging_mixin.py:149} INFO - [2023-05-12T19:10:16.533+0000] {dagbag.py:541} INFO - Filling up the DagBag from /home/airflow/.local/lib/python3.7/site-packages/airflow/example_dags/tutorial_taskflow_api_virtualenv.py
[2023-05-12T19:10:16.547+0000] {processor.py:809} INFO - DAG(s) dict_keys(['tutorial_taskflow_api_virtualenv']) retrieved from /home/airflow/.local/lib/python3.7/site-packages/airflow/example_dags/tutorial_taskflow_api_virtualenv.py
[2023-05-12T19:10:16.596+0000] {logging_mixin.py:149} INFO - [2023-05-12T19:10:16.596+0000] {dag.py:2726} INFO - Sync 1 DAGs
[2023-05-12T19:10:16.673+0000] {logging_mixin.py:149} INFO - [2023-05-12T19:10:16.672+0000] {dag.py:3490} INFO - Setting next_dagrun for tutorial_taskflow_api_virtualenv to None, run_after=None
[2023-05-12T19:10:16.751+0000] {processor.py:178} INFO - Processing /home/airflow/.local/lib/python3.7/site-packages/airflow/example_dags/tutorial_taskflow_api_virtualenv.py took 0.234 seconds
[2023-05-12T19:10:47.250+0000] {processor.py:156} INFO - Started process (PID=348) to work on /home/airflow/.local/lib/python3.7/site-packages/airflow/example_dags/tutorial_taskflow_api_virtualenv.py
[2023-05-12T19:10:47.253+0000] {processor.py:799} INFO - Processing file /home/airflow/.local/lib/python3.7/site-packages/airflow/example_dags/tutorial_taskflow_api_virtualenv.py for tasks to queue
[2023-05-12T19:10:47.255+0000] {logging_mixin.py:149} INFO - [2023-05-12T19:10:47.255+0000] {dagbag.py:541} INFO - Filling up the DagBag from /home/airflow/.local/lib/python3.7/site-packages/airflow/example_dags/tutorial_taskflow_api_virtualenv.py
[2023-05-12T19:10:47.282+0000] {processor.py:809} INFO - DAG(s) dict_keys(['tutorial_taskflow_api_virtualenv']) retrieved from /home/airflow/.local/lib/python3.7/site-packages/airflow/example_dags/tutorial_taskflow_api_virtualenv.py
[2023-05-12T19:10:47.383+0000] {logging_mixin.py:149} INFO - [2023-05-12T19:10:47.382+0000] {dag.py:2726} INFO - Sync 1 DAGs
[2023-05-12T19:10:47.441+0000] {logging_mixin.py:149} INFO - [2023-05-12T19:10:47.441+0000] {dag.py:3490} INFO - Setting next_dagrun for tutorial_taskflow_api_virtualenv to None, run_after=None
[2023-05-12T19:10:47.580+0000] {processor.py:178} INFO - Processing /home/airflow/.local/lib/python3.7/site-packages/airflow/example_dags/tutorial_taskflow_api_virtualenv.py took 0.340 seconds
[2023-05-12T19:11:20.422+0000] {processor.py:156} INFO - Started process (PID=404) to work on /home/airflow/.local/lib/python3.7/site-packages/airflow/example_dags/tutorial_taskflow_api_virtualenv.py
[2023-05-12T19:11:20.425+0000] {processor.py:799} INFO - Processing file /home/airflow/.local/lib/python3.7/site-packages/airflow/example_dags/tutorial_taskflow_api_virtualenv.py for tasks to queue
[2023-05-12T19:11:20.428+0000] {logging_mixin.py:149} INFO - [2023-05-12T19:11:20.428+0000] {dagbag.py:541} INFO - Filling up the DagBag from /home/airflow/.local/lib/python3.7/site-packages/airflow/example_dags/tutorial_taskflow_api_virtualenv.py
[2023-05-12T19:11:20.451+0000] {processor.py:809} INFO - DAG(s) dict_keys(['tutorial_taskflow_api_virtualenv']) retrieved from /home/airflow/.local/lib/python3.7/site-packages/airflow/example_dags/tutorial_taskflow_api_virtualenv.py
[2023-05-12T19:11:20.515+0000] {logging_mixin.py:149} INFO - [2023-05-12T19:11:20.514+0000] {dag.py:2726} INFO - Sync 1 DAGs
[2023-05-12T19:11:20.593+0000] {logging_mixin.py:149} INFO - [2023-05-12T19:11:20.593+0000] {dag.py:3490} INFO - Setting next_dagrun for tutorial_taskflow_api_virtualenv to None, run_after=None
[2023-05-12T19:11:20.788+0000] {processor.py:178} INFO - Processing /home/airflow/.local/lib/python3.7/site-packages/airflow/example_dags/tutorial_taskflow_api_virtualenv.py took 0.376 seconds
[2023-05-12T19:11:52.206+0000] {processor.py:156} INFO - Started process (PID=460) to work on /home/airflow/.local/lib/python3.7/site-packages/airflow/example_dags/tutorial_taskflow_api_virtualenv.py
[2023-05-12T19:11:52.208+0000] {processor.py:799} INFO - Processing file /home/airflow/.local/lib/python3.7/site-packages/airflow/example_dags/tutorial_taskflow_api_virtualenv.py for tasks to queue
[2023-05-12T19:11:52.211+0000] {logging_mixin.py:149} INFO - [2023-05-12T19:11:52.210+0000] {dagbag.py:541} INFO - Filling up the DagBag from /home/airflow/.local/lib/python3.7/site-packages/airflow/example_dags/tutorial_taskflow_api_virtualenv.py
[2023-05-12T19:11:52.237+0000] {processor.py:809} INFO - DAG(s) dict_keys(['tutorial_taskflow_api_virtualenv']) retrieved from /home/airflow/.local/lib/python3.7/site-packages/airflow/example_dags/tutorial_taskflow_api_virtualenv.py
[2023-05-12T19:11:52.420+0000] {logging_mixin.py:149} INFO - [2023-05-12T19:11:52.420+0000] {dag.py:2726} INFO - Sync 1 DAGs
[2023-05-12T19:11:52.522+0000] {logging_mixin.py:149} INFO - [2023-05-12T19:11:52.521+0000] {dag.py:3490} INFO - Setting next_dagrun for tutorial_taskflow_api_virtualenv to None, run_after=None
[2023-05-12T19:11:52.679+0000] {processor.py:178} INFO - Processing /home/airflow/.local/lib/python3.7/site-packages/airflow/example_dags/tutorial_taskflow_api_virtualenv.py took 0.483 seconds
