[2023-05-12T19:08:06.279+0000] {processor.py:156} INFO - Started process (PID=94) to work on /home/airflow/.local/lib/python3.7/site-packages/airflow/example_dags/tutorial.py
[2023-05-12T19:08:06.282+0000] {processor.py:799} INFO - Processing file /home/airflow/.local/lib/python3.7/site-packages/airflow/example_dags/tutorial.py for tasks to queue
[2023-05-12T19:08:06.285+0000] {logging_mixin.py:149} INFO - [2023-05-12T19:08:06.285+0000] {dagbag.py:541} INFO - Filling up the DagBag from /home/airflow/.local/lib/python3.7/site-packages/airflow/example_dags/tutorial.py
[2023-05-12T19:08:06.331+0000] {processor.py:809} INFO - DAG(s) dict_keys(['tutorial']) retrieved from /home/airflow/.local/lib/python3.7/site-packages/airflow/example_dags/tutorial.py
[2023-05-12T19:08:06.953+0000] {logging_mixin.py:149} INFO - [2023-05-12T19:08:06.953+0000] {manager.py:504} INFO - Created Permission View: can delete on DAG:tutorial
[2023-05-12T19:08:07.174+0000] {logging_mixin.py:149} INFO - [2023-05-12T19:08:07.174+0000] {manager.py:504} INFO - Created Permission View: can edit on DAG:tutorial
[2023-05-12T19:08:07.374+0000] {logging_mixin.py:149} INFO - [2023-05-12T19:08:07.374+0000] {manager.py:504} INFO - Created Permission View: can read on DAG:tutorial
[2023-05-12T19:08:07.376+0000] {logging_mixin.py:149} INFO - [2023-05-12T19:08:07.376+0000] {dag.py:2726} INFO - Sync 1 DAGs
[2023-05-12T19:08:07.411+0000] {logging_mixin.py:149} INFO - [2023-05-12T19:08:07.411+0000] {dag.py:2747} INFO - Creating ORM DAG for tutorial
[2023-05-12T19:08:07.438+0000] {logging_mixin.py:149} INFO - [2023-05-12T19:08:07.437+0000] {dag.py:3490} INFO - Setting next_dagrun for tutorial to 2023-05-11T19:08:07.437353+00:00, run_after=2023-05-12T19:08:07.437353+00:00
[2023-05-12T19:08:07.584+0000] {processor.py:178} INFO - Processing /home/airflow/.local/lib/python3.7/site-packages/airflow/example_dags/tutorial.py took 1.312 seconds
[2023-05-12T19:09:02.272+0000] {processor.py:156} INFO - Started process (PID=159) to work on /home/airflow/.local/lib/python3.7/site-packages/airflow/example_dags/tutorial.py
[2023-05-12T19:09:02.274+0000] {processor.py:799} INFO - Processing file /home/airflow/.local/lib/python3.7/site-packages/airflow/example_dags/tutorial.py for tasks to queue
[2023-05-12T19:09:02.276+0000] {logging_mixin.py:149} INFO - [2023-05-12T19:09:02.276+0000] {dagbag.py:541} INFO - Filling up the DagBag from /home/airflow/.local/lib/python3.7/site-packages/airflow/example_dags/tutorial.py
[2023-05-12T19:09:02.959+0000] {processor.py:809} INFO - DAG(s) dict_keys(['tutorial']) retrieved from /home/airflow/.local/lib/python3.7/site-packages/airflow/example_dags/tutorial.py
[2023-05-12T19:09:03.017+0000] {logging_mixin.py:149} INFO - [2023-05-12T19:09:03.017+0000] {dag.py:2726} INFO - Sync 1 DAGs
[2023-05-12T19:09:03.073+0000] {logging_mixin.py:149} INFO - [2023-05-12T19:09:03.073+0000] {dag.py:3490} INFO - Setting next_dagrun for tutorial to 2023-05-11T19:09:03.072807+00:00, run_after=2023-05-12T19:09:03.072807+00:00
[2023-05-12T19:09:03.310+0000] {processor.py:178} INFO - Processing /home/airflow/.local/lib/python3.7/site-packages/airflow/example_dags/tutorial.py took 1.044 seconds
[2023-05-12T19:09:33.971+0000] {processor.py:156} INFO - Started process (PID=216) to work on /home/airflow/.local/lib/python3.7/site-packages/airflow/example_dags/tutorial.py
[2023-05-12T19:09:33.974+0000] {processor.py:799} INFO - Processing file /home/airflow/.local/lib/python3.7/site-packages/airflow/example_dags/tutorial.py for tasks to queue
[2023-05-12T19:09:33.976+0000] {logging_mixin.py:149} INFO - [2023-05-12T19:09:33.975+0000] {dagbag.py:541} INFO - Filling up the DagBag from /home/airflow/.local/lib/python3.7/site-packages/airflow/example_dags/tutorial.py
[2023-05-12T19:09:33.989+0000] {processor.py:809} INFO - DAG(s) dict_keys(['tutorial']) retrieved from /home/airflow/.local/lib/python3.7/site-packages/airflow/example_dags/tutorial.py
[2023-05-12T19:09:34.079+0000] {logging_mixin.py:149} INFO - [2023-05-12T19:09:34.079+0000] {dag.py:2726} INFO - Sync 1 DAGs
[2023-05-12T19:09:34.280+0000] {logging_mixin.py:149} INFO - [2023-05-12T19:09:34.271+0000] {dag.py:3490} INFO - Setting next_dagrun for tutorial to 2023-05-11T19:09:34.270396+00:00, run_after=2023-05-12T19:09:34.270396+00:00
[2023-05-12T19:09:34.501+0000] {processor.py:178} INFO - Processing /home/airflow/.local/lib/python3.7/site-packages/airflow/example_dags/tutorial.py took 0.536 seconds
[2023-05-12T19:10:05.176+0000] {processor.py:156} INFO - Started process (PID=268) to work on /home/airflow/.local/lib/python3.7/site-packages/airflow/example_dags/tutorial.py
[2023-05-12T19:10:05.178+0000] {processor.py:799} INFO - Processing file /home/airflow/.local/lib/python3.7/site-packages/airflow/example_dags/tutorial.py for tasks to queue
[2023-05-12T19:10:05.180+0000] {logging_mixin.py:149} INFO - [2023-05-12T19:10:05.179+0000] {dagbag.py:541} INFO - Filling up the DagBag from /home/airflow/.local/lib/python3.7/site-packages/airflow/example_dags/tutorial.py
[2023-05-12T19:10:05.192+0000] {processor.py:809} INFO - DAG(s) dict_keys(['tutorial']) retrieved from /home/airflow/.local/lib/python3.7/site-packages/airflow/example_dags/tutorial.py
[2023-05-12T19:10:05.242+0000] {logging_mixin.py:149} INFO - [2023-05-12T19:10:05.242+0000] {dag.py:2726} INFO - Sync 1 DAGs
[2023-05-12T19:10:05.297+0000] {logging_mixin.py:149} INFO - [2023-05-12T19:10:05.297+0000] {dag.py:3490} INFO - Setting next_dagrun for tutorial to 2023-05-11T19:10:05.296616+00:00, run_after=2023-05-12T19:10:05.296616+00:00
[2023-05-12T19:10:05.475+0000] {processor.py:178} INFO - Processing /home/airflow/.local/lib/python3.7/site-packages/airflow/example_dags/tutorial.py took 0.306 seconds
[2023-05-12T19:10:36.385+0000] {processor.py:156} INFO - Started process (PID=325) to work on /home/airflow/.local/lib/python3.7/site-packages/airflow/example_dags/tutorial.py
[2023-05-12T19:10:36.388+0000] {processor.py:799} INFO - Processing file /home/airflow/.local/lib/python3.7/site-packages/airflow/example_dags/tutorial.py for tasks to queue
[2023-05-12T19:10:36.390+0000] {logging_mixin.py:149} INFO - [2023-05-12T19:10:36.390+0000] {dagbag.py:541} INFO - Filling up the DagBag from /home/airflow/.local/lib/python3.7/site-packages/airflow/example_dags/tutorial.py
[2023-05-12T19:10:36.406+0000] {processor.py:809} INFO - DAG(s) dict_keys(['tutorial']) retrieved from /home/airflow/.local/lib/python3.7/site-packages/airflow/example_dags/tutorial.py
[2023-05-12T19:10:36.458+0000] {logging_mixin.py:149} INFO - [2023-05-12T19:10:36.458+0000] {dag.py:2726} INFO - Sync 1 DAGs
[2023-05-12T19:10:36.523+0000] {logging_mixin.py:149} INFO - [2023-05-12T19:10:36.522+0000] {dag.py:3490} INFO - Setting next_dagrun for tutorial to 2023-05-11T19:10:36.521653+00:00, run_after=2023-05-12T19:10:36.521653+00:00
[2023-05-12T19:10:36.659+0000] {processor.py:178} INFO - Processing /home/airflow/.local/lib/python3.7/site-packages/airflow/example_dags/tutorial.py took 0.280 seconds
[2023-05-12T19:11:07.428+0000] {processor.py:156} INFO - Started process (PID=382) to work on /home/airflow/.local/lib/python3.7/site-packages/airflow/example_dags/tutorial.py
[2023-05-12T19:11:07.431+0000] {processor.py:799} INFO - Processing file /home/airflow/.local/lib/python3.7/site-packages/airflow/example_dags/tutorial.py for tasks to queue
[2023-05-12T19:11:07.434+0000] {logging_mixin.py:149} INFO - [2023-05-12T19:11:07.434+0000] {dagbag.py:541} INFO - Filling up the DagBag from /home/airflow/.local/lib/python3.7/site-packages/airflow/example_dags/tutorial.py
[2023-05-12T19:11:07.484+0000] {processor.py:809} INFO - DAG(s) dict_keys(['tutorial']) retrieved from /home/airflow/.local/lib/python3.7/site-packages/airflow/example_dags/tutorial.py
[2023-05-12T19:11:07.581+0000] {logging_mixin.py:149} INFO - [2023-05-12T19:11:07.581+0000] {dag.py:2726} INFO - Sync 1 DAGs
[2023-05-12T19:11:07.680+0000] {logging_mixin.py:149} INFO - [2023-05-12T19:11:07.680+0000] {dag.py:3490} INFO - Setting next_dagrun for tutorial to 2023-05-11T19:11:07.679761+00:00, run_after=2023-05-12T19:11:07.679761+00:00
[2023-05-12T19:11:07.910+0000] {processor.py:178} INFO - Processing /home/airflow/.local/lib/python3.7/site-packages/airflow/example_dags/tutorial.py took 0.495 seconds
[2023-05-12T19:11:38.591+0000] {processor.py:156} INFO - Started process (PID=438) to work on /home/airflow/.local/lib/python3.7/site-packages/airflow/example_dags/tutorial.py
[2023-05-12T19:11:38.598+0000] {processor.py:799} INFO - Processing file /home/airflow/.local/lib/python3.7/site-packages/airflow/example_dags/tutorial.py for tasks to queue
[2023-05-12T19:11:38.600+0000] {logging_mixin.py:149} INFO - [2023-05-12T19:11:38.600+0000] {dagbag.py:541} INFO - Filling up the DagBag from /home/airflow/.local/lib/python3.7/site-packages/airflow/example_dags/tutorial.py
[2023-05-12T19:11:38.619+0000] {processor.py:809} INFO - DAG(s) dict_keys(['tutorial']) retrieved from /home/airflow/.local/lib/python3.7/site-packages/airflow/example_dags/tutorial.py
[2023-05-12T19:11:38.691+0000] {logging_mixin.py:149} INFO - [2023-05-12T19:11:38.690+0000] {dag.py:2726} INFO - Sync 1 DAGs
[2023-05-12T19:11:38.824+0000] {logging_mixin.py:149} INFO - [2023-05-12T19:11:38.824+0000] {dag.py:3490} INFO - Setting next_dagrun for tutorial to 2023-05-11T19:11:38.824018+00:00, run_after=2023-05-12T19:11:38.824018+00:00
[2023-05-12T19:11:40.788+0000] {processor.py:178} INFO - Processing /home/airflow/.local/lib/python3.7/site-packages/airflow/example_dags/tutorial.py took 2.204 seconds
